2021-06-24 02:13:21.060980: I tensorflow/stream_executor/platform/default/dso_loader.cc:49] Successfully opened dynamic library libcudart.so.11.0
2021-06-24 02:13:22.072404: I tensorflow/compiler/jit/xla_cpu_device.cc:41] Not creating XLA devices, tf_xla_enable_xla_devices not set
2021-06-24 02:13:22.073052: I tensorflow/stream_executor/platform/default/dso_loader.cc:49] Successfully opened dynamic library libcuda.so.1
2021-06-24 02:13:22.109652: I tensorflow/core/common_runtime/gpu/gpu_device.cc:1720] Found device 0 with properties: 
pciBusID: 0000:65:00.0 name: GeForce RTX 2070 SUPER computeCapability: 7.5
coreClock: 1.77GHz coreCount: 40 deviceMemorySize: 7.79GiB deviceMemoryBandwidth: 417.29GiB/s
2021-06-24 02:13:22.109691: I tensorflow/stream_executor/platform/default/dso_loader.cc:49] Successfully opened dynamic library libcudart.so.11.0
2021-06-24 02:13:22.111462: I tensorflow/stream_executor/platform/default/dso_loader.cc:49] Successfully opened dynamic library libcublas.so.11
2021-06-24 02:13:22.111526: I tensorflow/stream_executor/platform/default/dso_loader.cc:49] Successfully opened dynamic library libcublasLt.so.11
2021-06-24 02:13:22.112224: I tensorflow/stream_executor/platform/default/dso_loader.cc:49] Successfully opened dynamic library libcufft.so.10
2021-06-24 02:13:22.112402: I tensorflow/stream_executor/platform/default/dso_loader.cc:49] Successfully opened dynamic library libcurand.so.10
2021-06-24 02:13:22.114176: I tensorflow/stream_executor/platform/default/dso_loader.cc:49] Successfully opened dynamic library libcusolver.so.10
2021-06-24 02:13:22.114565: I tensorflow/stream_executor/platform/default/dso_loader.cc:49] Successfully opened dynamic library libcusparse.so.11
2021-06-24 02:13:22.114646: I tensorflow/stream_executor/platform/default/dso_loader.cc:49] Successfully opened dynamic library libcudnn.so.8
2021-06-24 02:13:22.115463: I tensorflow/core/common_runtime/gpu/gpu_device.cc:1862] Adding visible gpu devices: 0
2021-06-24 02:13:22.115779: I tensorflow/core/platform/cpu_feature_guard.cc:142] This TensorFlow binary is optimized with oneAPI Deep Neural Network Library (oneDNN) to use the following CPU instructions in performance-critical operations:  AVX2 AVX512F FMA
To enable them in other operations, rebuild TensorFlow with the appropriate compiler flags.
2021-06-24 02:13:22.116483: I tensorflow/compiler/jit/xla_gpu_device.cc:99] Not creating XLA devices, tf_xla_enable_xla_devices not set
2021-06-24 02:13:22.116941: I tensorflow/core/common_runtime/gpu/gpu_device.cc:1720] Found device 0 with properties: 
pciBusID: 0000:65:00.0 name: GeForce RTX 2070 SUPER computeCapability: 7.5
coreClock: 1.77GHz coreCount: 40 deviceMemorySize: 7.79GiB deviceMemoryBandwidth: 417.29GiB/s
2021-06-24 02:13:22.116959: I tensorflow/stream_executor/platform/default/dso_loader.cc:49] Successfully opened dynamic library libcudart.so.11.0
2021-06-24 02:13:22.116980: I tensorflow/stream_executor/platform/default/dso_loader.cc:49] Successfully opened dynamic library libcublas.so.11
2021-06-24 02:13:22.116986: I tensorflow/stream_executor/platform/default/dso_loader.cc:49] Successfully opened dynamic library libcublasLt.so.11
2021-06-24 02:13:22.116993: I tensorflow/stream_executor/platform/default/dso_loader.cc:49] Successfully opened dynamic library libcufft.so.10
2021-06-24 02:13:22.116999: I tensorflow/stream_executor/platform/default/dso_loader.cc:49] Successfully opened dynamic library libcurand.so.10
2021-06-24 02:13:22.117006: I tensorflow/stream_executor/platform/default/dso_loader.cc:49] Successfully opened dynamic library libcusolver.so.10
2021-06-24 02:13:22.117012: I tensorflow/stream_executor/platform/default/dso_loader.cc:49] Successfully opened dynamic library libcusparse.so.11
2021-06-24 02:13:22.117018: I tensorflow/stream_executor/platform/default/dso_loader.cc:49] Successfully opened dynamic library libcudnn.so.8
2021-06-24 02:13:22.117725: I tensorflow/core/common_runtime/gpu/gpu_device.cc:1862] Adding visible gpu devices: 0
2021-06-24 02:13:22.117746: I tensorflow/stream_executor/platform/default/dso_loader.cc:49] Successfully opened dynamic library libcudart.so.11.0
2021-06-24 02:13:22.491383: I tensorflow/core/common_runtime/gpu/gpu_device.cc:1261] Device interconnect StreamExecutor with strength 1 edge matrix:
2021-06-24 02:13:22.491423: I tensorflow/core/common_runtime/gpu/gpu_device.cc:1267]      0 
2021-06-24 02:13:22.491428: I tensorflow/core/common_runtime/gpu/gpu_device.cc:1280] 0:   N 
2021-06-24 02:13:22.492784: I tensorflow/core/common_runtime/gpu/gpu_device.cc:1406] Created TensorFlow device (/job:localhost/replica:0/task:0/device:GPU:0 with 6948 MB memory) -> physical GPU (device: 0, name: GeForce RTX 2070 SUPER, pci bus id: 0000:65:00.0, compute capability: 7.5)
I0624 02:13:23.126126 140413848123200 train_utils.py:285] Final experiment parameters: {'runtime': {'all_reduce_alg': None,
             'batchnorm_spatial_persistent': False,
             'dataset_num_private_threads': None,
             'default_shard_dim': -1,
             'distribution_strategy': 'mirrored',
             'enable_xla': False,
             'gpu_thread_mode': None,
             'loss_scale': 'dynamic',
             'mixed_precision_dtype': 'float16',
             'num_cores_per_replica': 1,
             'num_gpus': 1,
             'num_packs': 1,
             'per_gpu_thread_count': 0,
             'run_eagerly': False,
             'task_index': -1,
             'tpu': None,
             'worker_hosts': None},
 'task': {'annotation_file': None,
          'darknet_load_decoder': False,
          'gradient_clip_norm': 0.0,
          'init_checkpoint': '',
          'init_checkpoint_modules': None,
          'load_darknet_weights': False,
          'model': {'base': {'type': None},
                    'boxes': ['[12.0, 16.0]',
                              '[19.0, 36.0]',
                              '[40.0, 28.0]',
                              '[36.0, 75.0]',
                              '[76.0, 55.0]',
                              '[72.0, 146.0]',
                              '[142.0, 110.0]',
                              '[192.0, 243.0]',
                              '[459.0, 401.0]'],
                    'boxes_per_scale': 3,
                    'filter': {'anchor_generation_scale': 512,
                               'cls_normalizer': {'3': 1.0,
                                                  '4': 1.0,
                                                  '5': 1.0,
                                                  'all': 1.0},
                               'ignore_thresh': {'3': 0.7,
                                                 '4': 0.7,
                                                 '5': 0.7,
                                                 'all': 0.7},
                               'iou_normalizer': {'3': 0.75,
                                                  '4': 0.75,
                                                  '5': 0.75,
                                                  'all': 0.07},
                               'iou_thresh': 0.001,
                               'label_smoothing': 0.0,
                               'loss_type': {'3': 'ciou',
                                             '4': 'ciou',
                                             '5': 'ciou',
                                             'all': 'ciou'},
                               'max_boxes': 200,
                               'max_delta': {'3': inf,
                                             '4': inf,
                                             '5': inf,
                                             'all': None},
                               'max_level': 5,
                               'min_level': 3,
                               'new_cords': {'3': True,
                                             '4': True,
                                             '5': True,
                                             'all': False},
                               'nms_thresh': 0.5,
                               'nms_type': 'weighted_diou',
                               'obj_normalizer': {'3': 1.0,
                                                  '4': 1.0,
                                                  '5': 1.0,
                                                  'all': 1.0},
                               'objectness_smooth': {'3': 0.0,
                                                     '4': 0.0,
                                                     '5': 0.0,
                                                     'all': 0.0},
                               'path_scales': {'3': 8, '4': 16, '5': 32},
                               'pre_nms_points': 500,
                               'scale_xy': {'3': 1.2,
                                            '4': 1.1,
                                            '5': 1.05,
                                            'all': None},
                               'truth_thresh': {'3': 1.0,
                                                '4': 1.0,
                                                '5': 1.0,
                                                'all': None},
                               'use_scaled_loss': False},
                    'input_size': [512, 512, 3],
                    'max_level': 5,
                    'min_level': 3,
                    'norm_activation': {'activation': 'mish',
                                        'norm_epsilon': 0.001,
                                        'norm_momentum': 0.99,
                                        'use_sync_bn': True},
                    'num_classes': 91,
                    'subdivisions': 1},
          'per_category_metrics': False,
          'train_data': {'block_length': 1,
                         'cache': False,
                         'cycle_length': None,
                         'decoder': {'simple_decoder': {'regenerate_source_id': False},
                                     'type': 'simple_decoder'},
                         'deterministic': None,
                         'drop_remainder': True,
                         'dtype': 'bfloat16',
                         'enable_tf_data_service': False,
                         'global_batch_size': 4,
                         'input_path': '/media/vbanna/DATA_SHARE/CV/datasets/COCO_raw/records/train*',
                         'is_training': True,
                         'parser': {'anchor_thresh': 0.213,
                                    'aug_rand_angle': 0.0,
                                    'aug_rand_brightness': 0.6,
                                    'aug_rand_crop': 0.0,
                                    'aug_rand_hue': 0.1,
                                    'aug_rand_saturation': 0.5,
                                    'aug_rand_translate': 0.0,
                                    'aug_scale_aspect': 0.3,
                                    'aug_scale_max': 2.0,
                                    'aug_scale_min': 0.1,
                                    'letter_box': False,
                                    'max_num_instances': 200,
                                    'mosaic': {'aspect_ratio_mode': 'crop',
                                               'aug_rand_crop': 0.5,
                                               'aug_scale_max': 1.0,
                                               'aug_scale_min': 1.0,
                                               'crop_area': [0.35, 1.0],
                                               'crop_area_mosaic': [0.4, 2.0],
                                               'max_resolution': 640,
                                               'mosaic_crop_mode': 'crop_scale',
                                               'mosaic_frequency': 0.85,
                                               'output_resolution': [640, 640]},
                                    'random_flip': True,
                                    'random_pad': True,
                                    'use_scale_xy': False,
                                    'use_tie_breaker': True},
                         'sharding': True,
                         'shuffle_buffer_size': 10000,
                         'tf_data_service_address': None,
                         'tf_data_service_job_name': None,
                         'tfds_as_supervised': False,
                         'tfds_data_dir': '',
                         'tfds_download': True,
                         'tfds_name': None,
                         'tfds_skip_decoding_feature': '',
                         'tfds_split': None},
          'validation_data': {'block_length': 1,
                              'cache': False,
                              'cycle_length': None,
                              'decoder': {'simple_decoder': {'regenerate_source_id': False},
                                          'type': 'simple_decoder'},
                              'deterministic': None,
                              'drop_remainder': True,
                              'dtype': 'bfloat16',
                              'enable_tf_data_service': False,
                              'global_batch_size': 8,
                              'input_path': '/media/vbanna/DATA_SHARE/CV/datasets/COCO_raw/records/val*',
                              'is_training': False,
                              'parser': {'anchor_thresh': 0.213,
                                         'aug_rand_angle': 0.0,
                                         'aug_rand_brightness': 0.0,
                                         'aug_rand_crop': 0.0,
                                         'aug_rand_hue': 0.0,
                                         'aug_rand_saturation': 0.0,
                                         'aug_rand_translate': 0.0,
                                         'aug_scale_aspect': 0.0,
                                         'aug_scale_max': 2.0,
                                         'aug_scale_min': 0.1,
                                         'letter_box': False,
                                         'max_num_instances': 200,
                                         'mosaic': {'aspect_ratio_mode': 'crop',
                                                    'aug_rand_crop': None,
                                                    'aug_scale_max': None,
                                                    'aug_scale_min': None,
                                                    'crop_area': [0.35, 1.0],
                                                    'crop_area_mosaic': [1.0,
                                                                         1.0],
                                                    'max_resolution': 640,
                                                    'mosaic_crop_mode': 'crop_scale',
                                                    'mosaic_frequency': 0.75,
                                                    'output_resolution': None},
                                         'random_flip': True,
                                         'random_pad': True,
                                         'use_scale_xy': False,
                                         'use_tie_breaker': True},
                              'sharding': True,
                              'shuffle_buffer_size': 10000,
                              'tf_data_service_address': None,
                              'tf_data_service_job_name': None,
                              'tfds_as_supervised': False,
                              'tfds_data_dir': '',
                              'tfds_download': True,
                              'tfds_name': None,
                              'tfds_skip_decoding_feature': '',
                              'tfds_split': None},
          'weight_decay': 0.0005},
 'trainer': {'allow_tpu_summary': False,
             'best_checkpoint_eval_metric': '',
             'best_checkpoint_export_subdir': '',
             'best_checkpoint_metric_comp': 'higher',
             'checkpoint_interval': 10000,
             'continuous_eval_timeout': 3600,
             'eval_tf_function': True,
             'eval_tf_while_loop': False,
             'loss_upper_bound': 1000000.0,
             'max_to_keep': 5,
             'optimizer_config': {'ema': None,
                                  'learning_rate': {'stepwise': {'boundaries': [200000,
                                                                                225000],
                                                                 'name': 'PiecewiseConstantDecay',
                                                                 'values': [0.00131,
                                                                            0.0009825,
                                                                            0.000655]},
                                                    'type': 'stepwise'},
                                  'optimizer': {'sgd': {'clipnorm': None,
                                                        'clipvalue': None,
                                                        'decay': 0.0,
                                                        'global_clipnorm': None,
                                                        'momentum': 0.949,
                                                        'name': 'SGD',
                                                        'nesterov': True},
                                                'type': 'sgd'},
                                  'warmup': {'polynomial': {'name': 'polynomial',
                                                            'power': 4,
                                                            'warmup_steps': 1000},
                                             'type': 'polynomial'}},
             'recovery_begin_steps': 0,
             'recovery_max_trials': 0,
             'steps_per_loop': 10000,
             'summary_interval': 10000,
             'train_steps': 250000,
             'train_tf_function': True,
             'train_tf_while_loop': True,
             'validation_interval': 20000,
             'validation_steps': 625}}
2021-06-24 02:13:23.126578: I tensorflow/compiler/jit/xla_cpu_device.cc:41] Not creating XLA devices, tf_xla_enable_xla_devices not set
INFO:tensorflow:Mixed precision compatibility check (mixed_float16): OK
Your GPU will likely run quickly with dtype policy mixed_float16 as it has compute capability of at least 7.0. Your GPU: GeForce RTX 2070 SUPER, compute capability 7.5
I0624 02:13:23.127092 140413848123200 device_compatibility_check.py:120] Mixed precision compatibility check (mixed_float16): OK
Your GPU will likely run quickly with dtype policy mixed_float16 as it has compute capability of at least 7.0. Your GPU: GeForce RTX 2070 SUPER, compute capability 7.5
WARNING:tensorflow:From /home/vbanna/.local/lib/python3.8/site-packages/tensorflow/python/keras/mixed_precision/loss_scale.py:56: DynamicLossScale.__init__ (from tensorflow.python.training.experimental.loss_scale) is deprecated and will be removed in a future version.
Instructions for updating:
Use tf.keras.mixed_precision.LossScaleOptimizer instead. LossScaleOptimizer now has all the functionality of DynamicLossScale
W0624 02:13:23.127230 140413848123200 deprecation.py:333] From /home/vbanna/.local/lib/python3.8/site-packages/tensorflow/python/keras/mixed_precision/loss_scale.py:56: DynamicLossScale.__init__ (from tensorflow.python.training.experimental.loss_scale) is deprecated and will be removed in a future version.
Instructions for updating:
Use tf.keras.mixed_precision.LossScaleOptimizer instead. LossScaleOptimizer now has all the functionality of DynamicLossScale
INFO:tensorflow:Using MirroredStrategy with devices ('/job:localhost/replica:0/task:0/device:GPU:0',)
I0624 02:13:23.130474 140413848123200 mirrored_strategy.py:350] Using MirroredStrategy with devices ('/job:localhost/replica:0/task:0/device:GPU:0',)
I0624 02:13:23.131031 140413848123200 train_utils.py:214] Running default trainer.
2021-06-24 02:13:23.136837: W tensorflow/python/util/util.cc:348] Sets are not currently considered sequences, but this may change in the future, so consider avoiding using them.
INFO:tensorflow:Reduce to /job:localhost/replica:0/task:0/device:CPU:0 then broadcast to ('/job:localhost/replica:0/task:0/device:CPU:0',).
I0624 02:13:23.286257 140413848123200 cross_device_ops.py:563] Reduce to /job:localhost/replica:0/task:0/device:CPU:0 then broadcast to ('/job:localhost/replica:0/task:0/device:CPU:0',).
INFO:tensorflow:Reduce to /job:localhost/replica:0/task:0/device:CPU:0 then broadcast to ('/job:localhost/replica:0/task:0/device:CPU:0',).
I0624 02:13:23.287149 140413848123200 cross_device_ops.py:563] Reduce to /job:localhost/replica:0/task:0/device:CPU:0 then broadcast to ('/job:localhost/replica:0/task:0/device:CPU:0',).
INFO:tensorflow:Reduce to /job:localhost/replica:0/task:0/device:CPU:0 then broadcast to ('/job:localhost/replica:0/task:0/device:CPU:0',).
I0624 02:13:23.288254 140413848123200 cross_device_ops.py:563] Reduce to /job:localhost/replica:0/task:0/device:CPU:0 then broadcast to ('/job:localhost/replica:0/task:0/device:CPU:0',).
INFO:tensorflow:Reduce to /job:localhost/replica:0/task:0/device:CPU:0 then broadcast to ('/job:localhost/replica:0/task:0/device:CPU:0',).
I0624 02:13:23.288687 140413848123200 cross_device_ops.py:563] Reduce to /job:localhost/replica:0/task:0/device:CPU:0 then broadcast to ('/job:localhost/replica:0/task:0/device:CPU:0',).
INFO:tensorflow:Reduce to /job:localhost/replica:0/task:0/device:CPU:0 then broadcast to ('/job:localhost/replica:0/task:0/device:CPU:0',).
I0624 02:13:23.289672 140413848123200 cross_device_ops.py:563] Reduce to /job:localhost/replica:0/task:0/device:CPU:0 then broadcast to ('/job:localhost/replica:0/task:0/device:CPU:0',).
INFO:tensorflow:Reduce to /job:localhost/replica:0/task:0/device:CPU:0 then broadcast to ('/job:localhost/replica:0/task:0/device:CPU:0',).
I0624 02:13:23.291574 140413848123200 cross_device_ops.py:563] Reduce to /job:localhost/replica:0/task:0/device:CPU:0 then broadcast to ('/job:localhost/replica:0/task:0/device:CPU:0',).
INFO:tensorflow:Reduce to /job:localhost/replica:0/task:0/device:CPU:0 then broadcast to ('/job:localhost/replica:0/task:0/device:CPU:0',).
I0624 02:13:23.363088 140413848123200 cross_device_ops.py:563] Reduce to /job:localhost/replica:0/task:0/device:CPU:0 then broadcast to ('/job:localhost/replica:0/task:0/device:CPU:0',).
INFO:tensorflow:Reduce to /job:localhost/replica:0/task:0/device:CPU:0 then broadcast to ('/job:localhost/replica:0/task:0/device:CPU:0',).
I0624 02:13:23.363674 140413848123200 cross_device_ops.py:563] Reduce to /job:localhost/replica:0/task:0/device:CPU:0 then broadcast to ('/job:localhost/replica:0/task:0/device:CPU:0',).
INFO:tensorflow:Reduce to /job:localhost/replica:0/task:0/device:CPU:0 then broadcast to ('/job:localhost/replica:0/task:0/device:CPU:0',).
I0624 02:13:23.364515 140413848123200 cross_device_ops.py:563] Reduce to /job:localhost/replica:0/task:0/device:CPU:0 then broadcast to ('/job:localhost/replica:0/task:0/device:CPU:0',).
INFO:tensorflow:Reduce to /job:localhost/replica:0/task:0/device:CPU:0 then broadcast to ('/job:localhost/replica:0/task:0/device:CPU:0',).
I0624 02:13:23.364944 140413848123200 cross_device_ops.py:563] Reduce to /job:localhost/replica:0/task:0/device:CPU:0 then broadcast to ('/job:localhost/replica:0/task:0/device:CPU:0',).

!--PREPPING GPU--! 
1 Physical GPUs, 1 Logical GPUs
yolo_custom
{'task': {'init_checkpoint': '', 'model': {'num_classes': 91, 'input_size': [512, 512, 3], 'min_level': 3, 'max_level': 5, 'boxes_per_scale': 3, 'base': {'type': None}, 'subdivisions': 1, 'filter': {'min_level': 3, 'max_level': 5, 'ignore_thresh': {'3': 0.7, '4': 0.7, '5': 0.7, 'all': 0.7}, 'truth_thresh': {'3': 1.0, '4': 1.0, '5': 1.0, 'all': None}, 'loss_type': {'3': 'ciou', '4': 'ciou', '5': 'ciou', 'all': 'ciou'}, 'iou_normalizer': {'3': 0.75, '4': 0.75, '5': 0.75, 'all': 0.07}, 'cls_normalizer': {'3': 1.0, '4': 1.0, '5': 1.0, 'all': 1.0}, 'obj_normalizer': {'3': 1.0, '4': 1.0, '5': 1.0, 'all': 1.0}, 'max_delta': {'3': inf, '4': inf, '5': inf, 'all': None}, 'new_cords': {'3': True, '4': True, '5': True, 'all': False}, 'scale_xy': {'3': 1.2, '4': 1.1, '5': 1.05, 'all': None}, 'path_scales': {'3': 8, '4': 16, '5': 32}, 'objectness_smooth': {'3': 0.0, '4': 0.0, '5': 0.0, 'all': 0.0}, 'nms_type': 'weighted_diou', 'iou_thresh': 0.001, 'nms_thresh': 0.5, 'max_boxes': 200, 'pre_nms_points': 500, 'label_smoothing': 0.0, 'anchor_generation_scale': 512, 'use_scaled_loss': False}, 'norm_activation': {'activation': 'mish', 'use_sync_bn': True, 'norm_momentum': 0.99, 'norm_epsilon': 0.001}, 'boxes': ['[12.0, 16.0]', '[19.0, 36.0]', '[40.0, 28.0]', '[36.0, 75.0]', '[76.0, 55.0]', '[72.0, 146.0]', '[142.0, 110.0]', '[192.0, 243.0]', '[459.0, 401.0]']}, 'train_data': {'input_path': '/media/vbanna/DATA_SHARE/CV/datasets/COCO_raw/records/train*', 'tfds_name': None, 'tfds_split': None, 'global_batch_size': 4, 'is_training': True, 'drop_remainder': True, 'shuffle_buffer_size': 10000, 'cache': False, 'cycle_length': None, 'block_length': 1, 'deterministic': None, 'sharding': True, 'enable_tf_data_service': False, 'tf_data_service_address': None, 'tf_data_service_job_name': None, 'tfds_data_dir': '', 'tfds_download': True, 'tfds_as_supervised': False, 'tfds_skip_decoding_feature': '', 'dtype': 'bfloat16', 'decoder': {'type': 'simple_decoder', 'simple_decoder': {'regenerate_source_id': False}}, 'parser': {'max_num_instances': 200, 'letter_box': False, 'random_flip': True, 'random_pad': True, 'aug_rand_crop': 0.0, 'aug_scale_aspect': 0.3, 'aug_rand_angle': 0.0, 'aug_rand_translate': 0.0, 'aug_rand_saturation': 0.5, 'aug_rand_brightness': 0.6, 'aug_rand_hue': 0.1, 'aug_scale_min': 0.1, 'aug_scale_max': 2.0, 'use_tie_breaker': True, 'use_scale_xy': False, 'anchor_thresh': 0.213, 'mosaic': {'max_resolution': 640, 'mosaic_frequency': 0.85, 'crop_area': [0.35, 1.0], 'crop_area_mosaic': [0.4, 2.0], 'aspect_ratio_mode': 'crop', 'mosaic_crop_mode': 'crop_scale', 'aug_scale_min': 1.0, 'aug_scale_max': 1.0, 'aug_rand_crop': 0.5, 'output_resolution': [640, 640]}}}, 'validation_data': {'input_path': '/media/vbanna/DATA_SHARE/CV/datasets/COCO_raw/records/val*', 'tfds_name': None, 'tfds_split': None, 'global_batch_size': 8, 'is_training': False, 'drop_remainder': True, 'shuffle_buffer_size': 10000, 'cache': False, 'cycle_length': None, 'block_length': 1, 'deterministic': None, 'sharding': True, 'enable_tf_data_service': False, 'tf_data_service_address': None, 'tf_data_service_job_name': None, 'tfds_data_dir': '', 'tfds_download': True, 'tfds_as_supervised': False, 'tfds_skip_decoding_feature': '', 'dtype': 'bfloat16', 'decoder': {'type': 'simple_decoder', 'simple_decoder': {'regenerate_source_id': False}}, 'parser': {'max_num_instances': 200, 'letter_box': False, 'random_flip': True, 'random_pad': True, 'aug_rand_crop': 0.0, 'aug_scale_aspect': 0.0, 'aug_rand_angle': 0.0, 'aug_rand_translate': 0.0, 'aug_rand_saturation': 0.0, 'aug_rand_brightness': 0.0, 'aug_rand_hue': 0.0, 'aug_scale_min': 0.1, 'aug_scale_max': 2.0, 'use_tie_breaker': True, 'use_scale_xy': False, 'anchor_thresh': 0.213, 'mosaic': {'max_resolution': 640, 'mosaic_frequency': 0.75, 'crop_area': [0.35, 1.0], 'crop_area_mosaic': [1.0, 1.0], 'aspect_ratio_mode': 'crop', 'mosaic_crop_mode': 'crop_scale', 'aug_scale_min': None, 'aug_scale_max': None, 'aug_rand_crop': None, 'output_resolution': None}}}, 'weight_decay': 0.0005, 'annotation_file': None, 'gradient_clip_norm': 0.0, 'per_category_metrics': False, 'load_darknet_weights': False, 'darknet_load_decoder': False, 'init_checkpoint_modules': None}, 'trainer': {'optimizer_config': {'optimizer': {'type': 'sgd', 'sgd': {'clipnorm': None, 'clipvalue': None, 'global_clipnorm': None, 'name': 'SGD', 'decay': 0.0, 'nesterov': True, 'momentum': 0.949}}, 'ema': None, 'learning_rate': {'type': 'stepwise', 'stepwise': {'name': 'PiecewiseConstantDecay', 'boundaries': [200000, 225000], 'values': [0.00131, 0.0009825, 0.000655]}}, 'warmup': {'type': 'polynomial', 'polynomial': {'name': 'polynomial', 'power': 4, 'warmup_steps': 1000}}}, 'train_tf_while_loop': True, 'train_tf_function': True, 'eval_tf_function': True, 'eval_tf_while_loop': False, 'allow_tpu_summary': False, 'steps_per_loop': 10000, 'summary_interval': 10000, 'checkpoint_interval': 10000, 'max_to_keep': 5, 'continuous_eval_timeout': 3600, 'train_steps': 250000, 'validation_steps': 625, 'validation_interval': 20000, 'best_checkpoint_export_subdir': '', 'best_checkpoint_eval_metric': '', 'best_checkpoint_metric_comp': 'higher', 'loss_upper_bound': 1000000.0, 'recovery_begin_steps': 0, 'recovery_max_trials': 0}, 'runtime': {'distribution_strategy': 'mirrored', 'enable_xla': False, 'gpu_thread_mode': None, 'dataset_num_private_threads': None, 'per_gpu_thread_count': 0, 'tpu': None, 'num_gpus': 1, 'worker_hosts': None, 'task_index': -1, 'all_reduce_alg': None, 'num_packs': 1, 'mixed_precision_dtype': 'float16', 'loss_scale': 'dynamic', 'run_eagerly': False, 'batchnorm_spatial_persistent': False, 'num_cores_per_replica': 1, 'default_shard_dim': -1}}
defaultdict(<class 'list'>, {'3': ['box_loss', 'class_loss', 'conf_loss', 'recall50', 'precision50', 'avg_iou', 'avg_obj'], '4': ['box_loss', 'class_loss', 'conf_loss', 'recall50', 'precision50', 'avg_iou', 'avg_obj'], '5': ['box_loss', 'class_loss', 'conf_loss', 'recall50', 'precision50', 'avg_iou', 'avg_obj'], 'global': ['total_loss']})
[[12.0, 16.0], [19.0, 36.0], [40.0, 28.0], [36.0, 75.0], [76.0, 55.0], [72.0, 146.0], [142.0, 110.0], [192.0, 243.0], [459.0, 401.0]]
[[12.0, 16.0], [19.0, 36.0], [40.0, 28.0], [36.0, 75.0], [76.0, 55.0], [72.0, 146.0], [142.0, 110.0], [192.0, 243.0], [459.0, 401.0]]
{'num_classes': 91, 'input_size': [512, 512, 3], 'min_level': 3, 'max_level': 5, 'boxes_per_scale': 3, 'base': {'type': None}, 'subdivisions': 1, 'filter': {'min_level': 3, 'max_level': 5, 'ignore_thresh': {'3': 0.7, '4': 0.7, '5': 0.7, 'all': 0.7}, 'truth_thresh': {'3': 1.0, '4': 1.0, '5': 1.0, 'all': None}, 'loss_type': {'3': 'ciou', '4': 'ciou', '5': 'ciou', 'all': 'ciou'}, 'iou_normalizer': {'3': 0.75, '4': 0.75, '5': 0.75, 'all': 0.07}, 'cls_normalizer': {'3': 1.0, '4': 1.0, '5': 1.0, 'all': 1.0}, 'obj_normalizer': {'3': 1.0, '4': 1.0, '5': 1.0, 'all': 1.0}, 'max_delta': {'3': inf, '4': inf, '5': inf, 'all': None}, 'new_cords': {'3': True, '4': True, '5': True, 'all': False}, 'scale_xy': {'3': 1.2, '4': 1.1, '5': 1.05, 'all': None}, 'path_scales': {'3': 8, '4': 16, '5': 32}, 'objectness_smooth': {'3': 0.0, '4': 0.0, '5': 0.0, 'all': 0.0}, 'nms_type': 'weighted_diou', 'iou_thresh': 0.001, 'nms_thresh': 0.5, 'max_boxes': 200, 'pre_nms_points': 500, 'label_smoothing': 0.0, 'anchor_generation_scale': 512, 'use_scaled_loss': False}, 'norm_activation': {'activation': 'mish', 'use_sync_bn': True, 'norm_momentum': 0.99, 'norm_epsilon': 0.001}, 'boxes': ['[12.0, 16.0]', '[19.0, 36.0]', '[40.0, 28.0]', '[36.0, 75.0]', '[76.0, 55.0]', '[72.0, 146.0]', '[142.0, 110.0]', '[192.0, 243.0]', '[459.0, 401.0]']}
InputSpec(shape=(None, 512, 512, 3), ndim=4)
<tensorflow.python.keras.regularizers.L2 object at 0x7fb27fd5dcd0>
Model: "cspdarknet53"
__________________________________________________________________________________________________
Layer (type)                    Output Shape         Param #     Connected to                     
==================================================================================================
input_1 (InputLayer)            [(None, 512, 512, 3) 0                                            
__________________________________________________________________________________________________
ConvBN_0_0 (ConvBN)             (None, 512, 512, 32) 992         input_1[0][0]                    
__________________________________________________________________________________________________
DarkRes_1_csp_down (CSPRoute)   ((None, 256, 256, 64 27392       ConvBN_0_0[0][0]                 
__________________________________________________________________________________________________
DarkRes_1_0 (DarkResidual)      (None, 256, 256, 64) 20864       DarkRes_1_csp_down[0][0]         
__________________________________________________________________________________________________
DarkRes_1_csp_connect (CSPConne (None, 256, 256, 64) 12800       DarkRes_1_0[0][0]                
                                                                 DarkRes_1_csp_down[0][1]         
__________________________________________________________________________________________________
DarkRes_2_csp_down (CSPRoute)   ((None, 128, 128, 64 91136       DarkRes_1_csp_connect[0][0]      
__________________________________________________________________________________________________
DarkRes_2_0 (DarkResidual)      (None, 128, 128, 64) 41472       DarkRes_2_csp_down[0][0]         
__________________________________________________________________________________________________
DarkRes_2_1 (DarkResidual)      (None, 128, 128, 64) 41472       DarkRes_2_0[0][0]                
__________________________________________________________________________________________________
DarkRes_2_csp_connect (CSPConne (None, 128, 128, 128 21248       DarkRes_2_1[0][0]                
                                                                 DarkRes_2_csp_down[0][1]         
__________________________________________________________________________________________________
DarkRes_3_csp_down (CSPRoute)   ((None, 64, 64, 128) 362496      DarkRes_2_csp_connect[0][0]      
__________________________________________________________________________________________________
DarkRes_3_0 (DarkResidual)      (None, 64, 64, 128)  164864      DarkRes_3_csp_down[0][0]         
__________________________________________________________________________________________________
DarkRes_3_1 (DarkResidual)      (None, 64, 64, 128)  164864      DarkRes_3_0[0][0]                
__________________________________________________________________________________________________
DarkRes_3_2 (DarkResidual)      (None, 64, 64, 128)  164864      DarkRes_3_1[0][0]                
__________________________________________________________________________________________________
DarkRes_3_3 (DarkResidual)      (None, 64, 64, 128)  164864      DarkRes_3_2[0][0]                
__________________________________________________________________________________________________
DarkRes_3_4 (DarkResidual)      (None, 64, 64, 128)  164864      DarkRes_3_3[0][0]                
__________________________________________________________________________________________________
DarkRes_3_5 (DarkResidual)      (None, 64, 64, 128)  164864      DarkRes_3_4[0][0]                
__________________________________________________________________________________________________
DarkRes_3_6 (DarkResidual)      (None, 64, 64, 128)  164864      DarkRes_3_5[0][0]                
__________________________________________________________________________________________________
DarkRes_3_7 (DarkResidual)      (None, 64, 64, 128)  164864      DarkRes_3_6[0][0]                
__________________________________________________________________________________________________
DarkRes_3_csp_connect (CSPConne (None, 64, 64, 256)  83456       DarkRes_3_7[0][0]                
                                                                 DarkRes_3_csp_down[0][1]         
__________________________________________________________________________________________________
DarkRes_4_csp_down (CSPRoute)   ((None, 32, 32, 256) 1445888     DarkRes_3_csp_connect[0][0]      
__________________________________________________________________________________________________
DarkRes_4_0 (DarkResidual)      (None, 32, 32, 256)  657408      DarkRes_4_csp_down[0][0]         
__________________________________________________________________________________________________
DarkRes_4_1 (DarkResidual)      (None, 32, 32, 256)  657408      DarkRes_4_0[0][0]                
__________________________________________________________________________________________________
DarkRes_4_2 (DarkResidual)      (None, 32, 32, 256)  657408      DarkRes_4_1[0][0]                
__________________________________________________________________________________________________
DarkRes_4_3 (DarkResidual)      (None, 32, 32, 256)  657408      DarkRes_4_2[0][0]                
__________________________________________________________________________________________________
DarkRes_4_4 (DarkResidual)      (None, 32, 32, 256)  657408      DarkRes_4_3[0][0]                
__________________________________________________________________________________________________
DarkRes_4_5 (DarkResidual)      (None, 32, 32, 256)  657408      DarkRes_4_4[0][0]                
__________________________________________________________________________________________________
DarkRes_4_6 (DarkResidual)      (None, 32, 32, 256)  657408      DarkRes_4_5[0][0]                
__________________________________________________________________________________________________
DarkRes_4_7 (DarkResidual)      (None, 32, 32, 256)  657408      DarkRes_4_6[0][0]                
__________________________________________________________________________________________________
DarkRes_4_csp_connect (CSPConne (None, 32, 32, 512)  330752      DarkRes_4_7[0][0]                
                                                                 DarkRes_4_csp_down[0][1]         
__________________________________________________________________________________________________
DarkRes_5_csp_down (CSPRoute)   ((None, 16, 16, 512) 5775360     DarkRes_4_csp_connect[0][0]      
__________________________________________________________________________________________________
DarkRes_5_0 (DarkResidual)      (None, 16, 16, 512)  2625536     DarkRes_5_csp_down[0][0]         
__________________________________________________________________________________________________
DarkRes_5_1 (DarkResidual)      (None, 16, 16, 512)  2625536     DarkRes_5_0[0][0]                
__________________________________________________________________________________________________
DarkRes_5_2 (DarkResidual)      (None, 16, 16, 512)  2625536     DarkRes_5_1[0][0]                
__________________________________________________________________________________________________
DarkRes_5_3 (DarkResidual)      (None, 16, 16, 512)  2625536     DarkRes_5_2[0][0]                
__________________________________________________________________________________________________
DarkRes_5_csp_connect (CSPConne (None, 16, 16, 1024) 1316864     DarkRes_5_3[0][0]                
                                                                 DarkRes_5_csp_down[0][1]         
==================================================================================================
Total params: 26,652,512
Trainable params: 26,617,184
Non-trainable params: 35,328
__________________________________________________________________________________________________
{'embed_spp': False, 'use_fpn': True, 'max_level_process_len': None, 'path_process_len': 6, 'activation': 'leaky', 'subdivisions': 1, 'use_spatial_attention': False, 'use_sync_bn': True, 'norm_momentum': 0.99, 'norm_epsilon': 0.001, 'kernel_regularizer': <tensorflow.python.keras.regularizers.L2 object at 0x7fb27fd5dcd0>}
[[12.0, 16.0], [19.0, 36.0], [40.0, 28.0], [36.0, 75.0], [76.0, 55.0], [72.0, 146.0], [142.0, 110.0], [192.0, 243.0], [459.0, 401.0]]
{'3': 1.0, '4': 1.0, '5': 1.0, 'all': None}
{'3': 1.0, '4': 1.0, '5': 1.0, 'all': None}
{'3': 'ciou', '4': 'ciou', '5': 'ciou', 'all': 'ciou'}
{'3': 'ciou', '4': 'ciou', '5': 'ciou', 'all': 'ciou'}
{'3': inf, '4': inf, '5': inf, 'all': None}WARNING:tensorflow:tf.keras.mixed_precision.experimental.LossScaleOptimizer is deprecated. Please use tf.keras.mixed_precision.LossScaleOptimizer instead. For example
  opt = tf.keras.mixed_precision.experimental.LossScaleOptimizer(opt)
W0624 02:13:36.851482 140413848123200 loss_scale_optimizer.py:1039] tf.keras.mixed_precision.experimental.LossScaleOptimizer is deprecated. Please use tf.keras.mixed_precision.LossScaleOptimizer instead. For example
  opt = tf.keras.mixed_precision.experimental.LossScaleOptimizer(opt)
I0624 02:13:42.614419 140413848123200 controller.py:362] restoring or initializing model...
I0624 02:13:43.355780 140413848123200 controller.py:366] restored model from ../checkpoints/250k-512-lr-special-t2/ckpt-210000.
I0624 02:13:43.355937 140413848123200 controller.py:192] restored from checkpoint: ../checkpoints/250k-512-lr-special-t2/ckpt-210000
I0624 02:13:43.355977 140413848123200 train_lib.py:96] Starts to execute mode: eval
I0624 02:13:43.356336 140413848123200 controller.py:252]  eval | step:  210000 | running 625 steps of evaluation...
2021-06-24 02:13:43.959878: I tensorflow/compiler/mlir/mlir_graph_optimization_pass.cc:116] None of the MLIR optimization passes are enabled (registered 2)
2021-06-24 02:13:43.979558: I tensorflow/core/platform/profile_utils/cpu_utils.cc:112] CPU Frequency: 3499910000 Hz
2021-06-24 02:14:11.583243: I tensorflow/stream_executor/platform/default/dso_loader.cc:49] Successfully opened dynamic library libcudnn.so.8
2021-06-24 02:14:12.889690: I tensorflow/stream_executor/platform/default/dso_loader.cc:49] Successfully opened dynamic library libcublas.so.11
2021-06-24 02:14:13.194489: I tensorflow/stream_executor/platform/default/dso_loader.cc:49] Successfully opened dynamic library libcublasLt.so.11
I0624 02:17:07.176679 140413848123200 coco_evaluator.py:128] There is no annotation_file in COCOEvaluator.
