6
21
18
118921 0.0021890872 0.05852897 0.013673559 0.0007869898 0.07298952
6
39
51
124429 0.0022471019 0.028732175 0.06548203 0.033974063 0.12818827
6
15
15
155192 0.0020795395 0.013780527 0.0062545585 0.00041871073 0.020453796
45
96
60
172595 0.0017214069 0.03866604 0.091398016 0.02579149 0.15585555
18
12
6
18149 0.0034818752 0.038039226 0.010203809 0.018822484 0.06706552
24
24
9
184205 0.002066905 0.02167665 0.03193061 0.02215416 0.07576142
0
3
18
209728 0.0026567094 0.005799458 0.0040615806 0.00032987678 0.010190915
9
36
30
220819 0.002239394 0.01387718 0.021349646 0.00072878855 0.035955615
3
9
24
238147 0.0020551134 0.022404881 0.018759977 0.0031513695 0.04431623
30
33
24
259335 0.0023025624 0.02550008 0.018185312 0.019946173 0.063631564
0
9
9
260020 0.002209953 0.0037569336 0.0017898916 0.0006138264 0.0061606513
0
12
33
276146 0.0020867814 0.0060862103 0.022039235 0.0005933282 0.028718773
12
18
6
283441 0.0030693456 0.0186946 0.023316184 0.0021966347 0.04420742
9
18
21
294908 0.0021521314 0.016117983 0.013233455 0.000772925 0.030124363
3
9
3
298137 0.003726128 0.008818875 0.0016921551 0.0008352813 0.011346311
12
21
18
30465 0.0021324076 0.017814439 0.016157553 0.02006506 0.05403705
9
9
3
320370 0.0028363734 0.035069633 0.005403039 0.0007461361 0.041218806
0
0
15
443818 0.0027254862 0.003163904 0.011093115 0.023388753 0.037645772
3
24
28
463611 0.0023793054 0.016965494 0.019348525 0.0054648174 0.041778836
0
12
21
464018 0.0023685407 0.010054565 0.032617442 0.0062854597 0.048957467
9
12
9
467468 0.002265479 0.017186113 0.01204819 0.002554094 0.031788398
132
96
51
46847 0.0031756365 0.052168157 0.12337244 0.00835597 0.18389657
3
9
9
473121 0.0029481342 0.023266409 0.009961754 0.00072267 0.03395083
30
56
68
522665 0.0027210054 0.033474043 0.078887045 0.007262945 0.11962403
0
3
18
537907 0.0026461636 0.016387476 0.014609457 0.018707262 0.049704194
0
3
15
574411 0.0025585059 0.036163162 0.0064641973 0.007776809 0.05040417
0
9
15
69959 0.0022909767 0.0038823697 0.008629144 0.00059196155 0.013103476
0
0
6
75162 0.0023325132 0.001279441 0.0022101554 0.00016286489 0.003652461
Optimizer stripped from runs/train/exp60/weights/last.pt, 212.2MB
Optimizer stripped from runs/train/exp60/weights/best.pt, 212.2MB
