6
21
18
118921 0.00218833564 0.0588571131 0.013650367 0.000786982244 0.0732944608
6
39
51
124429 0.00224672281 0.0289861821 0.0653753653 0.0339650735 0.128326625
6
15
15
155192 0.00207935204 0.0138279106 0.0062629981 0.000418931188 0.0205098409
45
96
60
172595 0.00172144873 0.0394561328 0.0903746858 0.025792636 0.155623451
18
12
6
18149 0.00348225422 0.0396831185 0.0102085695 0.0188006088 0.0686923
24
24
9
184205 0.00206674 0.0219323076 0.0318924561 0.0221381392 0.0759629
0
3
18
209728 0.00265617529 0.0058211768 0.00406365097 0.000329860806 0.0102146883
9
36
30
220819 0.00223931158 0.0139598735 0.0213692859 0.000729650259 0.0360588059
3
9
24
238147 0.0020551621 0.0225789603 0.0187378116 0.00315202982 0.0444688
30
33
24
259335 0.00230240659 0.0258044899 0.0183462985 0.0199207012 0.0640714914
0
9
9
260020 0.0022117137 0.00376835349 0.00179021747 0.000614267483 0.00617283862
0
12
33
276146 0.00208668644 0.00609276583 0.022045128 0.00059325865 0.0287311524
12
18
6
283441 0.00306907343 0.018859107 0.0233405083 0.00220052083 0.0444001369
9
18
21
294908 0.00215224829 0.0162279271 0.0132390391 0.00077306712 0.0302400328
3
9
3
298137 0.00373031036 0.0089325048 0.00170069525 0.000834625796 0.0114678256
12
21
18
30465 0.00213201903 0.0178825166 0.0161580034 0.0200550556 0.0540955737
9
9
3
320370 0.00283472845 0.0355184488 0.00541811 0.000746743812 0.0416833
0
0
15
443818 0.00272527058 0.00317123719 0.0110988365 0.0233884621 0.0376585387
3
24
28
463611 0.00237945234 0.017098356 0.0193473957 0.00544620492 0.0418919586
0
12
21
464018 0.00236873608 0.0101255253 0.0326207243 0.0062857978 0.0490320474
9
12
9
467468 0.0022653169 0.0177331511 0.0119965747 0.0025534709 0.0322831981
132
96
51
46847 0.0031754626 0.0530862063 0.121170051 0.00835327245 0.182609528
3
9
9
473121 0.0029476427 0.0233245045 0.00996274687 0.000721052696 0.0340083055
30
56
68
522665 0.00272113201 0.0340576172 0.0785936 0.00727099925 0.119922221
0
3
18
537907 0.00264596893 0.0164829362 0.0146154929 0.0187551249 0.0498535484
0
3
15
574411 0.00255876617 0.0362049863 0.00646238541 0.00777707156 0.0504444428
0
9
15
69959 0.00229070359 0.00389085 0.00863754936 0.000592287106 0.0131206866
0
0
6
75162 0.00233282801 0.00128141046 0.00220752461 0.000162855562 0.00365179079