30
75
69
101919 0.0861456394 0.0367464498 0.0309063159 0.000528998673 0.0681817606
18
66
63
106344 0.0303966925 0.0274866801 0.0428503565 0.00166289613 0.0719999298
15
39
57
111878 0.228634894 0.026906047 0.029584229 0.00213874783 0.058629021
63
171
156
113720 0.0920703113 0.0271978732 0.0778229237 0.0158819705 0.120902762
6
30
42
116261 0.109304182 0.0111708781 0.0163043588 0.00377394794 0.0312491842
6
21
36
118921 0.27472955 0.0564965345 0.011339698 0.00129295047 0.0691291839
45
105
102
122588 0.0562555417 0.0245842822 0.0605547577 0.0138969459 0.0990359858
141
219
93
126345 0.054178372 0.0416745283 0.090214625 0.0134478388 0.145336986
72
54
24
129159 0.22008577 0.0345228612 0.0262858123 0.0105275391 0.0713362098
75
159
126
135410 0.0443062633 0.0298881158 0.0829461589 0.0173910409 0.130225316
9
39
36
14265 0.186423868 0.0121109337 0.0102090938 0.00177059986 0.0240906272
168
126
45
155885 0.214509487 0.0461202115 0.0770562291 0.00581692252 0.128993377
9
42
39
160260 0.270753175 0.0175369363 0.0193894543 0.000521574344 0.0374479666
93
108
90
168491 0.0602443069 0.0370706208 0.0650333241 0.00207412778 0.104178071
45
96
69
172595 0.108782217 0.0389330126 0.0516950525 0.025077749 0.115705818
9
18
18
1779 0.747407556 0.0282454044 0.0162883811 0.00211586803 0.0466496497
18
18
30
180366 0.317649722 0.0304777678 0.0139875729 0.00683913194 0.0513044745
54
51
12
184205 1.47029233 0.0312232468 0.0257926323 0.0138805918 0.0708964691
81
99
66
192406 0.152142614 0.0341593809 0.0513046235 0.00214917772 0.0876131803
3
12
21
205531 0.158436224 0.0225823671 0.0048693493 0.00657968875 0.0340314023
72
105
66
212112 0.137710229 0.0269580986 0.0358561054 0.0114663467 0.0742805526
6
6
36
212605 0.0432052612 0.0411231704 0.025728127 0.00441878056 0.0712700784
9
39
51
220819 0.0719663501 0.0174248666 0.0214188788 0.00720697688 0.0460507236
150
126
39
223426 0.122990362 0.0515399724 0.0566722155 0.00875198282 0.116964169
0
33
63
224557 0.182345167 0.0111134518 0.018762419 0.00909403618 0.0389699079
174
177
87
226097 0.111534655 0.0411999822 0.0762025 0.0150495 0.132451981
15
69
48
231325 0.232140273 0.0321509577 0.0314726345 0.0238953624 0.0875189602
15
36
27
233140 0.189650282 0.00797995459 0.00654024817 0.00126286678 0.0157830697
72
123
69
237316 0.172540814 0.0431419238 0.0466720387 0.010321917 0.100135878
15
87
78
238147 0.0703147501 0.029817285 0.0269548111 0.00136024831 0.058132343
30
33
30
242868 0.551457644 0.0253601223 0.0150877805 0.00180964731 0.0422575474
171
186
96
246014 0.0523931 0.0440072194 0.0897770375 0.0106818285 0.144466087
153
69
12
25034 2.75991845 0.0390538536 0.0293767955 0.00197196845 0.0704026222
0
15
24
250594 0.258742869 0.0172429308 0.007959418 0.000387649779 0.0255899969
27
78
63
253718 0.161896646 0.0330888331 0.0410368629 0.00202231668 0.0761480108
78
60
24
254711 0.204393938 0.0348634496 0.0194849316 0.0105742337 0.0649226159
44
63
57
258346 0.091925174 0.0283598639 0.0253974106 0.0114621688 0.065219447
93
39
9
259452 1.81010413 0.0407133065 0.0254427269 0.00571050029 0.0718665347
6
39
51
260020 0.219140798 0.0293591172 0.024125006 0.00294581382 0.0564299375
72
108
75
265916 0.265572369 0.0211909804 0.0364301 0.00142949738 0.0590505823
3
30
42
275058 0.35502857 0.0171618666 0.0139936432 0.000635135802 0.0317906439
67
174
123
27642 0.0393952243 0.0338195935 0.0855402946 0.00546478853 0.12482468
33
54
39
293175 0.380331814 0.0259902645 0.0268301889 0.00600872096 0.0588291734
9
21
30
296383 0.624278724 0.0232993942 0.0213773437 0.00381990522 0.0484966449
3
9
27
298137 0.256695628 0.0161265116 0.00588934682 0.00718370778 0.0291995667
84
159
84
304404 0.0514876433 0.0317600593 0.064779751 0.00669711921 0.103236929
33
87
87
305609 0.0750972927 0.0313317813 0.0483048931 0.0268485621 0.10648524
36
9
12
316000 1.61327505 0.0460542142 0.00894796848 0.0010028173 0.056005
18
63
54
317130 0.103071526 0.0400436893 0.0354198851 0.00820674095 0.0836703181
24
42
30
319830 0.72924161 0.0392096713 0.0218704045 0.00366973365 0.0647498071
6
42
66
322503 0.18113336 0.0357047096 0.0306004807 0.00196388084 0.068269074
36
60
48
33372 0.222591877 0.0165963694 0.0214995481 0.000950709276 0.0390466228
9
48
60
337065 0.160109937 0.0173461549 0.0180687048 0.00102433818 0.0364391953
372
266
48
353409 0.243400767 0.0448977277 0.130071849 0.020983886 0.195953459
147
132
48
355441 0.313433886 0.0230209287 0.0384646952 0.00195200741 0.0634376258
93
18
24
365485 0.401710391 0.0302883722 0.0316332057 0.010930174 0.0728517622
12
75
57
372819 0.114687294 0.0288745761 0.0193395093 0.0317866504 0.0800007358
0
0
18
377738 0.414364159 0.0126017677 0.00979496073 0.0164780095 0.0388747379
135
162
72
381608 0.0481793 0.0490149409 0.081394732 0.0281815305 0.158591196
72
72
42
388464 0.371379912 0.0456172712 0.0333045721 0.00626997557 0.0851918161
42
147
141
394050 0.0592756122 0.0159865618 0.0654183477 0.00403814809 0.0854430497
147
105
72
395904 0.0969684571 0.0324567184 0.0676966757 0.0107982326 0.110951632
45
147
123
403995 0.0785679072 0.0330967158 0.05512603 0.0106166033 0.0988393575
12
42
39
406744 0.280356526 0.0401449725 0.0224505793 0.0123856943 0.0749812499
0
6
24
415823 0.450520277 0.0144794248 0.00518824533 0.000425439823 0.0200931095
18
30
51
432213 0.270269275 0.0329837799 0.0310031772 0.0175004657 0.0814874172
0
0
21
436280 0.585080504 0.00281483866 0.00619664602 0.0167509578 0.0257624425
75
69
81
457877 0.103790365 0.0282727778 0.0477457494 0.00106652977 0.0770850554
3
24
75
459887 0.0731055588 0.0313912816 0.0394648425 0.0323443636 0.103200495
156
177
73
462565 0.158388793 0.0430041924 0.0560606495 0.0137894973 0.112854347
27
45
42
464018 0.153790474 0.0275772773 0.0347210392 0.00280961045 0.0651079267
141
108
60
467468 0.253819227 0.0491839498 0.0665692911 0.00761077 0.123364009
3
42
45
473121 0.285824358 0.0258665718 0.0157688465 0.000981651479 0.0426170677
96
129
51
475182 0.0793552548 0.0466209352 0.0694791377 0.00238681817 0.118486896
225
177
24
479075 0.0984559 0.0391183943 0.0684093386 0.00749582238 0.115023553
45
114
69
483446 0.132153168 0.0289524477 0.0324757025 0.00196603523 0.0633941889
3
9
27
486162 0.146218419 0.0241932012 0.013174898 0.0208488777 0.0582169779
3
21
27
491294 1.14284539 0.0185498595 0.00755826943 0.00095094071 0.0270590708
30
72
48
494846 0.830470145 0.0201038942 0.0204995833 0.000922918902 0.0415263958
0
6
39
502644 0.0809848085 0.00599671341 0.011518673 0.000654338 0.0181697253
78
174
150
517399 0.0582306907 0.0250902548 0.0707194284 0.0164994821 0.112309158
21
12
24
52017 0.269404471 0.0526452139 0.0212584287 0.00105729757 0.0749609396
36
65
74
522665 0.192583799 0.0309005696 0.0415976159 0.00621635839 0.0787145495
168
171
63
531697 0.159501672 0.0282374695 0.062560156 0.00526062539 0.0960582495
36
72
60
53668 0.129303917 0.0178011581 0.0214531012 0.00258491 0.0418391712
9
30
21
540642 0.507481575 0.0167266242 0.00879349839 0.000760832685 0.0262809545
0
33
57
542388 0.202398613 0.0104349963 0.0189278722 0.0233810637 0.0527439341
0
12
21
552656 0.257530749 0.0153772514 0.00830414519 0.000476338115 0.0241577346
6
84
102
559955 0.035349261 0.039725706 0.0528080612 0.0179172903 0.110451058
78
117
90
564659 0.193440884 0.0284890756 0.0364498198 0.000715127448 0.0656540245
12
57
72
572802 0.151203156 0.0235240608 0.0272993892 0.00657933671 0.0574027859
0
3
24
574411 0.17935127 0.0298982728 0.00520273764 0.00503133563 0.0401323438
243
348
132
579070 0.0190747716 0.0344495401 0.150694728 0.020136958 0.205281213
120
93
30
65231 0.227266297 0.0420087762 0.0561992154 0.00261408905 0.100822084
99
83
54
69670 0.0920579657 0.0325418562 0.0362844057 0.0118837133 0.0807099715
93
96
93
70478 0.0603161044 0.0476662852 0.0504014716 0.0129026379 0.110970393
6
24
55
79113 0.0647425652 0.0138319377 0.0208542496 0.00357192801 0.038258113
6
18
45
80949 0.0942566544 0.0186717492 0.017777741 0.0388274938 0.0752769858
102
48
18
85292 0.200684682 0.0551576801 0.0330948941 0.00190806109 0.0901606306
24
60
54
92768 0.141482 0.0159480944 0.0236989111 0.00706380419 0.0467108078
6
18
12
96625 0.0778228939 0.0335668027 0.0105684316 0.00454335846 0.0486785918