0
15
24
101919 0.0492042899 0.00868183561 0.0126310987 0.000438896415 0.0217518304
30
60
45
106172 0.0405366607 0.0387335829 0.0493234061 0.000527052907 0.0885840356
12
48
54
106344 0.00738741271 0.0311008692 0.0786813125 0.00200863578 0.111790821
6
18
9
109537 0.110018566 0.0164133944 0.00700992 0.000873204845 0.0242965203
15
36
42
111878 0.0492411107 0.0298303589 0.0526161715 0.00271862186 0.0851651505
0
3
15
113579 0.443462938 0.00751887 0.00639272202 0.000359818223 0.0142714102
60
141
105
113720 0.0278981663 0.0294563696 0.130843505 0.018824406 0.179124296
3
30
51
116095 0.103242241 0.0181962717 0.0247942284 0.000594368612 0.0435848683
6
30
36
116261 0.0364128649 0.0111311451 0.0226132348 0.00192478893 0.0356691703
0
0
6
117441 0.0497585684 0.00550821098 0.00999203697 0.0134034706 0.028903719
6
21
18
118921 0.200086 0.0588571131 0.013650367 0.000786982244 0.0732944608
0
0
18
120398 0.0720626488 0.0041244668 0.00902541261 0.00124057138 0.01439045
39
66
51
122588 0.0290661696 0.0227788314 0.0557708591 0.0114822164 0.090031907
6
39
51
124429 0.0288863108 0.0289861821 0.0653753653 0.0339650735 0.128326625
0
0
9
126345 0.0115402853 0.00192989805 0.00368851889 0.000159713862 0.00577813108
141
219
84
12897 0.017238155 0.0427979231 0.176769629 0.013684175 0.233251721
48
27
6
129159 0.203290582 0.0346492454 0.0244924594 0.0166480765 0.0757897794
24
27
18
134558 0.0723910928 0.0328297652 0.028089609 0.00130325963 0.0622226298
12
66
57
135410 0.0275768358 0.0309727378 0.0685987 0.00653522275 0.106106661
63
93
69
142620 0.0201904755 0.02755519 0.0972714573 0.0216794834 0.146506131
3
24
21
14265 0.0586334057 0.00965067 0.0141623141 0.00312958378 0.026942566
6
15
15
155192 0.163612559 0.0138279106 0.0062629981 0.000418931188 0.0205098409
168
126
36
155885 0.0482229218 0.0496489331 0.152626187 0.00641069841 0.208685815
0
0
9
15746 0.531988144 0.00113503006 0.00145953032 0.000240304667 0.00283486512
6
33
36
160260 0.0641976446 0.0149892308 0.0364119932 0.000518493354 0.0519197136
3
9
3
16241 2.30225849 0.0259129889 0.00236595352 0.000562459463 0.0288414024
48
60
60
168491 0.0168269593 0.0504052117 0.0965683758 0.00250174548 0.149475336
45
48
30
170127 0.0559608974 0.0209863093 0.0333848596 0.0016164179 0.0559875891
45
96
60
172595 0.0311475731 0.0394561328 0.0903746858 0.025792636 0.155623451
0
0
9
173235 0.168996945 0.00332812197 0.0129838698 0.000415298564 0.016727291
9
18
12
1779 0.381071359 0.027692657 0.0138834603 0.000799672853 0.0423757881
0
0
6
179273 0.156975836 0.0108031388 0.0186976343 0.00423411047 0.0337348841
0
6
24
180366 0.0871761441 0.00933683664 0.0177735798 0.00421095686 0.0313213728
18
12
6
18149 0.50259465 0.0396831185 0.0102085695 0.0188006088 0.0686923
24
24
9
184205 0.588013172 0.0219323076 0.0318924561 0.0221381392 0.0759629
30
27
3
192291 0.825357616 0.0452792309 0.019183984 0.00326331775 0.0677265376
36
54
42
192406 0.0209469032 0.0405507572 0.0743847936 0.00321528153 0.11815083
45
45
24
197279 0.210056499 0.0262867548 0.028239578 0.00129529671 0.0558216274
3
9
3
205531 1.36007202 0.0317590833 0.00567773 0.00817345642 0.0456102714
0
3
18
209728 0.0155084645 0.0058211768 0.00406365097 0.000329860806 0.0102146883
72
93
45
212112 0.0503163897 0.029333625 0.0651766881 0.0134756984 0.107986011
0
12
21
212198 0.0878549069 0.00758261513 0.00648841169 0.00142763043 0.0154986568
6
6
21
212605 0.0243953336 0.0393452086 0.0381485224 0.00477169733 0.0822654217
0
0
15
213795 0.0163695496 0.00968057103 0.0132962801 0.00017691408 0.0231537651
9
36
30
220819 0.025793314 0.0139598735 0.0213692859 0.000729650259 0.0360588059
0
3
21
223241 0.0483876206 0.0308235139 0.0214705467 0.031554345 0.0838484
93
102
30
223426 0.0357028097 0.0526836216 0.0853486061 0.0102117285 0.148243964
57
24
9
224554 0.227458239 0.0458977893 0.0276402757 0.00272124168 0.0762593076
0
18
39
224557 0.0675874427 0.00961472839 0.0224617366 0.0115974778 0.04367394
0
15
24
224907 0.140520871 0.0131444186 0.015060829 0.00546711311 0.0336723588
72
36
18
226097 0.0911870375 0.036053896 0.0409502909 0.017580295 0.0945844799
102
141
69
227031 0.0393914133 0.0394183472 0.111060336 0.0122622903 0.162740976
15
60
33
231325 0.0736214817 0.0334908664 0.0544922948 0.0245787241 0.112561889
0
9
15
232453 0.235259876 0.01323165 0.00845324714 0.00115699589 0.0228418931
12
18
6
233140 0.00913324486 0.00834077 0.00822876394 0.0015162772 0.0180858113
3
18
21
234807 0.0775447711 0.00727920281 0.00484771095 0.000691869878 0.0128187835
0
9
12
237316 0.214573026 0.0102672623 0.00521109253 0.000381974794 0.0158603303
72
114
57
237324 0.052258648 0.0455189049 0.0881390646 0.0117408084 0.145398781
3
9
24
238147 0.0622434281 0.0225789603 0.0187378116 0.00315202982 0.0444688
12
78
54
239148 0.0242848713 0.0322093219 0.0350841694 0.000654571806 0.0679480582
24
6
9
242868 0.0620455891 0.0425511673 0.0206347611 0.00232530944 0.0655112341
6
27
21
245049 0.269503683 0.0140700545 0.00953133404 0.000647576875 0.0242489669
135
123
60
246014 0.0101749059 0.0495437942 0.1394483 0.009946784 0.198938876
36
63
36
246061 0.0656664744 0.0335561447 0.0402571484 0.00984574389 0.0836590379
120
48
3
25034 0.372578114 0.0490992814 0.0365255028 0.00205867738 0.0876834616
33
21
9
250571 1.17464375 0.0334471911 0.0221406836 0.00162043085 0.0572083071
0
6
12
250594 0.0324279107 0.0126625262 0.00663522957 0.000359214318 0.0196569692
0
9
12
252696 0.23194772 0.0210371241 0.00928019919 0.000420795521 0.030738119
0
18
18
253718 0.166495323 0.0384235494 0.0290444102 0.0042037582 0.0716717169
27
60
45
253770 0.0514435582 0.0273849778 0.0530209951 0.00104024052 0.0814462155
78
60
15
254711 0.114069402 0.0356569737 0.0363895968 0.0106192362 0.0826658085
0
0
9
255974 0.0394352861 0.00125781063 0.00280394452 0.000245543604 0.00430729846
14
30
33
258346 0.0328633338 0.0334064588 0.0324415118 0.00297752535 0.0688255
30
33
24
259335 0.0675302297 0.0258044899 0.0183462985 0.0199207012 0.0640714914
93
39
3
259452 2.08345127 0.0411904827 0.0481291413 0.00865877792 0.0979784
0
0
6
259614 0.291056335 0.00269898539 0.00274851383 0.000157309347 0.00560480868
0
9
9
260020 0.732670724 0.00376835349 0.00179021747 0.000614267483 0.00617283862
6
30
42
264654 0.0414428934 0.0321587287 0.0464359149 0.00337531744 0.0819699541
15
60
69
265916 0.0717461556 0.0181939378 0.0510178357 0.000742331089 0.0699541047
57
48
6
274708 1.12057257 0.0208892506 0.0218489822 0.00187295221 0.0446111858
3
18
9
275058 0.369580448 0.0196771063 0.00594789349 0.00042893819 0.026053939
0
12
33
276146 0.116574638 0.00609276583 0.022045128 0.00059325865 0.0287311524
55
156
117
27642 0.0101920916 0.0350540839 0.149264634 0.00571889523 0.190037608
12
18
6
283441 0.37252143 0.018859107 0.0233405083 0.00220052083 0.0444001369
24
36
18
293175 0.0942373648 0.0301645529 0.0404280312 0.0081424 0.078734979
9
18
21
294908 0.272683799 0.0162279271 0.0132390391 0.00077306712 0.0302400328
0
0
15
296383 0.264104724 0.00534410262 0.00956390053 0.00341830798 0.0183263123
9
21
15
296759 0.39544192 0.0230433214 0.0331920646 0.00231920625 0.0585545897
3
9
3
298137 2.24664116 0.0089325048 0.00170069525 0.000834625796 0.0114678256
0
0
24
30290 0.0456604436 0.0107775899 0.0100798728 0.00739454618 0.0282520074
72
138
66
304404 0.0195397269 0.0348136798 0.113537356 0.00473828707 0.153089315
12
21
18
30465 0.0131677371 0.0178825166 0.0161580034 0.0200550556 0.0540955737
33
78
63
305609 0.0138593838 0.0337694325 0.088591516 0.0279369056 0.15029785
0
9
24
306395 0.165665209 0.00585126691 0.00801098347 0.00329967821 0.0171619281
0
9
9
316000 0.540101051 0.0195095912 0.00904237 0.000474311411 0.0290262736
36
0
3
31601 1.41499138 0.0424015149 0.00898707751 0.000694059359 0.0520826504
0
0
0
317130 2.55069921e-07 0 0.000317894912 0 0.000317894912
18
63
54
318219 0.0277974494 0.0400434583 0.0705169514 0.00820611 0.118766516
15
33
27
319830 0.225438684 0.0400068909 0.0383052304 0.005371131 0.0836832523
9
9
3
320370 0.0690161437 0.0355184488 0.00541811 0.000746743812 0.0416833
0
15
39
322503 0.054247126 0.0162349045 0.0299007371 0.0016454251 0.0477810651
6
27
27
322848 0.225462452 0.0358257 0.0313140899 0.00162557245 0.0687653571
0
0
15
33372 0.108976156 0.00341946818 0.00925889518 0.0010537405 0.0137321036
36
60
33
334371 0.0810022205 0.0169008691 0.0337505601 0.00070678757 0.0513582192
0
6
9
337065 0.16542761 0.010151824 0.0104068983 0.00136395462 0.0219226778
9
42
51
344548 0.0486783 0.0178080834 0.0257416219 0.000937836827 0.0444875434
369
260
36
353409 0.0285825171 0.0491343662 0.25523445 0.0243865177 0.328755349
3
6
12
354729 0.713676333 0.00674195681 0.00450555515 0.000939347199 0.0121868588
99
87
30
355441 0.150900468 0.0208675954 0.0478561185 0.00104595802 0.069769673
48
45
18
36053 0.15260452 0.0269876868 0.0290920865 0.00347021036 0.0595499836
93
12
6
365485 0.929599643 0.0342303067 0.0563670583 0.0123754423 0.102972806
0
6
18
369667 0.0754648149 0.0055608321 0.00689944858 0.0002900119 0.0127502931
12
63
33
372819 0.031438373 0.0325645432 0.0279518738 0.0367768444 0.0972932577
0
12
24
375376 0.0991952345 0.00684752781 0.0107434634 0.000440121861 0.0180311128
0
0
9
377738 0.0708493516 0.020620266 0.0184342042 0.0327781327 0.0718326047
0
0
9
378859 0.347671449 0.00458809081 0.00115017651 0.00019702698 0.00593529409
126
153
60
381608 0.0162372179 0.0516649485 0.152119413 0.0307224561 0.234506816
9
9
12
38721 0.0539790243 0.0250922292 0.0115953116 0.00411054259 0.0407980829
0
9
15
388464 0.213928521 0.0122317765 0.0108969919 0.000471174106 0.0235999413
72
63
27
389753 0.155119762 0.0465789512 0.0557902716 0.00744578335 0.109815009
12
33
48
394050 0.0191556513 0.0318532586 0.0675053298 0.00770544261 0.107064031
30
114
93
394334 0.0304406881 0.00956371427 0.0637192205 0.00251328875 0.0757962316
27
69
57
395904 0.0359386578 0.0204018243 0.0782981664 0.0123139322 0.111013927
120
36
15
402248 0.0801014453 0.0397998951 0.0570711717 0.0183760282 0.115247086
24
78
93
403995 0.0289153624 0.0276196096 0.0697323456 0.00905310735 0.106405064
21
69
30
405882 0.0606353581 0.0396523103 0.0407217294 0.0125006717 0.0928747132
9
18
9
406744 0.456467569 0.0448083915 0.010095791 0.00418401649 0.0590881966
3
24
30
408859 0.0718146116 0.0378237516 0.0347876139 0.0207378548 0.0933492184
0
0
15
415823 0.141826987 0.00356308371 0.00721916463 0.000304478803 0.0110867275
0
6
9
423396 0.387333035 0.0180866271 0.00316092838 0.000428497704 0.0216760524
18
30
33
432213 0.0937494934 0.0334007517 0.0471458547 0.017912792 0.0984593928
0
0
18
432906 0.151183397 0.00480126 0.0148718804 0.00302096619 0.0226941053
0
0
6
436280 0.65536505 0.00195028132 0.00129489554 0.000171464126 0.00341664092
0
0
15
443818 0.175783664 0.00317123719 0.0110988365 0.0233884621 0.0376585387
72
60
66
457877 0.0429244637 0.0283735357 0.088353239 0.00114405132 0.117870823
3
9
15
459304 0.0219208468 0.0259482749 0.00713341683 0.000557568 0.0336392559
3
3
15
459887 0.169011444 0.0379575379 0.014565507 0.0511941388 0.103717186
0
21
60
460866 0.0180358905 0.0190643203 0.0643498749 0.00907424279 0.0924884379
153
153
45
462565 0.0766111165 0.0450356342 0.0928001925 0.015098419 0.152934238
3
24
28
463611 0.0554076731 0.017098356 0.0193473957 0.00544620492 0.0418919586
0
12
21
464018 0.0551039577 0.0101255253 0.0326207243 0.0062857978 0.0490320474
27
33
21
466346 0.0989349335 0.0295519643 0.0368287787 0.000841619 0.0672223642
9
12
9
467468 0.404207945 0.0177331511 0.0119965747 0.0025534709 0.0322831981
132
96
51
46847 0.0733750165 0.0530862063 0.121170051 0.00835327245 0.182609528
3
9
9
473121 0.0594504513 0.0233245045 0.00996274687 0.000721052696 0.0340083055
0
33
36
474881 0.110460125 0.0116937961 0.0215809848 0.000683114864 0.0339578949
96
120
45
475182 0.0183719769 0.0494530797 0.136624441 0.00258513447 0.188662648
0
9
6
475856 0.339868903 0.00673060166 0.00273798825 0.000362948398 0.00983153842
96
84
6
479075 0.146859676 0.0231057536 0.04171874 0.00101279258 0.0658372864
129
93
18
48133 0.0288935583 0.0462567359 0.0951840356 0.0103051178 0.151745886
33
96
63
483446 0.027045384 0.0320568271 0.0592259318 0.0022775312 0.0935602933
12
18
6
485773 1.41375566 0.0135713425 0.00571334874 0.00060782535 0.0198925156
3
9
12
486162 0.165229917 0.0135626374 0.0129221864 0.0128319161 0.0393167399
0
0
15
488743 0.0122586228 0.0225990098 0.0134468414 0.0176422037 0.053688053
0
12
15
491294 0.75200057 0.0142856929 0.00977215357 0.00121529901 0.0252731461
3
9
12
494555 0.2341941 0.0179107655 0.00533823855 0.000442648539 0.0236916542
15
36
30
494846 0.0335259214 0.0257393494 0.0297670215 0.00105458 0.0565609522
15
36
18
499727 1.38944268 0.0128859608 0.0112253707 0.000744649384 0.0248559825
0
6
24
502644 0.0460871123 0.00639356486 0.0133366389 0.000535313622 0.0202655178
0
0
15
512938 0.0173133425 0.0041349344 0.00969831366 0.000618785911 0.0144520337
51
90
78
517399 0.0419226475 0.0252805538 0.0712124854 0.0270391218 0.123532161
27
84
72
520124 0.0187226385 0.0239552818 0.0699838772 0.00287160208 0.0968107581
9
6
9
52017 0.36424166 0.0368075557 0.010866099 0.000581843837 0.0482555
12
6
15
520324 0.0362323709 0.0639300123 0.0316369757 0.00139894593 0.0969659314
30
56
68
522665 0.0567011684 0.0340576172 0.0785936 0.00727099925 0.119922221
6
9
6
530998 0.152142197 0.00999675505 0.00462122913 0.000689264969 0.0153072495
102
117
39
531697 0.0767157152 0.0264019221 0.091720134 0.00404423429 0.122166283
66
54
24
536201 0.0753527284 0.030885648 0.0337096676 0.00727262115 0.0718679354
36
69
42
53668 0.0559024028 0.0174148493 0.028290119 0.00144590356 0.0471508726
0
3
18
537907 0.048764959 0.0164829362 0.0146154929 0.0187551249 0.0498535484
3
21
18
540642 0.118375167 0.0206560865 0.010925822 0.00063848577 0.0322203971
6
9
3
541435 0.993955076 0.0147060137 0.00666766521 0.00133529422 0.0227089729
0
3
15
542388 0.356562465 0.00904726144 0.0122197354 0.000417246425 0.0216842443
0
30
42
547759 0.0492201336 0.0112642376 0.0256236345 0.0280116498 0.0648995191
0
3
6
552656 0.0642396 0.00509064831 0.00334073 0.000678675 0.00911005307
0
9
15
556966 0.114105657 0.0191717334 0.0132630477 0.000397456082 0.0328322388
0
3
18
559955 0.164032608 0.0392706543 0.0109749055 0.00036801555 0.0506135747
6
81
84
563882 0.0052843024 0.0400776863 0.0941916406 0.0200070776 0.154276401
0
15
36
564659 0.0968779624 0.00592514919 0.0128189139 0.000417720294 0.0191617832
78
102
54
566975 0.0836644769 0.0300562549 0.0597229227 0.000774640357 0.0905538276
9
36
30
572802 0.0814024061 0.0193011612 0.0200875755 0.0107644293 0.0501531661
3
21
42
573206 0.0770537555 0.0325546637 0.0345130488 0.00125119649 0.0683189109
0
3
15
574411 0.0548063517 0.0362049863 0.00646238541 0.00777707156 0.0504444428
0
0
9
575032 0.170947298 0.00391243 0.00394446682 0.000221260518 0.00807815697
150
222
99
579070 0.00851741899 0.027965378 0.204735756 0.0148976333 0.247598767
93
126
33
580720 0.0134798726 0.0504787937 0.0966657549 0.0331155919 0.180260152
0
18
15
65231 0.15230833 0.0272460692 0.0104430281 0.000338797166 0.0380278938
120
75
15
65798 0.0760148 0.0390101932 0.101959392 0.0030997498 0.144069329
99
74
39
69670 0.0299237333 0.0372589752 0.0639474317 0.0147574581 0.115963861
0
9
15
69959 0.0773285776 0.00389085 0.00863754936 0.000592287106 0.0131206866
93
96
87
70478 0.0156629272 0.0484836176 0.0990288854 0.0135015147 0.16101402
0
0
6
75162 0.694894314 0.00128141046 0.00220752461 0.000162855562 0.00365179079
6
15
40
79113 0.017438516 0.0111880377 0.0331918709 0.00367626734 0.0480561778
0
9
15
80671 0.0876243562 0.0161505602 0.00852213 0.00259635551 0.0272690468
6
15
21
80949 0.0559464768 0.0189728085 0.024195794 0.0423863567 0.0855549574
0
3
24
83658 0.0354280546 0.0102113709 0.0113632912 0.000215387176 0.02179005
0
0
9
85292 0.0906042308 0.00326773012 0.00352491275 0.000102557824 0.00689520082
102
48
9
8775 0.0784303397 0.0541532561 0.0628296733 0.00197554659 0.118958473
0
9
27
92768 0.0608660653 0.00626177061 0.0126617914 0.00167432928 0.0205978919
24
51
27
93140 0.0725062415 0.0173924267 0.0347255915 0.010028718 0.0621467344
6
18
12
96625 0.0778228939 0.0335668027 0.0105684316 0.00454335846 0.0486785918