30
75
69
101919 0.142827451 0.0438456535 0.0424785 0.0119292168 0.0982533693
18
66
63
106344 0.0527811795 0.0417321473 0.068422 0.0294484477 0.139602602
15
39
57
111878 0.119312 0.0438135713 0.0425899923 0.0331196 0.11952316
63
171
156
113720 0.0543262959 0.0296615958 0.103217266 0.0442539304 0.1771328
6
30
42
116261 0.0795256495 0.014860237 0.0182044078 0.00895027444 0.0420149192
6
21
36
118921 0.2693066 0.0587865859 0.0197139978 0.00435240287 0.0828529894
45
105
102
122588 0.0648280233 0.0461619198 0.0981582552 0.0573319197 0.20165211
141
219
93
126345 0.083818 0.0466634966 0.102548331 0.0246550888 0.173866913
72
54
24
129159 0.163839936 0.0409630239 0.0320060961 0.0111125614 0.0840816796
75
159
126
135410 0.0846841633 0.0319551937 0.0890598893 0.0152225345 0.136237621
9
39
36
14265 0.100806013 0.0165896416 0.0155040398 0.00202179747 0.0341154784
168
126
45
155885 0.0626177266 0.0623925216 0.124778159 0.0685768723 0.255747557
9
42
39
160260 0.107274309 0.0531003661 0.0453241765 0.0690745115 0.167499036
93
108
90
168491 0.0364458337 0.0463376343 0.0942364112 0.00787841 0.148452446
45
96
69
172595 0.188061953 0.0449551195 0.0596117266 0.0409838073 0.145550653
9
18
18
1779 0.491850734 0.034464933 0.0187814087 0.110641919 0.163888261
18
18
30
180366 0.200892702 0.0479035079 0.0263220556 0.0321430713 0.106368631
54
51
12
184205 0.683261275 0.0384715274 0.0335653946 0.0481870882 0.120224014
81
99
66
192406 0.10791491 0.0346436203 0.0575222149 0.00437419675 0.0965400338
3
12
21
205531 0.873972774 0.0218625683 0.0116467243 0.0185830593 0.052092351
72
105
66
212112 0.14079237 0.0264470316 0.0406946763 0.0179118 0.085053511
6
6
36
212605 0.0965176523 0.0558722839 0.0283342805 0.0731051117 0.157311678
9
39
51
220819 0.198245198 0.0244502686 0.0331654102 0.0537627526 0.111378431
150
126
39
223426 0.0626033098 0.058925394 0.0711650178 0.0203176588 0.150408074
0
33
63
224557 0.233774707 0.0146695953 0.0321480595 0.0263640024 0.073181659
174
177
87
226097 0.0843050256 0.0555496365 0.0909740776 0.0287613701 0.175285101
15
69
48
231325 0.149838328 0.0339326 0.0399307385 0.0411642119 0.115027554
15
36
27
233140 0.213420928 0.0114152953 0.0136809694 0.00636489 0.0314611569
72
123
69
237316 0.0921826959 0.0547975525 0.0589599945 0.0271975212 0.140955061
15
87
78
238147 0.108228877 0.0414148979 0.0420118757 0.114397779 0.197824553
30
33
30
242868 0.818364322 0.0204103291 0.0187608153 0.0142885009 0.0534596518
171
186
96
246014 0.0589796156 0.0483927 0.119625643 0.0162727162 0.18429105
153
69
12
25034 0.94506222 0.054707665 0.0420499705 0.0427428 0.139500439
0
15
24
250594 0.227999747 0.0216705017 0.0174389239 0.00373771181 0.0428471416
27
78
63
253718 0.0927392393 0.0463033542 0.0717207342 0.0153524205 0.133376509
78
60
24
254711 0.368990332 0.036604289 0.0261170939 0.0130960988 0.0758174807
44
63
57
258346 0.0969461575 0.0425193 0.0443365797 0.0299298111 0.11678569
93
39
9
259452 0.963109434 0.0451645069 0.0331370495 0.00386503595 0.0821665898
6
39
51
260020 0.121248141 0.0428631678 0.0336971804 0.0260099582 0.102570303
72
108
75
265916 0.0741739348 0.0322660096 0.0571590364 0.0116284806 0.101053521
3
30
42
275058 0.392364502 0.0173210483 0.0202004425 0.00863112 0.0461526141
67
174
123
27642 0.041358009 0.0372238085 0.0882580876 0.0160052 0.141487092
33
54
39
293175 0.193864435 0.0287415497 0.0413664542 0.0312595367 0.101367541
9
21
30
296383 0.23032105 0.0362471491 0.0389158912 0.0348296091 0.109992646
3
9
27
298137 0.198551431 0.0249706767 0.0117302407 0.0217110012 0.0584119149
84
159
84
304404 0.0993675 0.030545909 0.0815572888 0.00701314677 0.119116344
33
87
87
305609 0.0728713572 0.0366211534 0.0635440052 0.037130028 0.137295187
36
9
12
316000 0.955037951 0.0485296026 0.0205970071 0.00626235968 0.075388968
18
63
54
317130 0.0938171744 0.0550644435 0.0632860959 0.0462122299 0.164562762
24
42
30
319830 0.568724394 0.0441308245 0.0188641697 0.0110277198 0.0740227103
6
42
66
322503 0.18287313 0.0362498835 0.0512842648 0.034855932 0.122390077
36
60
48
33372 0.16063118 0.0252100397 0.031738013 0.0154237915 0.0723718479
9
48
60
337065 0.12334282 0.0191512462 0.0360874087 0.00955643784 0.0647950917
372
266
48
353409 0.211350918 0.0634233654 0.128826723 0.0375044495 0.229754552
147
132
48
355441 0.257789731 0.0288087558 0.04792656 0.00886338204 0.0855986923
93
18
24
365485 0.394308925 0.0493329242 0.0451521277 0.064844273 0.159329325
12
75
57
372819 0.206803754 0.0302301049 0.0244611669 0.0471237823 0.101815052
0
0
18