0
15
24
101919 0.016598739 0.010084471 0.03206303 0.018831411 0.06097891
30
60
45
106172 0.049304314 0.054826148 0.1434372 0.04399465 0.242258
12
48
54
106344 0.028732873 0.07069608 0.13292374 0.056384787 0.26000458
6
18
9
109537 0.2807431 0.016159749 0.017827552 0.0014088205 0.035396118
15
36
42
111878 0.024559896 0.0630882 0.07871899 0.108892426 0.25069964
0
3
15
113579 0.13858537 0.015003002 0.011679115 0.07297208 0.0996542
60
141
105
113720 0.0170741 0.039046522 0.17513336 0.059120327 0.27330023
3
30
51
116095 0.021380872 0.028331846 0.053218212 0.16513586 0.24668592
6
30
36
116261 0.015288953 0.028392866 0.036710083 0.04614851 0.11125146
0
0
6
117441 0.32470202 0.0063915676 0.025697153 0.04448093 0.07656965
6
21
18
118921 0.17833433 0.05935199 0.029453851 0.0010508801 0.08985672
0
0
18
120398 0.08801498 0.01634336 0.030793484 0.02247952 0.06961636
39
66
51
122588 0.02928028 0.055574782 0.16418692 0.09480293 0.31456465
6
39
51
124429 0.017940339 0.051399227 0.11472608 0.09740069 0.263526
0
0
9
126345 0.07613244 0.004808402 0.014587377 0.04215331 0.06154909
141
219
84
12897 0.03482027 0.058829214 0.26162907 0.049921267 0.37037957
48
27
6
129159 0.13794646 0.032633957 0.03729253 0.015701275 0.085627764
24
27
18
134558 0.04408196 0.05126046 0.042623866 0.023058955 0.116943285
12
66
57
135410 0.015110429 0.04098877 0.08159463 0.028121553 0.15070495
63
93
69
142620 0.05417874 0.03538807 0.11410543 0.02168902 0.17118251
3
24
21
14265 0.1339848 0.014644878 0.018103708 0.0031282548 0.03587684
6
15
15
155192 0.06537989 0.027725661 0.015084079 0.007582733 0.05039247
168
126
36
155885 0.025668385 0.07424659 0.30862802 0.085979 0.4688536
0
0
9
15746 0.16548002 0.0036464501 0.0096167 0.02751431 0.04077746
6
33
36
160260 0.02914299 0.041720103 0.08123316 0.10954428 0.23249754
3
9
3
16241 2.5813766 0.02778525 0.016383024 0.11731169 0.16147996
48
60
60
168491 0.01503415 0.070599824 0.15103565 0.04639592 0.2680314
45
48
30
170127 0.034903307 0.044772897 0.070504196 0.028858613 0.14413571
45
96
60
172595 0.06731685 0.040532235 0.14515203 0.07895954 0.2646438
0
0
9
173235 0.018297743 0.009965004 0.021377038 0.036059093 0.06740114
9
18
12
1779 0.096747674 0.037982717 0.029799484 0.097650945 0.16543314
0
0
6
179273 0.12933998 0.029584203 0.019297782 0.05781113 0.10669312
0
6
24
180366 0.029349076 0.035208922 0.027527187 0.04846993 0.11120604
18
12
6
18149 0.06808721 0.065046705 0.024047773 0.04674359 0.13583806
24
24
9
184205 0.50491476 0.018179722 0.040371075 0.032625783 0.091176584
30
27
3
192291 0.6561526 0.048180986 0.030447204 0.03502575 0.11365394
36
54
42
192406 0.017582014 0.04868401 0.10132532 0.021040121 0.17104946
45
45
24
197279 0.18478383 0.0293586 0.038449246 0.0035930828 0.071400926
3
9
3
205531 1.3644916 0.028368969 0.012523053 0.024313381 0.0652054
0
3
18
209728 0.14251138 0.011497217 0.01402493 0.09866904 0.12419118
72
93
45
212112 0.027754541 0.03297298 0.091316864 0.043398164 0.16768801
0
12
21
212198 0.09532416 0.016376061 0.024303596 0.0050057387 0.045685396
6
6
21
212605 0.070450455 0.07799926 0.05749 0.13201088 0.26750013
0
0
15
213795 0.038304973 0.033066716 0.026105095 0.029903425 0.08907524
9
36
30
220819 0.03896022 0.018395955 0.0649602 0.12055405 0.2039102
0
3
21
223241 0.055168074 0.07249124 0.024900703 0.052620318 0.15001227
93
102
30
223426 0.03770521 0.071061425 0.1302917 0.08230542 0.28365856
57
24
9
224554 0.009682056 0.052780595 0.043178946 0.024292463 0.120252006
0
18
39
224557 0.03420434 0.014371859 0.0377957 0.031704552 0.08387211
0
15
24
224907 0.19329686 0.021033404 0.050878763 0.06094688 0.13285905
72
36
18
226097 0.16106118 0.04620967 0.051218975 0.071460634 0.16888928
102
141
69
227031 0.016815942 0.05984133 0.14209008 0.033072524 0.23500395
15
60
33
231325 0.053893987 0.047214326 0.08314662 0.042443134 0.17280409
0
9
15
232453 0.049685728 0.019674696 0.032922946 0.02333878 0.07593642
12
18
6
233140 0.33234137 0.029222274 0.02453282 0.048296764 0.102051854
3
18
21
234807 0.12342318 0.011538091 0.008965506 0.016458794 0.03696239
0
9
12
237316 0.20248112 0.020374803 0.020796075 0.0016956902 0.04286657
72
114
57
237324 0.022166815 0.06233394 0.11158339 0.045173258 0.21909058
3
9
24
238147 0.035027646 0.053448837 0.038232245 0.16102865 0.25270975
12
78
54
239148 0.033095412 0.06274536 0.09173302 0.09986536 0.25434375
24
6
9
242868 0.110617034 0.039985567 0.032073505 0.079031125 0.1510902
6
27
21
245049 0.16039257 0.016120384 0.015319597 0.0018336759 0.03327366
135
123
60
246014 0.018346768 0.06324897 0.21212251 0.043187838 0.31855932
36
63
36
246061 0.045559768 0.03820513 0.052570015 0.009011898 0.09978704
120
48
3
25034 0.044184685 0.083100855 0.05815682 0.03713308 0.17839076
33
21
9
250571 0.9642717 0.05593138 0.027779195 0.0723037 0.15601426
0
6
12
250594 0.05509796 0.019097148 0.0099014975 0.0019622904 0.030960936
0
9
12
252696 0.1818402 0.030307753 0.024570469 0.011747777 0.066626
0
18
18
253718 0.024619145 0.06745351 0.036959175 0.0768971 0.18130979
27
60
45
253770 0.02930783 0.03692941 0.07990225 0.013713561 0.13054523
78
60
15
254711 0.12725629 0.038643707 0.042575154 0.015943298 0.09716216
0
0
9
255974 0.19958988 0.0024259952 0.008127935 0.03257834 0.04313227
14
30
33
258346 0.048269562 0.051925864 0.050270677 0.04263662 0.14483316
30
33
24
259335 0.044343457 0.036372945 0.03460643 0.032813888 0.10379326
93
39
3
259452 0.8031008 0.04423509 0.05262035 0.006593797 0.10344924
0
0
6
259614 0.22741304 0.006707057 0.013000457 0.042242516 0.061950028
0
9
9
260020 0.40611055 0.0034237676 0.025166236 0.0009004428 0.029490447
6
30
42
264654 0.030141925 0.06440783 0.075124666 0.042602785 0.18213528
15
60
69
265916 0.022080313 0.042018086 0.106523894 0.03161439 0.18015638
57
48
6
274708 1.2183566 0.030994175 0.030656442 0.0027227148 0.06437334
3
18
9
275058 0.044621706 0.055907663 0.032707512 0.060520872 0.14913605
0
12
33
276146 0.088921756 0.007895917 0.0341744 0.0038342858 0.045904603
55
156
117
27642 0.011094097 0.0422185 0.194401 0.04399673 0.28061622
12
18
6
283441 0.26458153 0.029700682 0.04397829 0.048228018 0.12190699
24
36
18
293175 0.03724569 0.038822144 0.07251221 0.07361782 0.18495217
9
18
21
294908 0.15201266 0.03672048 0.025918502 0.0066821924 0.06932118
0
0
15
296383 0.19724403 0.014006707 0.020058436 0.050419986 0.08448513
9
21
15
296759 0.15678138 0.04394989 0.050659478 0.030915339 0.1255247
3
9
3
298137 3.005954 0.022003986 0.023722071 0.039288476 0.08501454
0
0
24
30290 0.05339422 0.021693818 0.015714783 0.01574948 0.053158082
72
138
66
304404 0.026384652 0.03340147 0.13734134 0.016154626 0.18689744
12
21
18
30465 0.099740244 0.019982545 0.023394924 0.0022687821 0.04564625
33
78
63
305609 0.023408692 0.051391598 0.16218159 0.08395204 0.29752523
0
9
24
306395 0.08725571 0.009588636 0.013909395 0.003635454 0.027133487
0
9
9
316000 0.31505647 0.019472653 0.015680645 0.0015691548 0.036722455
36
0
3
31601 1.272885 0.045537855 0.024975901 0.03353708 0.10405083
0
0
0
317130 0.0005615757 0.0 0.016162887 0.0 0.016162887
18
63
54
318219 0.028902099 0.07623477 0.1345762 0.12559733 0.33640832
15
33
27
319830 0.06905671 0.04338326 0.047391094 0.061394423 0.15216878
9
9
3
320370 0.30151695 0.024756907 0.0124582285 0.011876775 0.049091913
0
15
39
322503 0.04271671 0.023498653 0.07789574 0.06873949 0.17013389
6
27
27
322848 0.032346006 0.02608101 0.04100766 0.04405409 0.11114276
0
0
15
33372 0.13546032 0.017030424 0.019275356 0.025895825 0.062201604
36
60
33
334371 0.02072319 0.040884014 0.07290799 0.0359971 0.1497891
0
6
9
337065 0.110836186 0.018930767 0.033324584 0.08145112 0.13370647
9
42
51
344548 0.045504797 0.020224486 0.048743155 0.009091551 0.07805919
369
260
36
353409 0.024182662 0.07565671 0.37405095 0.076033875 0.5257415
3
6
12
354729 0.47765994 0.019222239 0.030688984 0.034445345 0.08435657
99
87
30
355441 0.13362755 0.02503709 0.06061586 0.0034148297 0.08906778
48
45
18
36053 0.18718289 0.03601104 0.07045294 0.05042611 0.1568901
93
12
6
365485 1.0429456 0.0568203 0.07077838 0.054727513 0.18232618
0
6
18
369667 0.052919906 0.016247759 0.023217222 0.06242698 0.101891965
12
63
33
372819 0.062619425 0.03683967 0.04291393 0.08928589 0.16903949
0
12
24
375376 0.07020181 0.010262817 0.014573092 0.078188054 0.10302396
0
0
9
377738 0.073954225 0.03397132 0.024437092 0.032242194 0.0906506
0
0
9
378859 0.19252521 0.0046309694 0.010451838 0.0013227456 0.016405554
126
153
60
381608 0.009015965 0.05974083 0.23154412 0.062040336 0.35332528
9
9
12
38721 0.12898362 0.027208645 0.021857671 0.017696526 0.06676284
0
9
15
388464 0.21791765 0.01323467 0.01623484 0.0008792158 0.030348724
72
63
27
389753 0.053283952 0.06482111 0.08917331 0.062722996 0.2167174
12
33
48
394050 0.013380679 0.043762706 0.095156774 0.039011445 0.17793092
30
114
93
394334 0.020289814 0.037434157 0.16253364 0.1014283 0.3013961
27
69
57
395904 0.031901337 0.031873133 0.08910504 0.036154106 0.15713228
120
36
15
402248 0.04109488 0.04556926 0.07864604 0.02629593 0.15051123
24
78
93
403995 0.01993371 0.054804113 0.17409399 0.035850037 0.26474816
21
69
30
405882 0.048545934 0.06346697 0.0538306 0.055762462 0.17306003
9
18
9
406744 0.08721879 0.063029 0.021177704 0.1968678 0.2810745
3
24
30
408859 0.029034702 0.040712245 0.0658304 0.11115341 0.21769606
0
0
15
415823 0.19900542 0.0047177384 0.015271489 0.037644412 0.05763364
0
6
9
423396 0.25267875 0.025088599 0.014030893 0.0007997465 0.03991924
18
30
33
432213 0.04486722 0.027099049 0.057739887 0.04605523 0.13089417
0
0
18
432906 0.06010992 0.024654828 0.035233274 0.032130368 0.09201847
0
0
6
436280 0.27594402 0.010407772 0.009904688 0.039294414 0.059606872
0
0
15
443818 0.12284482 0.01018515 0.017710803 0.03847828 0.066374235
72
60
66
457877 0.015291519 0.08477382 0.14372233 0.07065137 0.29914752
3
9
15
459304 0.046650395 0.029154157 0.023306625 0.0012476677 0.05370845
3
3
15
459887 0.12688471 0.037927654 0.041571677 0.1763439 0.25584322
0
21
60
460866 0.018089188 0.04946452 0.07681452 0.099956505 0.22623554
153
153
45
462565 0.03302798 0.0496453 0.10199524 0.02870162 0.18034215
3
24
28
463611 0.07104617 0.02350735 0.04055658 0.08767973 0.15174365
0
12
21
464018 0.03998319 0.023057377 0.04920152 0.066434875 0.13869378
27
33
21
466346 0.055603936 0.04079956 0.05497818 0.016258977 0.11203671
9
12
9
467468 0.43224707 0.028032655 0.02012486 0.020634677 0.068792194
132
96
51
46847 0.023839198 0.07918312 0.20655641 0.08640061 0.37214017
3
9
9
473121 0.01929928 0.02520511 0.01000404 0.004589607 0.039798755
0
33
36
474881 0.13241398 0.01231959 0.0319831 0.058919042 0.10322173
96
120
45
475182 0.010122993 0.07748939 0.20192386 0.046845242 0.32625848
0
9
6
475856 0.06704658 0.00776006 0.013647382 0.0010332456 0.022440687
96
84
6
479075 0.3331083 0.026862113 0.067563966 0.06525743 0.15968351
129
93
18
48133 0.04515867 0.06338831 0.13857576 0.048826426 0.2507905
33
96
63
483446 0.023633927 0.036360007 0.10803582 0.06172754 0.20612337
12
18
6
485773 0.8539326 0.022084832 0.012084357 0.0022588037 0.036427993
3
9
12
486162 0.091704905 0.055155333 0.052653395 0.14034887 0.24815759
0
0
15
488743 0.032574106 0.020690344 0.013654196 0.04630705 0.08065159
0
12
15
491294 0.0879225 0.024994595 0.040776223 0.06433596 0.13010678
3
9
12
494555 0.10717712 0.032572176 0.01809518 0.00803357 0.058700927
15
36
30
494846 0.0422125 0.038051587 0.063453585 0.038225956 0.13973114
15
36
18
499727 0.41241398 0.028723737 0.028341733 0.11947195 0.17653742
0
6
24
502644 0.06930088 0.014666805 0.026517503 0.032290865 0.07347517
0
0
15
512938 0.05104825 0.011905001 0.027417567 0.058739822 0.09806239
51
90
78
517399 0.036716476 0.03459528 0.09922613 0.054670803 0.18849221
27
84
72
520124 0.022236377 0.04048058 0.11102152 0.035902537 0.18740463
9
6
9
52017 0.029835155 0.07381548 0.018678859 0.08761695 0.18011129
12
6
15
520324 0.030786738 0.060336947 0.047546886 0.013374946 0.12125878
30
56
68
522665 0.01967362 0.06156413 0.13844462 0.07626043 0.2762692
6
9
6
530998 0.19244163 0.010966888 0.005675162 0.0008299316 0.01747198
102
117
39
531697 0.066702895 0.042523522 0.15249799 0.049371645 0.24439315
66
54
24
536201 0.098180205 0.03478018 0.04061921 0.0046618753 0.08006126
36
69
42
53668 0.054395255 0.020468136 0.034111936 0.013882915 0.06846298
0
3
18
537907 0.0314707 0.0735592 0.018920109 0.07723195 0.16971126
3
21
18
540642 0.114674136 0.033153906 0.026568688 0.04057935 0.10030194
6
9
3
541435 1.3535025 0.010846454 0.012776397 0.002438322 0.026061174
0
3
15
542388 0.036735974 0.061702967 0.042505935 0.048108816 0.15231772
0
30
42
547759 0.051995452 0.017530952 0.034762163 0.0414656 0.09375872
0
3
6
552656 0.04159943 0.0067891977 0.0063321083 0.059753727 0.07287503
0
9
15
556966 0.053530663 0.034899455 0.025228681 0.036608014 0.09673615
0
3
18
559955 0.052517615 0.063443735 0.024659242 0.07639636 0.16449934
6
81
84
563882 0.0085138185 0.044454824 0.122290865 0.02914035 0.19588605
0
15
36
564659 0.061198678 0.0065411343 0.032622606 0.06882031 0.10798405
78
102
54
566975 0.09036843 0.052176643 0.12971283 0.07803696 0.25992644
9
36
30
572802 0.051532827 0.03215748 0.03661427 0.027448358 0.096220106
3
21
42
573206 0.04769081 0.04124535 0.05898201 0.037711676 0.13793904
0
3
15
574411 0.10470134 0.046123635 0.01639435 0.040399864 0.10291785
0
0
9
575032 0.035944287 0.0010162973 0.013806905 0.0008685955 0.015691798
150
222
99
579070 0.00961354 0.04700711 0.356997 0.05225721 0.45626134
93
126
33
580720 0.024768105 0.06711312 0.15298979 0.06903424 0.28913715
0
18
15
65231 0.12951982 0.04484613 0.015345776 0.012389674 0.07258158
120
75
15
65798 0.051105205 0.06532117 0.1363786 0.022442825 0.22414258
99
74
39
69670 0.01898902 0.039150726 0.07657886 0.026163902 0.14189349
0
9
15
69959 0.1746577 0.0057011633 0.01861198 0.027311016 0.05162416
93
96
87
70478 0.0196602 0.06153969 0.11080927 0.03184824 0.2041972
0
0
6
75162 0.22989571 0.0028401674 0.011612766 0.00692883 0.021381764
6
15
40
79113 0.05285496 0.029214812 0.0660163 0.030262113 0.12549323
0
9
15
80671 0.0431592 0.033420514 0.023286201 0.03171017 0.08841689
6
15
21
80949 0.04436352 0.03146727 0.038629785 0.119990826 0.19008788
0
3
24
83658 0.046651073 0.017336315 0.025829583 0.074135445 0.117301345
0
0
9
85292 0.11744289 0.0082662245 0.017038375 0.016078485 0.041383088
102
48
9
8775 0.16943966 0.058396634 0.06631114 0.028447604 0.15315537
0
9
27
92768 0.07583191 0.012791908 0.026934497 0.024044372 0.06377078
24
51
27
93140 0.061406944 0.024792233 0.06450554 0.05082044 0.14011821
6
18
12
96625 0.10023905 0.032279268 0.019026767 0.027925137 0.07923117
