0
15
24
101919 0.049176943 0.008684954 0.012627228 0.00043822583 0.021750407
30
60
45
106172 0.040490653 0.038421664 0.04940698 0.00052717334 0.08835582
12
48
54
106344 0.0071956245 0.030867422 0.078804374 0.0020032707 0.11167506
6
18
9
109537 0.10905805 0.01628313 0.007014583 0.0008724738 0.024170186
15
36
42
111878 0.049416013 0.029585844 0.052688822 0.0027163266 0.08499099
0
3
15
113579 0.4436181 0.007493076 0.0063991416 0.00035991645 0.014252134
60
141
105
113720 0.028119827 0.029074369 0.1312685 0.018821226 0.1791641
3
30
51
116095 0.09674516 0.018143523 0.024781644 0.0005942618 0.04351943
6
30
36
116261 0.03636345 0.011102068 0.022604559 0.0019221669 0.035628796
0
0
6
117441 0.04974479 0.0054705874 0.010006145 0.013405969 0.028882701
6
21
18
118921 0.2023097 0.05852897 0.013673559 0.0007869898 0.07298952
0
0
18
120398 0.072117135 0.004115812 0.0090236105 0.0012431139 0.0143825365
39
66
51
122588 0.02985182 0.022349758 0.055705313 0.01147352 0.08952859
6
39
51
124429 0.029620035 0.028732175 0.06548203 0.033974066 0.12818827
0
0
9
126345 0.011516202 0.001924629 0.0036837896 0.00015975187 0.0057681706
141
219
84
12897 0.018390246 0.04200784 0.17804626 0.013699147 0.23375323
48
27
6
129159 0.28574324 0.03367822 0.024946472 0.016673353 0.07529804
24
27
18
134558 0.07106899 0.03223381 0.028119547 0.001303589 0.061656944
12
66
57
135410 0.027568115 0.03066701 0.06859256 0.0065390724 0.10579864
63
93
69
142620 0.01823484 0.026922632 0.0978917 0.021676106 0.14649044
3
24
21
14265 0.058861207 0.00958036 0.0141475 0.0031263898 0.02685425
6
15
15
155192 0.16378586 0.013780527 0.0062545594 0.0004187115 0.020453798
168
126
36
155885 0.049576633 0.048818048 0.15403861 0.006419722 0.20927638
0
0
9
15746 0.5307232 0.0011615385 0.001461743 0.00024008528 0.0028633666
6
33
36
160260 0.06414657 0.01482674 0.03643027 0.00051864696 0.051775657
3
9
3
16241 2.2983806 0.025898939 0.0023655654 0.00056269026 0.028827194
48
60
60
168491 0.016903441 0.04989114 0.09693141 0.0025018384 0.1493244
45
48
30
170127 0.05475914 0.020732632 0.03340277 0.0016174566 0.055752862
45
96
60
172595 0.03104696 0.03866604 0.091398016 0.02579149 0.15585555
0
0
9
173235 0.16865832 0.0033236437 0.0129793715 0.00041541847 0.016718434
9
18
12
1779 0.38010144 0.027123345 0.01390077 0.0007997245 0.041823838
0
0
6
179273 0.15756626 0.010735368 0.018706743 0.00423278 0.033674892
0
6
24
180366 0.08719251 0.009276114 0.017774697 0.0042026993 0.03125351
18
12
6
18149 0.5019273 0.038039226 0.010203811 0.018822484 0.06706552
24
24
9
184205 0.52886766 0.02167665 0.03193061 0.02215416 0.07576142
30
27
3
192291 0.8211243 0.044478405 0.019329723 0.0032617855 0.06706991
36
54
42
192406 0.020899376 0.0402504 0.07448718 0.0032122156 0.11794979
45
45
24
197279 0.20995754 0.02594305 0.028300596 0.0012972122 0.05554086
3
9
3
205531 1.3745363 0.031243432 0.0056958483 0.0082075 0.045146782
0
3
18
209728 0.015502986 0.005799458 0.0040615806 0.00032987678 0.010190915
72
93
45
212112 0.051751122 0.029010957 0.065336436 0.013479753 0.10782715
0
12
21
212198 0.0878115 0.007600592 0.006488898 0.0014211969 0.015510686
6
6
21
212605 0.024446597 0.038977332 0.038216036 0.0047803507 0.08197372
0
0
15
213795 0.016367521 0.009624698 0.013316736 0.00017697715 0.02311841
9
36
30
220819 0.030097043 0.01387718 0.021349646 0.00072878855 0.035955615
0
3
21
223241 0.038657457 0.030790672 0.021495935 0.03155104 0.08383764
93
102
30
223426 0.035641827 0.051603902 0.08664027 0.010204982 0.14844915
57
24
9
224554 0.22766387 0.04384115 0.028021408 0.002723546 0.0745861
0
18
39
224557 0.06777797 0.0095483605 0.02245348 0.011598216 0.043600053
0
15
24
224907 0.1401112 0.012996818 0.015069414 0.005462368 0.0335286
72
36
18
226097 0.06996851 0.035199564 0.041267607 0.017588694 0.09405586
102
141
69
227031 0.03984882 0.038865384 0.11124876 0.01227521 0.16238935
15
60
33
231325 0.07532404 0.033023186 0.054640047 0.02458275 0.112245984
0
9
15
232453 0.23541257 0.013191218 0.008444711 0.0011576695 0.022793597
12
18
6
233140 0.009134117 0.008297334 0.008228243 0.0015160168 0.018041594
3
18
21
234807 0.07756145 0.0072376407 0.004841719 0.00069100724 0.012770367
0
9
12
237316 0.21444432 0.010217375 0.0052076327 0.00038192637 0.015806934
72
114
57
237324 0.055694982 0.044385344 0.08928458 0.011749949 0.14541987
3
9
24
238147 0.06262036 0.022404881 0.018759977 0.0031513695 0.04431623
12
78
54
239148 0.034453712 0.031803083 0.034863766 0.0006545776 0.06732143
24
6
9
242868 0.061844442 0.04087327 0.021010311 0.0023217145 0.0642053
6
27
21
245049 0.26897052 0.013987995 0.009523734 0.00064735283 0.024159083
135
123
60
246014 0.009512428 0.047901012 0.14031604 0.009942724 0.19815977
36
63
36
246061 0.065930724 0.03292301 0.040274493 0.009849573 0.08304707
120
48
3
25034 0.37151492 0.047823943 0.036897182 0.0020569696 0.0867781
33
21
9
250571 1.1746378 0.031848174 0.022199618 0.0016187113 0.055666506
0
6
12
250594 0.028857458 0.012591149 0.0066416636 0.00035943242 0.019592246
0
9
12
252696 0.23370239 0.020813812 0.009284442 0.0004206358 0.03051889
0
18
18
253718 0.16837446 0.03811247 0.02917019 0.004200183 0.071482845
27
60
45
253770 0.052563027 0.027165402 0.053099483 0.0010406055 0.08130549
78
60
15
254711 0.114090875 0.035126645 0.036585506 0.01061182 0.08232397
0
0
9
255974 0.02209117 0.0012671351 0.0028023107 0.0002455076 0.0043149535
14
30
33
258346 0.032907076 0.032917947 0.03248623 0.0029646782 0.06836885
30
33
24
259335 0.067579985 0.02550008 0.018185312 0.019946173 0.063631564
93
39
3
259452 2.0846708 0.039804775 0.048580535 0.008647225 0.09703254
0
0
6
259614 0.49542603 0.0027119517 0.002747296 0.00015726876 0.0056165163
0
9
9
260020 0.7327224 0.0037569336 0.0017898916 0.0006139891 0.0061608143
6
30
42
264654 0.042379458 0.031871833 0.046499506 0.0033759852 0.08174732
15
60
69
265916 0.07211771 0.018036714 0.05102346 0.00074232905 0.06980251
57
48
6
274708 1.1223875 0.020544961 0.021820381 0.0018709698 0.044236314
3
18
9
275058 0.37004617 0.019620663 0.0059524872 0.00042909491 0.026002245
0
12
33
276146 0.116528004 0.0060862103 0.022039253 0.00059332856 0.028718792
55
156
117
27642 0.0103072 0.03460839 0.14865148 0.005717878 0.18897775
12
18
6
283441 0.37059978 0.0186946 0.023316184 0.0021966347 0.04420742
24
36
18
293175 0.088725545 0.029610679 0.040674493 0.008172028 0.0784572
9
18
21
294908 0.27229154 0.016117983 0.013233455 0.00077292643 0.030124364
0
0
15
296383 0.26394102 0.0053406446 0.009562109 0.0034122723 0.018315027
9
21
15
296759 0.3952477 0.02274597 0.03320077 0.002323462 0.058270205
3
9
3
298137 2.2546616 0.008818875 0.0016921551 0.0008352813 0.011346311
0
0
24
30290 0.04568843 0.010745716 0.010088006 0.007390486 0.02822421
72
138
66
304404 0.019510262 0.034012 0.11433892 0.004737574 0.1530885
12
21
18
30465 0.013147767 0.017814439 0.016157553 0.02006506 0.05403705
33
78
63
305609 0.01391438 0.033104748 0.08882025 0.027944582 0.14986958
0
9
24
306395 0.1529927 0.0058387355 0.008009843 0.0032966735 0.017145252
0
9
9
316000 0.5395311 0.019502338 0.009049859 0.00047438944 0.029026587
36
0
3
31601 1.4183353 0.041851588 0.00889243 0.0006940125 0.051438034
0
0
0
317130 2.5571632e-07 0.0 0.00031734444 0.0 0.00031734444
18
63
54
318219 0.028068896 0.03970311 0.07067761 0.00821792 0.11859864
15
33
27
319830 0.22607574 0.03879137 0.038800474 0.00538071 0.08297256
9
9
3
320370 0.0685435 0.035069633 0.005403039 0.00074615795 0.04121883
0
15
39
322503 0.053800054 0.016020617 0.029956382 0.0016470186 0.047624014
6
27
27
322848 0.22523049 0.03535152 0.03142737 0.0016232722 0.068402156
0
0
15
33372 0.083065234 0.0033956803 0.009260082 0.0010533693 0.013709132
36
60
33
334371 0.085234925 0.0168206 0.033736244 0.0007067694 0.051263615
0
6
9
337065 0.16533233 0.010077774 0.010404687 0.0013602413 0.021842703
9
42
51
344548 0.04865928 0.0177524 0.025741179 0.0009380586 0.044431634
369
260
36
353409 0.027509714 0.0473148 0.25871456 0.024384484 0.33041382
3
6
12
354729 0.7132752 0.006708917 0.0045019593 0.00094056467 0.012151442
99
87
30
355441 0.15186647 0.020388007 0.04812349 0.0010449952 0.0695565
48
45
18
36053 0.15136692 0.026464446 0.029171884 0.003470891 0.05910722
93
12
6
365485 0.92864054 0.032704595 0.05813424 0.012385763 0.1032246
0
6
18
369667 0.07564791 0.0055335513 0.006885737 0.00028996594 0.012709255
12
63
33
372819 0.03136843 0.0323372 0.027948543 0.03678927 0.097075015
0
12
24
375376 0.10423041 0.00684268 0.010748701 0.00044032565 0.018031707
0
0
9
377738 0.071232334 0.020546602 0.018457366 0.032768264 0.07177223
0
0
9
378859 0.3478592 0.0045707338 0.0011465127 0.00019691266 0.005914159
126
153
60
381608 0.016332276 0.050560225 0.15221608 0.030721173 0.23349747
9
9
12
38721 0.054064643 0.02495423 0.0115977805 0.0041119982 0.04066401
0
9
15
388464 0.21395783 0.012163063 0.010888391 0.0004711753 0.023522628
72
63
27
389753 0.15268365 0.044977956 0.056143556 0.0074324813 0.108554
12
33
48
394050 0.019520003 0.0313807 0.06769783 0.0077110888 0.106789626
30
114
93
394334 0.034687936 0.009539501 0.06372382 0.002514291 0.075777605
27
69
57
395904 0.03599737 0.02023609 0.078162886 0.0123189315 0.11071791
120
36
15
402248 0.08012816 0.039024077 0.057203934 0.018376138 0.114604145
24
78
93
403995 0.029551312 0.02734298 0.069879375 0.009054428 0.10627679
21
69
30
405882 0.060452055 0.039147105 0.04090865 0.012509903 0.09256566
9
18
9
406744 0.45541865 0.04434071 0.0100764865 0.004197237 0.058614433
3
24
30
408859 0.06720677 0.03722618 0.035164606 0.020773686 0.093164474
0
0
15
415823 0.1418419 0.0035450372 0.0072165835 0.0003044793 0.0110661
0
6
9
423396 0.3871414 0.018038107 0.003158966 0.00042848513 0.021625558
18
30
33
432213 0.09418484 0.03289414 0.047323138 0.017921802 0.09813908
0
0
18
432906 0.15156063 0.004758519 0.014874609 0.00302083 0.02265396
0
0
6
436280 0.6558152 0.0019482911 0.0012941901 0.00017140592 0.003413887
0
0
15
443818 0.17581251 0.003163904 0.011093115 0.023388753 0.037645772
72
60
66
457877 0.0429125 0.027992556 0.08848472 0.0011433426 0.11762062
3
9
15
459304 0.02156646 0.025628721 0.007116506 0.000557421 0.03330265
3
3
15
459887 0.18765597 0.037605118 0.014677803 0.05117488 0.1034578
0
21
60
460866 0.017908122 0.018941274 0.0644619 0.009076498 0.092479676
153
153
45
462565 0.076775305 0.044049468 0.09356511 0.015102714 0.15271729
3
24
28
463611 0.055558834 0.016965494 0.019348525 0.0054648155 0.041778833
0
12
21
464018 0.055042755 0.010054565 0.032617446 0.0062854597 0.04895747
27
33
21
466346 0.09880337 0.028831953 0.03709588 0.00084203307 0.06676987
9
12
9
467468 0.4340459 0.017186113 0.01204819 0.0025540956 0.031788398
132
96
51
46847 0.07359739 0.05216859 0.12337242 0.008355996 0.183897
3
9
9
473121 0.05938076 0.023266409 0.009961754 0.00072267 0.03395083
0
33
36
474881 0.11079927 0.011469035 0.021569788 0.00068322825 0.033722054
96
120
45
475182 0.017530013 0.04819606 0.1377012 0.0025849245 0.18848218
0
9
6
475856 0.34038624 0.006704843 0.0027358397 0.00036294112 0.009803624
96
84
6
479075 0.14717533 0.022709094 0.041760087 0.001012458 0.06548164
129
93
18
48133 0.028905636 0.0457304 0.09584108 0.010312015 0.1518835
33
96
63
483446 0.030336615 0.03164759 0.059312098 0.0022782257 0.09323791
12
18
6
485773 1.412653 0.013563064 0.0057097008 0.00060771574 0.019880481
3
9
12
486162 0.16518357 0.013502443 0.012887957 0.012821871 0.03921227
0
0
15
488743 0.012265741 0.022560058 0.013454124 0.017625187 0.05363937
0
12
15
491294 0.75237584 0.01424743 0.009780292 0.0012172705 0.025244992
3
9
12
494555 0.23424503 0.017896047 0.0053394223 0.00044237945 0.02367785
15
36
30
494846 0.03368341 0.02557813 0.029767618 0.0010549609 0.05640071
15
36
18
499727 1.3893478 0.01287506 0.011230241 0.00074487214 0.024850171
0
6
24
502644 0.035920084 0.00631546 0.013342071 0.00053527 0.020192802
0
0
15
512938 0.017257087 0.0040744934 0.009703886 0.0006184305 0.01439681
51
90
78
517399 0.042661786 0.024948109 0.07123506 0.027039165 0.12322233
27
84
72
520124 0.018648291 0.023657179 0.0703992 0.0028748089 0.09693119
9
6
9
52017 0.3648207 0.035866644 0.010992888 0.0005808192 0.04744035
12
6
15
520324 0.037886243 0.062447276 0.031927064 0.0014001114 0.09577446
30
56
68
522665 0.05762962 0.033474043 0.078887045 0.007262946 0.11962403
6
9
6
530998 0.15229085 0.009973385 0.004623565 0.00068936136 0.0152863115
102
117
39
531697 0.07657817 0.026110018 0.091947556 0.004040581 0.122098155
66
54
24
536201 0.07520736 0.029579062 0.033896394 0.00728168 0.07075714
36
69
42
53668 0.05748191 0.017205827 0.028293032 0.0014453433 0.0469442
0
3
18
537907 0.04400143 0.016387476 0.01460946 0.018707262 0.049704198
3
21
18
540642 0.11831659 0.02053952 0.010923021 0.0006379994 0.032100543
6
9
3
541435 1.7243695 0.014652188 0.0066629867 0.0013360236 0.022651197
0
3
15
542388 0.33583748 0.009004767 0.012224563 0.00041722858 0.02164656
0
30
42
547759 0.049237788 0.011175587 0.025661018 0.028035354 0.06487196
0
3
6
552656 0.064287975 0.005095025 0.0033412043 0.00067931274 0.009115541
0
9
15
556966 0.113832 0.018954204 0.013269119 0.00039754692 0.03262087
0
3
18
559955 0.16432245 0.03921474 0.010971777 0.00036817498 0.050554693
6
81
84
563882 0.00542407 0.039735314 0.09505463 0.01999608 0.15478602
0
15
36
564659 0.118214905 0.005907632 0.012815991 0.0004179561 0.019141579
78
102
54
566975 0.08430216 0.0296767 0.05963461 0.0007747904 0.0900861
9
36
30
572802 0.07139907 0.019130783 0.020095315 0.010762049 0.04998815
3
21
42
573206 0.08214752 0.03213762 0.034529053 0.0012501067 0.06791678
0
3
15
574411 0.057287782 0.036163162 0.0064641973 0.007776809 0.05040417
0
0
9
575032 0.17077824 0.0039027852 0.0039465656 0.00022132244 0.008070673
150
222
99
579070 0.008501513 0.027409634 0.20516184 0.014903756 0.24747522
93
126
33
580720 0.013923236 0.04940329 0.096893944 0.033131007 0.17942823
0
18
15
65231 0.15172029 0.027105585 0.010447 0.00033882985 0.037891414
120
75
15
65798 0.07596517 0.03797957 0.1034535 0.0030960548 0.14452913
99
74
39
69670 0.028858867 0.03637573 0.06471067 0.014753535 0.115839936
0
9
15
69959 0.07704951 0.0038823697 0.008629144 0.00059196155 0.013103476
93
96
87
70478 0.015543001 0.047903933 0.099206105 0.013491587 0.16060163
0
0
6
75162 0.6948523 0.001279441 0.0022106506 0.00016286489 0.0036529566
6
15
40
79113 0.016332462 0.011101809 0.03319628 0.0036713725 0.047969464
0
9
15
80671 0.08762522 0.016089201 0.00851628 0.0026093423 0.027214823
6
15
21
80949 0.055905115 0.01889956 0.0242179 0.04234065 0.085458115
0
3
24
83658 0.035514195 0.010170552 0.0113634635 0.00021537038 0.021749385
0
0
9
85292 0.0907119 0.0032521896 0.0035205148 0.00010250929 0.0068752137
102
48
9
8775 0.07842963 0.052495148 0.063384525 0.0019735268 0.117853194
0
9
27
92768 0.060849965 0.0062391465 0.012660382 0.0016751385 0.020574667
24
51
27
93140 0.07219906 0.017166337 0.034712907 0.010015385 0.061894625
6
18
12
96625 0.081060104 0.032568615 0.010227288 0.004538797 0.0473347
