30
75
69
101919 0.08482023 0.03648436 0.03101522 0.00052877946 0.06802836
18
66
63
106344 0.029498551 0.027277604 0.042914815 0.0016588648 0.07185128
15
39
57
111878 0.22892728 0.026682228 0.029617172 0.002139687 0.058439087
63
171
156
113720 0.0897213 0.026887698 0.07803231 0.015876658 0.120796666
6
30
42
116261 0.10920222 0.011131766 0.016306974 0.0037699663 0.031208707
6
21
36
118921 0.2772268 0.056224074 0.011350235 0.001294989 0.06886929
45
105
102
122588 0.061459586 0.02424836 0.060589917 0.013895633 0.09873391
141
219
93
126345 0.051630747 0.04091732 0.09085738 0.01345619 0.14523089
72
54
24
129159 0.22818829 0.03372627 0.026539063 0.010536435 0.070801765
75
159
126
135410 0.043586187 0.02937612 0.08348112 0.017382784 0.13024002
9
39
36
14265 0.18656172 0.012037716 0.01020378 0.0017683258 0.024009822
168
126
45
155885 0.21791302 0.045338053 0.0777509 0.0058272444 0.1289162
9
42
39
160260 0.27045065 0.017407054 0.01940056 0.0005216205 0.03732923
93
108
90
168491 0.06019009 0.036674507 0.06521269 0.002073751 0.103960946
45
96
69
172595 0.103083104 0.03817991 0.052207567 0.02508326 0.11547074
9
18
18
1779 0.74737847 0.027697152 0.016305681 0.0021169311 0.04611976
18
18
30
180366 0.31772202 0.029284721 0.0139868315 0.006843756 0.05011531
54
51
12
184205 1.3387446 0.030667564 0.025628764 0.013882998 0.07017933
81
99
66
192406 0.14932942 0.033825483 0.05139915 0.002149629 0.087374255
3
12
21
205531 0.15999198 0.02231921 0.004876941 0.00664726 0.033843413
72
105
66
212112 0.14032036 0.026673714 0.035925828 0.011467904 0.07406744
6
6
36
212605 0.043242436 0.040778607 0.025765307 0.0044056596 0.07094958
9
39
51
220819 0.071799316 0.017333144 0.021419808 0.0072099324 0.045962885
150
126
39
223426 0.12272429 0.050217856 0.057537485 0.008750411 0.11650575
0
33
63
224557 0.1824753 0.011012667 0.018764427 0.00908746 0.038864553
174
177
87
226097 0.10934153 0.040508814 0.07648495 0.015056702 0.13205047
15
69
48
231325 0.23519093 0.031765543 0.0315416 0.023888286 0.087195426
15
36
27
233140 0.18986766 0.007940842 0.0065336293 0.0012636153 0.015738087
72
123
69
237316 0.182141 0.042104207 0.047116295 0.010329191 0.099549696
15
87
78
238147 0.09217719 0.029471973 0.026803125 0.0013602909 0.05763539
30
33
30
242868 0.54999423 0.024609411 0.015269553 0.0018062033 0.041685168
171
186
96
246014 0.05169025 0.042691033 0.09054172 0.010680002 0.14391276
153
69
12
25034 2.7614844 0.037705652 0.029512754 0.001971604 0.06919001
0
15
24
250594 0.25973672 0.01706948 0.007962486 0.0003876589 0.025419625
27
78
63
253718 0.16395962 0.032819264 0.04113461 0.002022005 0.07597588
78
60
24
254711 0.19031933 0.034341495 0.019695519 0.010564147 0.06460116
44
63
57
258346 0.09212348 0.027981116 0.025350083 0.011472036 0.064803235
93
39
9
259452 1.8078213 0.03935522 0.025669 0.0057035806 0.0707278
6
39
51
260020 0.21871859 0.029097566 0.023973051 0.0029448587 0.056015477
72
108
75
265916 0.27264905 0.020906577 0.036416266 0.0014285583 0.058751404
3
30
42
275058 0.35488173 0.017121727 0.01399385 0.00063552917 0.031751107
67
174
123
27642 0.039648667 0.03340016 0.085974395 0.005466138 0.1248407
33
54
39
293175 0.37646282 0.02562466 0.026978536 0.006034597 0.058637794
9
21
30
296383 0.62410855 0.023026202 0.021381926 0.0038181196 0.04822625
3
9
27
298137 0.2565552 0.01604591 0.005889815 0.007182424 0.029118147
84
159
84
304404 0.051355164 0.031087106 0.0652549 0.0066987127 0.10304072
33
87
87
305609 0.07662181 0.030752916 0.048412085 0.026848175 0.10601317
36
9
12
316000 1.6138116 0.045530416 0.0089708585 0.0010021476 0.05550342
18
63
54
317130 0.10414391 0.039714772 0.03549014 0.008221205 0.08342612
24
42
30
319830 0.75043064 0.038266473 0.022114348 0.003665768 0.06404659
6
42
66
322503 0.1815928 0.03524526 0.030691018 0.001959759 0.06789603
36
60
48
33372 0.19883491 0.016526744 0.021501768 0.0009506335 0.038979147
9
48
60
337065 0.1599714 0.017284894 0.01807005 0.0010242655 0.036379207
372
266
48
353409 0.23732701 0.04328374 0.1315934 0.020978091 0.19585523
147
132
48
355441 0.31350034 0.022533087 0.038644183 0.0019510069 0.06312828
93
18
24
365485 0.4016556 0.028987585 0.032506596 0.01093721 0.072431386
12
75
57
372819 0.11695095 0.028718257 0.019345619 0.03181494 0.079878815
0
0
18
377738 0.41481966 0.012561107 0.009799889 0.016481545 0.03884254
135
162
72
381608 0.048767354 0.0479902 0.082346976 0.0281717 0.15850888
72
72
42
388464 0.35329902 0.044113677 0.033515252 0.006260325 0.08388925
42
147
141
394050 0.06736838 0.01583658 0.065708145 0.0040411036 0.08558583
147
105
72
395904 0.09742545 0.03182976 0.06797485 0.01079603 0.11060064
45
147
123
403995 0.08173327 0.03272609 0.055409573 0.010617211 0.09875287
12
42
39
406744 0.26399618 0.039611995 0.022615397 0.012409197 0.074636586
0
6
24
415823 0.45038646 0.014433219 0.0051888637 0.00042543275 0.020047516
18
30
51
432213 0.2713536 0.032488022 0.031102816 0.017504748 0.08109559
0
0
21
436280 0.5847971 0.0028167234 0.006190365 0.016752675 0.025759764
75
69
81
457877 0.10371072 0.02788246 0.047803245 0.0010659487 0.07675166
3
24
75
459887 0.0754655 0.031201227 0.0395714 0.0323533 0.10312593
156
177
73
462565 0.15878975 0.042109925 0.056427862 0.013795096 0.11233288
27
45
42
464018 0.15364629 0.026997833 0.034856066 0.0028079392 0.06466184
141
108
60
467468 0.25626707 0.048299864 0.067704424 0.007612357 0.12361664
3
42
45
473121 0.2676918 0.025663113 0.01576421 0.000982825 0.042410146
96
129
51
475182 0.076779835 0.045468695 0.07028139 0.0023857462 0.118135825
225
177
24
479075 0.098508574 0.03865018 0.06876913 0.0075010974 0.11492041
45
114
69
483446 0.14273047 0.028601969 0.03251531 0.0019659873 0.06308326
3
9
27
486162 0.14622445 0.02410761 0.013166606 0.020816129 0.058090348
3
21
27
491294 1.1435529 0.018500406 0.007558536 0.0009511798 0.027010122
30
72
48
494846 0.83058566 0.020023251 0.020502904 0.00092338934 0.041449543
0
6
39
502644 0.065784894 0.0059333774 0.011528204 0.00065383053 0.018115412
78
174
150
517399 0.05907914 0.024763972 0.07059446 0.016489882 0.11184831
21
12
24
52017 0.27074826 0.05137513 0.021456387 0.0010572372 0.07388875
36
65
74
522665 0.19447559 0.030395478 0.041770756 0.006205802 0.07837204
168
171
63
531697 0.15918341 0.027564237 0.06310934 0.005264224 0.095937796
36
72
60
53668 0.12941715 0.01760143 0.021413121 0.0025841151 0.041598666
9
30
21
540642 0.4307259 0.016623618 0.008792726 0.00076107 0.026177414
0
33
57
542388 0.19621263 0.01036022 0.01893934 0.023391321 0.052690882
0
12
21
552656 0.2569481 0.015216941 0.008305518 0.00047640415 0.023998864
6
84
102
559955 0.036350787 0.03941912 0.052838035 0.01790787 0.11016503
78
117
90
564659 0.19870454 0.02813601 0.036306266 0.0007147314 0.06515701
12
57
72
572802 0.15556286 0.023260752 0.027430888 0.0065806825 0.057272322
0
3
24
574411 0.17932254 0.029859671 0.005205099 0.0050327354 0.04009751
243
348
132
579070 0.019031325 0.033752926 0.15116243 0.020140545 0.2050559
120
93
30
65231 0.22500536 0.041028965 0.056958795 0.0026160122 0.10060377
99
83
54
69670 0.0898109 0.031791262 0.03673828 0.011886377 0.08041592
93
96
93
70478 0.062776655 0.04710436 0.050647624 0.012898279 0.110650264
6
24
55
79113 0.060090568 0.013738826 0.020854395 0.0035648607 0.03815808
6
18
45
80949 0.0943156 0.018626207 0.017789084 0.0388528 0.07526809
102
48
18
85292 0.20083955 0.053506073 0.033289514 0.001907213 0.0887028
24
60
54
92768 0.14108242 0.015793575 0.02368252 0.00705906 0.046535157
6
18
12
96625 0.081070356 0.03256986 0.010230461 0.0045378665 0.047338188