linear
linear
linear
Conv2d(3, 32, kernel_size=(3, 3), stride=(1, 1), padding=(1, 1), bias=False)
BatchNorm2d(32, eps=0.0001, momentum=0.03, affine=True, track_running_stats=True)
Conv2d(32, 64, kernel_size=(3, 3), stride=(2, 2), padding=(1, 1), bias=False)
BatchNorm2d(64, eps=0.0001, momentum=0.03, affine=True, track_running_stats=True)
Conv2d(64, 32, kernel_size=(1, 1), stride=(1, 1), bias=False)
BatchNorm2d(32, eps=0.0001, momentum=0.03, affine=True, track_running_stats=True)
Conv2d(32, 64, kernel_size=(3, 3), stride=(1, 1), padding=(1, 1), bias=False)
BatchNorm2d(64, eps=0.0001, momentum=0.03, affine=True, track_running_stats=True)
Conv2d(64, 128, kernel_size=(3, 3), stride=(2, 2), padding=(1, 1), bias=False)
BatchNorm2d(128, eps=0.0001, momentum=0.03, affine=True, track_running_stats=True)
Conv2d(128, 64, kernel_size=(1, 1), stride=(1, 1), bias=False)
BatchNorm2d(64, eps=0.0001, momentum=0.03, affine=True, track_running_stats=True)
Conv2d(128, 64, kernel_size=(1, 1), stride=(1, 1), bias=False)
BatchNorm2d(64, eps=0.0001, momentum=0.03, affine=True, track_running_stats=True)
Conv2d(64, 64, kernel_size=(1, 1), stride=(1, 1), bias=False)
BatchNorm2d(64, eps=0.0001, momentum=0.03, affine=True, track_running_stats=True)
Conv2d(64, 64, kernel_size=(3, 3), stride=(1, 1), padding=(1, 1), bias=False)
BatchNorm2d(64, eps=0.0001, momentum=0.03, affine=True, track_running_stats=True)
Conv2d(64, 64, kernel_size=(1, 1), stride=(1, 1), bias=False)
BatchNorm2d(64, eps=0.0001, momentum=0.03, affine=True, track_running_stats=True)
Conv2d(64, 64, kernel_size=(3, 3), stride=(1, 1), padding=(1, 1), bias=False)
BatchNorm2d(64, eps=0.0001, momentum=0.03, affine=True, track_running_stats=True)
Conv2d(64, 64, kernel_size=(1, 1), stride=(1, 1), bias=False)
BatchNorm2d(64, eps=0.0001, momentum=0.03, affine=True, track_running_stats=True)
Conv2d(128, 128, kernel_size=(1, 1), stride=(1, 1), bias=False)
BatchNorm2d(128, eps=0.0001, momentum=0.03, affine=True, track_running_stats=True)
Conv2d(128, 256, kernel_size=(3, 3), stride=(2, 2), padding=(1, 1), bias=False)
BatchNorm2d(256, eps=0.0001, momentum=0.03, affine=True, track_running_stats=True)
Conv2d(256, 128, kernel_size=(1, 1), stride=(1, 1), bias=False)
BatchNorm2d(128, eps=0.0001, momentum=0.03, affine=True, track_running_stats=True)
Conv2d(256, 128, kernel_size=(1, 1), stride=(1, 1), bias=False)
BatchNorm2d(128, eps=0.0001, momentum=0.03, affine=True, track_running_stats=True)
Conv2d(128, 128, kernel_size=(1, 1), stride=(1, 1), bias=False)
BatchNorm2d(128, eps=0.0001, momentum=0.03, affine=True, track_running_stats=True)
Conv2d(128, 128, kernel_size=(3, 3), stride=(1, 1), padding=(1, 1), bias=False)
BatchNorm2d(128, eps=0.0001, momentum=0.03, affine=True, track_running_stats=True)
Conv2d(128, 128, kernel_size=(1, 1), stride=(1, 1), bias=False)
BatchNorm2d(128, eps=0.0001, momentum=0.03, affine=True, track_running_stats=True)
Conv2d(128, 128, kernel_size=(3, 3), stride=(1, 1), padding=(1, 1), bias=False)
BatchNorm2d(128, eps=0.0001, momentum=0.03, affine=True, track_running_stats=True)
Conv2d(128, 128, kernel_size=(1, 1), stride=(1, 1), bias=False)
BatchNorm2d(128, eps=0.0001, momentum=0.03, affine=True, track_running_stats=True)
Conv2d(128, 128, kernel_size=(3, 3), stride=(1, 1), padding=(1, 1), bias=False)
BatchNorm2d(128, eps=0.0001, momentum=0.03, affine=True, track_running_stats=True)
Conv2d(128, 128, kernel_size=(1, 1), stride=(1, 1), bias=False)
BatchNorm2d(128, eps=0.0001, momentum=0.03, affine=True, track_running_stats=True)
Conv2d(128, 128, kernel_size=(3, 3), stride=(1, 1), padding=(1, 1), bias=False)
BatchNorm2d(128, eps=0.0001, momentum=0.03, affine=True, track_running_stats=True)
Conv2d(128, 128, kernel_size=(1, 1), stride=(1, 1), bias=False)
BatchNorm2d(128, eps=0.0001, momentum=0.03, affine=True, track_running_stats=True)
Conv2d(128, 128, kernel_size=(3, 3), stride=(1, 1), padding=(1, 1), bias=False)
BatchNorm2d(128, eps=0.0001, momentum=0.03, affine=True, track_running_stats=True)
Conv2d(128, 128, kernel_size=(1, 1), stride=(1, 1), bias=False)
BatchNorm2d(128, eps=0.0001, momentum=0.03, affine=True, track_running_stats=True)
Conv2d(128, 128, kernel_size=(3, 3), stride=(1, 1), padding=(1, 1), bias=False)
BatchNorm2d(128, eps=0.0001, momentum=0.03, affine=True, track_running_stats=True)
Conv2d(128, 128, kernel_size=(1, 1), stride=(1, 1), bias=False)
BatchNorm2d(128, eps=0.0001, momentum=0.03, affine=True, track_running_stats=True)
Conv2d(128, 128, kernel_size=(3, 3), stride=(1, 1), padding=(1, 1), bias=False)
BatchNorm2d(128, eps=0.0001, momentum=0.03, affine=True, track_running_stats=True)
Conv2d(128, 128, kernel_size=(1, 1), stride=(1, 1), bias=False)
BatchNorm2d(128, eps=0.0001, momentum=0.03, affine=True, track_running_stats=True)
Conv2d(128, 128, kernel_size=(3, 3), stride=(1, 1), padding=(1, 1), bias=False)
BatchNorm2d(128, eps=0.0001, momentum=0.03, affine=True, track_running_stats=True)
Conv2d(128, 128, kernel_size=(1, 1), stride=(1, 1), bias=False)
BatchNorm2d(128, eps=0.0001, momentum=0.03, affine=True, track_running_stats=True)
Conv2d(256, 256, kernel_size=(1, 1), stride=(1, 1), bias=False)
BatchNorm2d(256, eps=0.0001, momentum=0.03, affine=True, track_running_stats=True)
Conv2d(256, 512, kernel_size=(3, 3), stride=(2, 2), padding=(1, 1), bias=False)
BatchNorm2d(512, eps=0.0001, momentum=0.03, affine=True, track_running_stats=True)
Conv2d(512, 256, kernel_size=(1, 1), stride=(1, 1), bias=False)
BatchNorm2d(256, eps=0.0001, momentum=0.03, affine=True, track_running_stats=True)
Conv2d(512, 256, kernel_size=(1, 1), stride=(1, 1), bias=False)
BatchNorm2d(256, eps=0.0001, momentum=0.03, affine=True, track_running_stats=True)
Conv2d(256, 256, kernel_size=(1, 1), stride=(1, 1), bias=False)
BatchNorm2d(256, eps=0.0001, momentum=0.03, affine=True, track_running_stats=True)
Conv2d(256, 256, kernel_size=(3, 3), stride=(1, 1), padding=(1, 1), bias=False)
BatchNorm2d(256, eps=0.0001, momentum=0.03, affine=True, track_running_stats=True)
Conv2d(256, 256, kernel_size=(1, 1), stride=(1, 1), bias=False)
BatchNorm2d(256, eps=0.0001, momentum=0.03, affine=True, track_running_stats=True)
Conv2d(256, 256, kernel_size=(3, 3), stride=(1, 1), padding=(1, 1), bias=False)
BatchNorm2d(256, eps=0.0001, momentum=0.03, affine=True, track_running_stats=True)
Conv2d(256, 256, kernel_size=(1, 1), stride=(1, 1), bias=False)
BatchNorm2d(256, eps=0.0001, momentum=0.03, affine=True, track_running_stats=True)
Conv2d(256, 256, kernel_size=(3, 3), stride=(1, 1), padding=(1, 1), bias=False)
BatchNorm2d(256, eps=0.0001, momentum=0.03, affine=True, track_running_stats=True)
Conv2d(256, 256, kernel_size=(1, 1), stride=(1, 1), bias=False)
BatchNorm2d(256, eps=0.0001, momentum=0.03, affine=True, track_running_stats=True)
Conv2d(256, 256, kernel_size=(3, 3), stride=(1, 1), padding=(1, 1), bias=False)
BatchNorm2d(256, eps=0.0001, momentum=0.03, affine=True, track_running_stats=True)
Conv2d(256, 256, kernel_size=(1, 1), stride=(1, 1), bias=False)
BatchNorm2d(256, eps=0.0001, momentum=0.03, affine=True, track_running_stats=True)
Conv2d(256, 256, kernel_size=(3, 3), stride=(1, 1), padding=(1, 1), bias=False)
BatchNorm2d(256, eps=0.0001, momentum=0.03, affine=True, track_running_stats=True)
Conv2d(256, 256, kernel_size=(1, 1), stride=(1, 1), bias=False)
BatchNorm2d(256, eps=0.0001, momentum=0.03, affine=True, track_running_stats=True)
Conv2d(256, 256, kernel_size=(3, 3), stride=(1, 1), padding=(1, 1), bias=False)
BatchNorm2d(256, eps=0.0001, momentum=0.03, affine=True, track_running_stats=True)
Conv2d(256, 256, kernel_size=(1, 1), stride=(1, 1), bias=False)
BatchNorm2d(256, eps=0.0001, momentum=0.03, affine=True, track_running_stats=True)
Conv2d(256, 256, kernel_size=(3, 3), stride=(1, 1), padding=(1, 1), bias=False)
BatchNorm2d(256, eps=0.0001, momentum=0.03, affine=True, track_running_stats=True)
Conv2d(256, 256, kernel_size=(1, 1), stride=(1, 1), bias=False)
BatchNorm2d(256, eps=0.0001, momentum=0.03, affine=True, track_running_stats=True)
Conv2d(256, 256, kernel_size=(3, 3), stride=(1, 1), padding=(1, 1), bias=False)
BatchNorm2d(256, eps=0.0001, momentum=0.03, affine=True, track_running_stats=True)
Conv2d(256, 256, kernel_size=(1, 1), stride=(1, 1), bias=False)
BatchNorm2d(256, eps=0.0001, momentum=0.03, affine=True, track_running_stats=True)
Conv2d(512, 512, kernel_size=(1, 1), stride=(1, 1), bias=False)
BatchNorm2d(512, eps=0.0001, momentum=0.03, affine=True, track_running_stats=True)
Conv2d(512, 1024, kernel_size=(3, 3), stride=(2, 2), padding=(1, 1), bias=False)
BatchNorm2d(1024, eps=0.0001, momentum=0.03, affine=True, track_running_stats=True)
Conv2d(1024, 512, kernel_size=(1, 1), stride=(1, 1), bias=False)
BatchNorm2d(512, eps=0.0001, momentum=0.03, affine=True, track_running_stats=True)
Conv2d(1024, 512, kernel_size=(1, 1), stride=(1, 1), bias=False)
BatchNorm2d(512, eps=0.0001, momentum=0.03, affine=True, track_running_stats=True)
Conv2d(512, 512, kernel_size=(1, 1), stride=(1, 1), bias=False)
BatchNorm2d(512, eps=0.0001, momentum=0.03, affine=True, track_running_stats=True)
Conv2d(512, 512, kernel_size=(3, 3), stride=(1, 1), padding=(1, 1), bias=False)
BatchNorm2d(512, eps=0.0001, momentum=0.03, affine=True, track_running_stats=True)
Conv2d(512, 512, kernel_size=(1, 1), stride=(1, 1), bias=False)
BatchNorm2d(512, eps=0.0001, momentum=0.03, affine=True, track_running_stats=True)
Conv2d(512, 512, kernel_size=(3, 3), stride=(1, 1), padding=(1, 1), bias=False)
BatchNorm2d(512, eps=0.0001, momentum=0.03, affine=True, track_running_stats=True)
Conv2d(512, 512, kernel_size=(1, 1), stride=(1, 1), bias=False)
BatchNorm2d(512, eps=0.0001, momentum=0.03, affine=True, track_running_stats=True)
Conv2d(512, 512, kernel_size=(3, 3), stride=(1, 1), padding=(1, 1), bias=False)
BatchNorm2d(512, eps=0.0001, momentum=0.03, affine=True, track_running_stats=True)
Conv2d(512, 512, kernel_size=(1, 1), stride=(1, 1), bias=False)
BatchNorm2d(512, eps=0.0001, momentum=0.03, affine=True, track_running_stats=True)
Conv2d(512, 512, kernel_size=(3, 3), stride=(1, 1), padding=(1, 1), bias=False)
BatchNorm2d(512, eps=0.0001, momentum=0.03, affine=True, track_running_stats=True)
Conv2d(512, 512, kernel_size=(1, 1), stride=(1, 1), bias=False)
BatchNorm2d(512, eps=0.0001, momentum=0.03, affine=True, track_running_stats=True)
Conv2d(1024, 1024, kernel_size=(1, 1), stride=(1, 1), bias=False)
BatchNorm2d(1024, eps=0.0001, momentum=0.03, affine=True, track_running_stats=True)
Conv2d(1024, 512, kernel_size=(1, 1), stride=(1, 1), bias=False)
BatchNorm2d(512, eps=0.0001, momentum=0.03, affine=True, track_running_stats=True)
Conv2d(1024, 512, kernel_size=(1, 1), stride=(1, 1), bias=False)
BatchNorm2d(512, eps=0.0001, momentum=0.03, affine=True, track_running_stats=True)
Conv2d(512, 512, kernel_size=(3, 3), stride=(1, 1), padding=(1, 1), bias=False)
BatchNorm2d(512, eps=0.0001, momentum=0.03, affine=True, track_running_stats=True)
Conv2d(512, 512, kernel_size=(1, 1), stride=(1, 1), bias=False)
BatchNorm2d(512, eps=0.0001, momentum=0.03, affine=True, track_running_stats=True)
Conv2d(2048, 512, kernel_size=(1, 1), stride=(1, 1), bias=False)
BatchNorm2d(512, eps=0.0001, momentum=0.03, affine=True, track_running_stats=True)
Conv2d(512, 512, kernel_size=(3, 3), stride=(1, 1), padding=(1, 1), bias=False)
BatchNorm2d(512, eps=0.0001, momentum=0.03, affine=True, track_running_stats=True)
Conv2d(1024, 512, kernel_size=(1, 1), stride=(1, 1), bias=False)
BatchNorm2d(512, eps=0.0001, momentum=0.03, affine=True, track_running_stats=True)
Conv2d(512, 256, kernel_size=(1, 1), stride=(1, 1), bias=False)
BatchNorm2d(256, eps=0.0001, momentum=0.03, affine=True, track_running_stats=True)
Conv2d(512, 256, kernel_size=(1, 1), stride=(1, 1), bias=False)
BatchNorm2d(256, eps=0.0001, momentum=0.03, affine=True, track_running_stats=True)
Conv2d(512, 256, kernel_size=(1, 1), stride=(1, 1), bias=False)
BatchNorm2d(256, eps=0.0001, momentum=0.03, affine=True, track_running_stats=True)
Conv2d(256, 256, kernel_size=(1, 1), stride=(1, 1), bias=False)
BatchNorm2d(256, eps=0.0001, momentum=0.03, affine=True, track_running_stats=True)
Conv2d(256, 256, kernel_size=(1, 1), stride=(1, 1), bias=False)
BatchNorm2d(256, eps=0.0001, momentum=0.03, affine=True, track_running_stats=True)
Conv2d(256, 256, kernel_size=(3, 3), stride=(1, 1), padding=(1, 1), bias=False)
BatchNorm2d(256, eps=0.0001, momentum=0.03, affine=True, track_running_stats=True)
Conv2d(256, 256, kernel_size=(1, 1), stride=(1, 1), bias=False)
BatchNorm2d(256, eps=0.0001, momentum=0.03, affine=True, track_running_stats=True)
Conv2d(256, 256, kernel_size=(3, 3), stride=(1, 1), padding=(1, 1), bias=False)
BatchNorm2d(256, eps=0.0001, momentum=0.03, affine=True, track_running_stats=True)
Conv2d(512, 256, kernel_size=(1, 1), stride=(1, 1), bias=False)
BatchNorm2d(256, eps=0.0001, momentum=0.03, affine=True, track_running_stats=True)
Conv2d(256, 128, kernel_size=(1, 1), stride=(1, 1), bias=False)
BatchNorm2d(128, eps=0.0001, momentum=0.03, affine=True, track_running_stats=True)
Conv2d(256, 128, kernel_size=(1, 1), stride=(1, 1), bias=False)
BatchNorm2d(128, eps=0.0001, momentum=0.03, affine=True, track_running_stats=True)
Conv2d(256, 128, kernel_size=(1, 1), stride=(1, 1), bias=False)
BatchNorm2d(128, eps=0.0001, momentum=0.03, affine=True, track_running_stats=True)
Conv2d(128, 128, kernel_size=(1, 1), stride=(1, 1), bias=False)
BatchNorm2d(128, eps=0.0001, momentum=0.03, affine=True, track_running_stats=True)
Conv2d(128, 128, kernel_size=(1, 1), stride=(1, 1), bias=False)
BatchNorm2d(128, eps=0.0001, momentum=0.03, affine=True, track_running_stats=True)
Conv2d(128, 128, kernel_size=(3, 3), stride=(1, 1), padding=(1, 1), bias=False)
BatchNorm2d(128, eps=0.0001, momentum=0.03, affine=True, track_running_stats=True)
Conv2d(128, 128, kernel_size=(1, 1), stride=(1, 1), bias=False)
BatchNorm2d(128, eps=0.0001, momentum=0.03, affine=True, track_running_stats=True)
Conv2d(128, 128, kernel_size=(3, 3), stride=(1, 1), padding=(1, 1), bias=False)
BatchNorm2d(128, eps=0.0001, momentum=0.03, affine=True, track_running_stats=True)
Conv2d(256, 128, kernel_size=(1, 1), stride=(1, 1), bias=False)
BatchNorm2d(128, eps=0.0001, momentum=0.03, affine=True, track_running_stats=True)
Conv2d(128, 256, kernel_size=(3, 3), stride=(1, 1), padding=(1, 1), bias=False)
BatchNorm2d(256, eps=0.0001, momentum=0.03, affine=True, track_running_stats=True)
Conv2d(256, 255, kernel_size=(1, 1), stride=(1, 1))
Conv2d(128, 256, kernel_size=(3, 3), stride=(2, 2), padding=(1, 1), bias=False)
BatchNorm2d(256, eps=0.0001, momentum=0.03, affine=True, track_running_stats=True)
Conv2d(512, 256, kernel_size=(1, 1), stride=(1, 1), bias=False)
BatchNorm2d(256, eps=0.0001, momentum=0.03, affine=True, track_running_stats=True)
Conv2d(256, 256, kernel_size=(1, 1), stride=(1, 1), bias=False)
BatchNorm2d(256, eps=0.0001, momentum=0.03, affine=True, track_running_stats=True)
Conv2d(256, 256, kernel_size=(1, 1), stride=(1, 1), bias=False)
BatchNorm2d(256, eps=0.0001, momentum=0.03, affine=True, track_running_stats=True)
Conv2d(256, 256, kernel_size=(3, 3), stride=(1, 1), padding=(1, 1), bias=False)
BatchNorm2d(256, eps=0.0001, momentum=0.03, affine=True, track_running_stats=True)
Conv2d(256, 256, kernel_size=(1, 1), stride=(1, 1), bias=False)
BatchNorm2d(256, eps=0.0001, momentum=0.03, affine=True, track_running_stats=True)
Conv2d(256, 256, kernel_size=(3, 3), stride=(1, 1), padding=(1, 1), bias=False)
BatchNorm2d(256, eps=0.0001, momentum=0.03, affine=True, track_running_stats=True)
Conv2d(512, 256, kernel_size=(1, 1), stride=(1, 1), bias=False)
BatchNorm2d(256, eps=0.0001, momentum=0.03, affine=True, track_running_stats=True)
Conv2d(256, 512, kernel_size=(3, 3), stride=(1, 1), padding=(1, 1), bias=False)
BatchNorm2d(512, eps=0.0001, momentum=0.03, affine=True, track_running_stats=True)
Conv2d(512, 255, kernel_size=(1, 1), stride=(1, 1))
Conv2d(256, 512, kernel_size=(3, 3), stride=(2, 2), padding=(1, 1), bias=False)
BatchNorm2d(512, eps=0.0001, momentum=0.03, affine=True, track_running_stats=True)
Conv2d(1024, 512, kernel_size=(1, 1), stride=(1, 1), bias=False)
BatchNorm2d(512, eps=0.0001, momentum=0.03, affine=True, track_running_stats=True)
Conv2d(512, 512, kernel_size=(1, 1), stride=(1, 1), bias=False)
BatchNorm2d(512, eps=0.0001, momentum=0.03, affine=True, track_running_stats=True)
Conv2d(512, 512, kernel_size=(1, 1), stride=(1, 1), bias=False)
BatchNorm2d(512, eps=0.0001, momentum=0.03, affine=True, track_running_stats=True)
Conv2d(512, 512, kernel_size=(3, 3), stride=(1, 1), padding=(1, 1), bias=False)
BatchNorm2d(512, eps=0.0001, momentum=0.03, affine=True, track_running_stats=True)
Conv2d(512, 512, kernel_size=(1, 1), stride=(1, 1), bias=False)
BatchNorm2d(512, eps=0.0001, momentum=0.03, affine=True, track_running_stats=True)
Conv2d(512, 512, kernel_size=(3, 3), stride=(1, 1), padding=(1, 1), bias=False)
BatchNorm2d(512, eps=0.0001, momentum=0.03, affine=True, track_running_stats=True)
Conv2d(1024, 512, kernel_size=(1, 1), stride=(1, 1), bias=False)
BatchNorm2d(512, eps=0.0001, momentum=0.03, affine=True, track_running_stats=True)
Conv2d(512, 1024, kernel_size=(3, 3), stride=(1, 1), padding=(1, 1), bias=False)
BatchNorm2d(1024, eps=0.0001, momentum=0.03, affine=True, track_running_stats=True)
Conv2d(1024, 255, kernel_size=(1, 1), stride=(1, 1))
101
30
75
69
101919 0.13939653 0.0434875 0.042630628 0.011944272 0.0980624
18
66
63
106344 0.053318933 0.041189577 0.06873258 0.029471342 0.1393935
15
39
57
111878 0.12226007 0.043262333 0.042944953 0.033082366 0.11928965
63
171
156
113720 0.05187902 0.029272256 0.10335496 0.04421504 0.17684226
6
30
42
116261 0.079131775 0.01478058 0.018206796 0.00895468 0.041942053
6
21
36
118921 0.27306008 0.058484536 0.019707315 0.004356093 0.08254794
45
105
102
122588 0.066014 0.045463335 0.09927182 0.05736748 0.20210263
141
219
93
126345 0.08788337 0.045842424 0.10360879 0.024712307 0.17416352
72
54
24
129159 0.1671558 0.03994698 0.032149427 0.011081983 0.08317839
75
159
126
135410 0.08453721 0.031453796 0.089764774 0.015216507 0.13643508
9
39
36
14265 0.11039227 0.01648052 0.015515605 0.0020234627 0.034019586
168
126
45
155885 0.06314947 0.061347283 0.12652163 0.068572104 0.25644103
9
42
39
160260 0.107398994 0.05273069 0.045512773 0.06914176 0.16738522
93
108
90
168491 0.036548607 0.04582829 0.09489864 0.007876783 0.14860371
45
96
69
172595 0.18775956 0.043869466 0.059995256 0.04097513 0.14483985
9
18
18
1779 0.48975092 0.033884086 0.018793356 0.11085312 0.16353056
18
18
30
180366 0.20097205 0.046272065 0.026418714 0.03219948 0.10489026
54
51
12
184205 0.69952697 0.0376289 0.033425674 0.047996692 0.11905127
81
99
66
192406 0.09897629 0.03430968 0.057633806 0.0043701106 0.096313596
3
12
21
205531 0.8747145 0.021655006 0.011629816 0.018650465 0.051935285
72
105
66
212112 0.1407938 0.026095638 0.040769085 0.017902447 0.08476717
6
6
36
212605 0.096442275 0.055521023 0.02840377 0.07316599 0.15709078
9
39
51
220819 0.18997301 0.024243085 0.033158906 0.053923354 0.111325346
150
126
39
223426 0.058168836 0.057467487 0.07209556 0.02033322 0.14989626
0
33
63
224557 0.23364037 0.014630492 0.032199934 0.0263643 0.07319473
174
177
87
226097 0.083805926 0.05440098 0.09174664 0.028772455 0.17492008
15
69
48
231325 0.1486152 0.03353154 0.0400299 0.04112055 0.11468199
15
36
27
233140 0.23485191 0.011413889 0.013659075 0.006337508 0.03141047
72
123
69
237316 0.08834189 0.053334463 0.05944074 0.027239386 0.14001459
15
87
78
238147 0.10557558 0.040947534 0.041877598 0.11439315 0.19721828
30
33
30
242868 0.7666615 0.020289613 0.018749002 0.014315495 0.053354107
171
186
96
246014 0.06007062 0.04680532 0.120331265 0.016275277 0.18341185
153
69
12
25034 0.9409782 0.053137984 0.04276251 0.04269267 0.13859317
0
15
24
250594 0.23903868 0.021444282 0.017464142 0.0037551995 0.042663623
27
78
63
253718 0.09275811 0.046077985 0.07195707 0.015337224 0.13337228
78
60
24
254711 0.36605698 0.03610481 0.026408108 0.013058222 0.07557114
44
63
57
258346 0.09791017 0.04157439 0.044776805 0.029880298 0.11623149
93
39
9
259452 0.96235156 0.04357807 0.03342887 0.003868808 0.08087575
6
39
51
260020 0.121380374 0.042517632 0.033903286 0.026012922 0.10243384
72
108
75
265916 0.06878938 0.03167716 0.05724313 0.011616598 0.10053689
3
30
42
275058 0.39240533 0.017223692 0.020179847 0.008649525 0.046053063
67
174
123
27642 0.04125643 0.036724936 0.08847973 0.01597614 0.14118081
33
54
39
293175 0.19361551 0.02829293 0.041476823 0.031356156 0.10112591
9
21
30
296383 0.23042132 0.03607421 0.03891801 0.034832347 0.10982457
3
9
27
298137 0.19850262 0.024889529 0.011714021 0.021751367 0.058354914
84
159
84
304404 0.09899625 0.030022634 0.08180311 0.007005295 0.118831046
33
87
87
305609 0.07176331 0.035970908 0.063819684 0.03714528 0.13693586
36
9
12
316000 0.9533856 0.04786145 0.020742776 0.0062391567 0.07484338
18
63
54
317130 0.09288494 0.054391313 0.06369853 0.04614833 0.16423817
24
42
30
319830 0.5698949 0.0432972 0.01902859 0.0110124685 0.073338255
6
42
66
322503 0.18303737 0.03585445 0.051447093 0.03477456 0.12207611
36
60
48
33372 0.1606801 0.025112245 0.03178373 0.015425632 0.07232161
9
48
60
337065 0.123279646 0.019083783 0.03603146 0.009558866 0.06467411
372
266
48
353409 0.21931912 0.061288413 0.13050964 0.037543546 0.22934161
147
132
48
355441 0.26152796 0.028153447 0.048087776 0.008864501 0.085105725
93
18
24
365485 0.3570152 0.048177302 0.04656738 0.064862244 0.15960693
12
75
57
372819 0.20667557 0.030092267 0.024461798 0.047080368 0.101634435
0
0
18
377738 0.30550474 0.018664062 0.012962643 0.009566143 0.04119285
135
162
72
381608 0.061831336 0.056655336 0.08844172 0.04482091 0.18991797
72
72
42
388464 0.26713726 0.049926452 0.04371948 0.012051409 0.10569734
42
147
141
394050 0.061051823 0.021940826 0.09453265 0.044627912 0.1611014
147
105
72
395904 0.07861088 0.033322893 0.07411092 0.014745782 0.12217959
45
147
123
403995 0.043725386 0.045643926 0.08474604 0.029938392 0.16032836
12
42
39
406744 0.18815465 0.044805583 0.029955223 0.123605944 0.19836676
0
6
24
415823 0.5234976 0.017998798 0.025386482 0.012117225 0.055502508
18
30
51
432213 0.11097073 0.024289409 0.03585345 0.030643243 0.0907861
0
0
21
436280 0.35173005 0.007890225 0.010275897 0.01570989 0.03387601
75
69
81
457877 0.07155377 0.055572517 0.069959894 0.021178776 0.1467112
3
24
75
459887 0.121583216 0.059804942 0.045531645 0.15359643 0.258933
156
177
73
462565 0.12179578 0.04639234 0.06494502 0.020821666 0.13215902
27
45
42
464018 0.1250305 0.033973984 0.034717202 0.024214543 0.09290573
141
108
60
467468 0.123578526 0.070056975 0.10818246 0.057961635 0.23620108
3
42
45
473121 0.27283117 0.020807682 0.014957491 0.02288713 0.0586523
96
129
51
475182 0.12026334 0.053603202 0.09672493 0.013127864 0.163456
225
177
24
479075 0.17756233 0.0469688 0.08822312 0.019790763 0.15498269
45
114
69
483446 0.0858719 0.029502932 0.0367377 0.031833455 0.098074086
3
9
27
486162 0.10199878 0.04919273 0.019878883 0.06000533 0.12907694
3
21
27
491294 0.3759002 0.023171738 0.02139381 0.02543211 0.06999765
30
72
48
494846 0.37377083 0.03531406 0.041688558 0.051157136 0.12815975
0
6
39
502644 0.15840346 0.013441627 0.02726443 0.020443391 0.06114945
78
174
150
517399 0.050510395 0.035384547 0.11034856 0.033263862 0.17899697
21
12
24
52017 0.13236648 0.066074 0.025050085 0.014977002 0.10610109
36
65
74
522665 0.08696703 0.04655797 0.059491828 0.042982362 0.14903216
168
171
63
531697 0.18518493 0.034700632 0.07434649 0.016921427 0.12596855
36
72
60
53668 0.116622746 0.02388384 0.021951122 0.013065517 0.05890048
9
30
21
540642 0.8928012 0.014388496 0.02392033 0.0036641378 0.041972965
0
33
57
542388 0.06753345 0.01841852 0.0388337 0.034304246 0.09155647
0
12
21
552656 0.11085819 0.0331383 0.015649844 0.03380453 0.08259267
6
84
102
559955 0.027165424 0.046541978 0.06405416 0.015735582 0.12633172
78
117
90
564659 0.31929284 0.033925083 0.06306361 0.022130378 0.11911907
12
57
72
572802 0.115276635 0.034400977 0.040779714 0.01200236 0.08718306
0
3
24
574411 0.5931573 0.034062527 0.013770178 0.013183088 0.061015792
243
348
132
579070 0.029778216 0.041565146 0.16956443 0.028212158 0.23934174
120
93
30
65231 0.50580674 0.05438273 0.06025863 0.029944003 0.14458537
99
83
54
69670 0.18355767 0.031829935 0.039264794 0.015486024 0.08658075
93
96
93
70478 0.06494893 0.05462857 0.06099382 0.021428708 0.13705109
6
24
55
79113 0.11994289 0.018470779 0.032499634 0.010251821 0.061222233
6
18
45
80949 0.15376428 0.023558652 0.023406018 0.031877972 0.07884264
102
48
18
85292 0.10852767 0.05836567 0.04302492 0.018787703 0.12017829
24
60
54
92768 0.15255977 0.018089326 0.03594891 0.018712172 0.072750404
6
18
12
96625 0.10012513 0.03228261 0.01900687 0.027985923 0.0792754
Optimizer stripped from runs/train/exp7/weights/last.pt, 212.2MB
Optimizer stripped from runs/train/exp7/weights/best.pt, 212.2MB
