linear
linear
linear
Conv2d(3, 32, kernel_size=(3, 3), stride=(1, 1), padding=(1, 1), bias=False)
BatchNorm2d(32, eps=0.0001, momentum=0.03, affine=True, track_running_stats=True)
Conv2d(32, 64, kernel_size=(3, 3), stride=(2, 2), padding=(1, 1), bias=False)
BatchNorm2d(64, eps=0.0001, momentum=0.03, affine=True, track_running_stats=True)
Conv2d(64, 32, kernel_size=(1, 1), stride=(1, 1), bias=False)
BatchNorm2d(32, eps=0.0001, momentum=0.03, affine=True, track_running_stats=True)
Conv2d(32, 64, kernel_size=(3, 3), stride=(1, 1), padding=(1, 1), bias=False)
BatchNorm2d(64, eps=0.0001, momentum=0.03, affine=True, track_running_stats=True)
Conv2d(64, 128, kernel_size=(3, 3), stride=(2, 2), padding=(1, 1), bias=False)
BatchNorm2d(128, eps=0.0001, momentum=0.03, affine=True, track_running_stats=True)
Conv2d(128, 64, kernel_size=(1, 1), stride=(1, 1), bias=False)
BatchNorm2d(64, eps=0.0001, momentum=0.03, affine=True, track_running_stats=True)
Conv2d(128, 64, kernel_size=(1, 1), stride=(1, 1), bias=False)
BatchNorm2d(64, eps=0.0001, momentum=0.03, affine=True, track_running_stats=True)
Conv2d(64, 64, kernel_size=(1, 1), stride=(1, 1), bias=False)
BatchNorm2d(64, eps=0.0001, momentum=0.03, affine=True, track_running_stats=True)
Conv2d(64, 64, kernel_size=(3, 3), stride=(1, 1), padding=(1, 1), bias=False)
BatchNorm2d(64, eps=0.0001, momentum=0.03, affine=True, track_running_stats=True)
Conv2d(64, 64, kernel_size=(1, 1), stride=(1, 1), bias=False)
BatchNorm2d(64, eps=0.0001, momentum=0.03, affine=True, track_running_stats=True)
Conv2d(64, 64, kernel_size=(3, 3), stride=(1, 1), padding=(1, 1), bias=False)
BatchNorm2d(64, eps=0.0001, momentum=0.03, affine=True, track_running_stats=True)
Conv2d(64, 64, kernel_size=(1, 1), stride=(1, 1), bias=False)
BatchNorm2d(64, eps=0.0001, momentum=0.03, affine=True, track_running_stats=True)
Conv2d(128, 128, kernel_size=(1, 1), stride=(1, 1), bias=False)
BatchNorm2d(128, eps=0.0001, momentum=0.03, affine=True, track_running_stats=True)
Conv2d(128, 256, kernel_size=(3, 3), stride=(2, 2), padding=(1, 1), bias=False)
BatchNorm2d(256, eps=0.0001, momentum=0.03, affine=True, track_running_stats=True)
Conv2d(256, 128, kernel_size=(1, 1), stride=(1, 1), bias=False)
BatchNorm2d(128, eps=0.0001, momentum=0.03, affine=True, track_running_stats=True)
Conv2d(256, 128, kernel_size=(1, 1), stride=(1, 1), bias=False)
BatchNorm2d(128, eps=0.0001, momentum=0.03, affine=True, track_running_stats=True)
Conv2d(128, 128, kernel_size=(1, 1), stride=(1, 1), bias=False)
BatchNorm2d(128, eps=0.0001, momentum=0.03, affine=True, track_running_stats=True)
Conv2d(128, 128, kernel_size=(3, 3), stride=(1, 1), padding=(1, 1), bias=False)
BatchNorm2d(128, eps=0.0001, momentum=0.03, affine=True, track_running_stats=True)
Conv2d(128, 128, kernel_size=(1, 1), stride=(1, 1), bias=False)
BatchNorm2d(128, eps=0.0001, momentum=0.03, affine=True, track_running_stats=True)
Conv2d(128, 128, kernel_size=(3, 3), stride=(1, 1), padding=(1, 1), bias=False)
BatchNorm2d(128, eps=0.0001, momentum=0.03, affine=True, track_running_stats=True)
Conv2d(128, 128, kernel_size=(1, 1), stride=(1, 1), bias=False)
BatchNorm2d(128, eps=0.0001, momentum=0.03, affine=True, track_running_stats=True)
Conv2d(128, 128, kernel_size=(3, 3), stride=(1, 1), padding=(1, 1), bias=False)
BatchNorm2d(128, eps=0.0001, momentum=0.03, affine=True, track_running_stats=True)
Conv2d(128, 128, kernel_size=(1, 1), stride=(1, 1), bias=False)
BatchNorm2d(128, eps=0.0001, momentum=0.03, affine=True, track_running_stats=True)
Conv2d(128, 128, kernel_size=(3, 3), stride=(1, 1), padding=(1, 1), bias=False)
BatchNorm2d(128, eps=0.0001, momentum=0.03, affine=True, track_running_stats=True)
Conv2d(128, 128, kernel_size=(1, 1), stride=(1, 1), bias=False)
BatchNorm2d(128, eps=0.0001, momentum=0.03, affine=True, track_running_stats=True)
Conv2d(128, 128, kernel_size=(3, 3), stride=(1, 1), padding=(1, 1), bias=False)
BatchNorm2d(128, eps=0.0001, momentum=0.03, affine=True, track_running_stats=True)
Conv2d(128, 128, kernel_size=(1, 1), stride=(1, 1), bias=False)
BatchNorm2d(128, eps=0.0001, momentum=0.03, affine=True, track_running_stats=True)
Conv2d(128, 128, kernel_size=(3, 3), stride=(1, 1), padding=(1, 1), bias=False)
BatchNorm2d(128, eps=0.0001, momentum=0.03, affine=True, track_running_stats=True)
Conv2d(128, 128, kernel_size=(1, 1), stride=(1, 1), bias=False)
BatchNorm2d(128, eps=0.0001, momentum=0.03, affine=True, track_running_stats=True)
Conv2d(128, 128, kernel_size=(3, 3), stride=(1, 1), padding=(1, 1), bias=False)
BatchNorm2d(128, eps=0.0001, momentum=0.03, affine=True, track_running_stats=True)
Conv2d(128, 128, kernel_size=(1, 1), stride=(1, 1), bias=False)
BatchNorm2d(128, eps=0.0001, momentum=0.03, affine=True, track_running_stats=True)
Conv2d(128, 128, kernel_size=(3, 3), stride=(1, 1), padding=(1, 1), bias=False)
BatchNorm2d(128, eps=0.0001, momentum=0.03, affine=True, track_running_stats=True)
Conv2d(128, 128, kernel_size=(1, 1), stride=(1, 1), bias=False)
BatchNorm2d(128, eps=0.0001, momentum=0.03, affine=True, track_running_stats=True)
Conv2d(256, 256, kernel_size=(1, 1), stride=(1, 1), bias=False)
BatchNorm2d(256, eps=0.0001, momentum=0.03, affine=True, track_running_stats=True)
Conv2d(256, 512, kernel_size=(3, 3), stride=(2, 2), padding=(1, 1), bias=False)
BatchNorm2d(512, eps=0.0001, momentum=0.03, affine=True, track_running_stats=True)
Conv2d(512, 256, kernel_size=(1, 1), stride=(1, 1), bias=False)
BatchNorm2d(256, eps=0.0001, momentum=0.03, affine=True, track_running_stats=True)
Conv2d(512, 256, kernel_size=(1, 1), stride=(1, 1), bias=False)
BatchNorm2d(256, eps=0.0001, momentum=0.03, affine=True, track_running_stats=True)
Conv2d(256, 256, kernel_size=(1, 1), stride=(1, 1), bias=False)
BatchNorm2d(256, eps=0.0001, momentum=0.03, affine=True, track_running_stats=True)
Conv2d(256, 256, kernel_size=(3, 3), stride=(1, 1), padding=(1, 1), bias=False)
BatchNorm2d(256, eps=0.0001, momentum=0.03, affine=True, track_running_stats=True)
Conv2d(256, 256, kernel_size=(1, 1), stride=(1, 1), bias=False)
BatchNorm2d(256, eps=0.0001, momentum=0.03, affine=True, track_running_stats=True)
Conv2d(256, 256, kernel_size=(3, 3), stride=(1, 1), padding=(1, 1), bias=False)
BatchNorm2d(256, eps=0.0001, momentum=0.03, affine=True, track_running_stats=True)
Conv2d(256, 256, kernel_size=(1, 1), stride=(1, 1), bias=False)
BatchNorm2d(256, eps=0.0001, momentum=0.03, affine=True, track_running_stats=True)
Conv2d(256, 256, kernel_size=(3, 3), stride=(1, 1), padding=(1, 1), bias=False)
BatchNorm2d(256, eps=0.0001, momentum=0.03, affine=True, track_running_stats=True)
Conv2d(256, 256, kernel_size=(1, 1), stride=(1, 1), bias=False)
BatchNorm2d(256, eps=0.0001, momentum=0.03, affine=True, track_running_stats=True)
Conv2d(256, 256, kernel_size=(3, 3), stride=(1, 1), padding=(1, 1), bias=False)
BatchNorm2d(256, eps=0.0001, momentum=0.03, affine=True, track_running_stats=True)
Conv2d(256, 256, kernel_size=(1, 1), stride=(1, 1), bias=False)
BatchNorm2d(256, eps=0.0001, momentum=0.03, affine=True, track_running_stats=True)
Conv2d(256, 256, kernel_size=(3, 3), stride=(1, 1), padding=(1, 1), bias=False)
BatchNorm2d(256, eps=0.0001, momentum=0.03, affine=True, track_running_stats=True)
Conv2d(256, 256, kernel_size=(1, 1), stride=(1, 1), bias=False)
BatchNorm2d(256, eps=0.0001, momentum=0.03, affine=True, track_running_stats=True)
Conv2d(256, 256, kernel_size=(3, 3), stride=(1, 1), padding=(1, 1), bias=False)
BatchNorm2d(256, eps=0.0001, momentum=0.03, affine=True, track_running_stats=True)
Conv2d(256, 256, kernel_size=(1, 1), stride=(1, 1), bias=False)
BatchNorm2d(256, eps=0.0001, momentum=0.03, affine=True, track_running_stats=True)
Conv2d(256, 256, kernel_size=(3, 3), stride=(1, 1), padding=(1, 1), bias=False)
BatchNorm2d(256, eps=0.0001, momentum=0.03, affine=True, track_running_stats=True)
Conv2d(256, 256, kernel_size=(1, 1), stride=(1, 1), bias=False)
BatchNorm2d(256, eps=0.0001, momentum=0.03, affine=True, track_running_stats=True)
Conv2d(256, 256, kernel_size=(3, 3), stride=(1, 1), padding=(1, 1), bias=False)
BatchNorm2d(256, eps=0.0001, momentum=0.03, affine=True, track_running_stats=True)
Conv2d(256, 256, kernel_size=(1, 1), stride=(1, 1), bias=False)
BatchNorm2d(256, eps=0.0001, momentum=0.03, affine=True, track_running_stats=True)
Conv2d(512, 512, kernel_size=(1, 1), stride=(1, 1), bias=False)
BatchNorm2d(512, eps=0.0001, momentum=0.03, affine=True, track_running_stats=True)
Conv2d(512, 1024, kernel_size=(3, 3), stride=(2, 2), padding=(1, 1), bias=False)
BatchNorm2d(1024, eps=0.0001, momentum=0.03, affine=True, track_running_stats=True)
Conv2d(1024, 512, kernel_size=(1, 1), stride=(1, 1), bias=False)
BatchNorm2d(512, eps=0.0001, momentum=0.03, affine=True, track_running_stats=True)
Conv2d(1024, 512, kernel_size=(1, 1), stride=(1, 1), bias=False)
BatchNorm2d(512, eps=0.0001, momentum=0.03, affine=True, track_running_stats=True)
Conv2d(512, 512, kernel_size=(1, 1), stride=(1, 1), bias=False)
BatchNorm2d(512, eps=0.0001, momentum=0.03, affine=True, track_running_stats=True)
Conv2d(512, 512, kernel_size=(3, 3), stride=(1, 1), padding=(1, 1), bias=False)
BatchNorm2d(512, eps=0.0001, momentum=0.03, affine=True, track_running_stats=True)
Conv2d(512, 512, kernel_size=(1, 1), stride=(1, 1), bias=False)
BatchNorm2d(512, eps=0.0001, momentum=0.03, affine=True, track_running_stats=True)
Conv2d(512, 512, kernel_size=(3, 3), stride=(1, 1), padding=(1, 1), bias=False)
BatchNorm2d(512, eps=0.0001, momentum=0.03, affine=True, track_running_stats=True)
Conv2d(512, 512, kernel_size=(1, 1), stride=(1, 1), bias=False)
BatchNorm2d(512, eps=0.0001, momentum=0.03, affine=True, track_running_stats=True)
Conv2d(512, 512, kernel_size=(3, 3), stride=(1, 1), padding=(1, 1), bias=False)
BatchNorm2d(512, eps=0.0001, momentum=0.03, affine=True, track_running_stats=True)
Conv2d(512, 512, kernel_size=(1, 1), stride=(1, 1), bias=False)
BatchNorm2d(512, eps=0.0001, momentum=0.03, affine=True, track_running_stats=True)
Conv2d(512, 512, kernel_size=(3, 3), stride=(1, 1), padding=(1, 1), bias=False)
BatchNorm2d(512, eps=0.0001, momentum=0.03, affine=True, track_running_stats=True)
Conv2d(512, 512, kernel_size=(1, 1), stride=(1, 1), bias=False)
BatchNorm2d(512, eps=0.0001, momentum=0.03, affine=True, track_running_stats=True)
Conv2d(1024, 1024, kernel_size=(1, 1), stride=(1, 1), bias=False)
BatchNorm2d(1024, eps=0.0001, momentum=0.03, affine=True, track_running_stats=True)
Conv2d(1024, 512, kernel_size=(1, 1), stride=(1, 1), bias=False)
BatchNorm2d(512, eps=0.0001, momentum=0.03, affine=True, track_running_stats=True)
Conv2d(1024, 512, kernel_size=(1, 1), stride=(1, 1), bias=False)
BatchNorm2d(512, eps=0.0001, momentum=0.03, affine=True, track_running_stats=True)
Conv2d(512, 512, kernel_size=(3, 3), stride=(1, 1), padding=(1, 1), bias=False)
BatchNorm2d(512, eps=0.0001, momentum=0.03, affine=True, track_running_stats=True)
Conv2d(512, 512, kernel_size=(1, 1), stride=(1, 1), bias=False)
BatchNorm2d(512, eps=0.0001, momentum=0.03, affine=True, track_running_stats=True)
Conv2d(2048, 512, kernel_size=(1, 1), stride=(1, 1), bias=False)
BatchNorm2d(512, eps=0.0001, momentum=0.03, affine=True, track_running_stats=True)
Conv2d(512, 512, kernel_size=(3, 3), stride=(1, 1), padding=(1, 1), bias=False)
BatchNorm2d(512, eps=0.0001, momentum=0.03, affine=True, track_running_stats=True)
Conv2d(1024, 512, kernel_size=(1, 1), stride=(1, 1), bias=False)
BatchNorm2d(512, eps=0.0001, momentum=0.03, affine=True, track_running_stats=True)
Conv2d(512, 256, kernel_size=(1, 1), stride=(1, 1), bias=False)
BatchNorm2d(256, eps=0.0001, momentum=0.03, affine=True, track_running_stats=True)
Conv2d(512, 256, kernel_size=(1, 1), stride=(1, 1), bias=False)
BatchNorm2d(256, eps=0.0001, momentum=0.03, affine=True, track_running_stats=True)
Conv2d(512, 256, kernel_size=(1, 1), stride=(1, 1), bias=False)
BatchNorm2d(256, eps=0.0001, momentum=0.03, affine=True, track_running_stats=True)
Conv2d(256, 256, kernel_size=(1, 1), stride=(1, 1), bias=False)
BatchNorm2d(256, eps=0.0001, momentum=0.03, affine=True, track_running_stats=True)
Conv2d(256, 256, kernel_size=(1, 1), stride=(1, 1), bias=False)
BatchNorm2d(256, eps=0.0001, momentum=0.03, affine=True, track_running_stats=True)
Conv2d(256, 256, kernel_size=(3, 3), stride=(1, 1), padding=(1, 1), bias=False)
BatchNorm2d(256, eps=0.0001, momentum=0.03, affine=True, track_running_stats=True)
Conv2d(256, 256, kernel_size=(1, 1), stride=(1, 1), bias=False)
BatchNorm2d(256, eps=0.0001, momentum=0.03, affine=True, track_running_stats=True)
Conv2d(256, 256, kernel_size=(3, 3), stride=(1, 1), padding=(1, 1), bias=False)
BatchNorm2d(256, eps=0.0001, momentum=0.03, affine=True, track_running_stats=True)
Conv2d(512, 256, kernel_size=(1, 1), stride=(1, 1), bias=False)
BatchNorm2d(256, eps=0.0001, momentum=0.03, affine=True, track_running_stats=True)
Conv2d(256, 128, kernel_size=(1, 1), stride=(1, 1), bias=False)
BatchNorm2d(128, eps=0.0001, momentum=0.03, affine=True, track_running_stats=True)
Conv2d(256, 128, kernel_size=(1, 1), stride=(1, 1), bias=False)
BatchNorm2d(128, eps=0.0001, momentum=0.03, affine=True, track_running_stats=True)
Conv2d(256, 128, kernel_size=(1, 1), stride=(1, 1), bias=False)
BatchNorm2d(128, eps=0.0001, momentum=0.03, affine=True, track_running_stats=True)
Conv2d(128, 128, kernel_size=(1, 1), stride=(1, 1), bias=False)
BatchNorm2d(128, eps=0.0001, momentum=0.03, affine=True, track_running_stats=True)
Conv2d(128, 128, kernel_size=(1, 1), stride=(1, 1), bias=False)
BatchNorm2d(128, eps=0.0001, momentum=0.03, affine=True, track_running_stats=True)
Conv2d(128, 128, kernel_size=(3, 3), stride=(1, 1), padding=(1, 1), bias=False)
BatchNorm2d(128, eps=0.0001, momentum=0.03, affine=True, track_running_stats=True)
Conv2d(128, 128, kernel_size=(1, 1), stride=(1, 1), bias=False)
BatchNorm2d(128, eps=0.0001, momentum=0.03, affine=True, track_running_stats=True)
Conv2d(128, 128, kernel_size=(3, 3), stride=(1, 1), padding=(1, 1), bias=False)
BatchNorm2d(128, eps=0.0001, momentum=0.03, affine=True, track_running_stats=True)
Conv2d(256, 128, kernel_size=(1, 1), stride=(1, 1), bias=False)
BatchNorm2d(128, eps=0.0001, momentum=0.03, affine=True, track_running_stats=True)
Conv2d(128, 256, kernel_size=(3, 3), stride=(1, 1), padding=(1, 1), bias=False)
BatchNorm2d(256, eps=0.0001, momentum=0.03, affine=True, track_running_stats=True)
Conv2d(256, 255, kernel_size=(1, 1), stride=(1, 1))
Conv2d(128, 256, kernel_size=(3, 3), stride=(2, 2), padding=(1, 1), bias=False)
BatchNorm2d(256, eps=0.0001, momentum=0.03, affine=True, track_running_stats=True)
Conv2d(512, 256, kernel_size=(1, 1), stride=(1, 1), bias=False)
BatchNorm2d(256, eps=0.0001, momentum=0.03, affine=True, track_running_stats=True)
Conv2d(256, 256, kernel_size=(1, 1), stride=(1, 1), bias=False)
BatchNorm2d(256, eps=0.0001, momentum=0.03, affine=True, track_running_stats=True)
Conv2d(256, 256, kernel_size=(1, 1), stride=(1, 1), bias=False)
BatchNorm2d(256, eps=0.0001, momentum=0.03, affine=True, track_running_stats=True)
Conv2d(256, 256, kernel_size=(3, 3), stride=(1, 1), padding=(1, 1), bias=False)
BatchNorm2d(256, eps=0.0001, momentum=0.03, affine=True, track_running_stats=True)
Conv2d(256, 256, kernel_size=(1, 1), stride=(1, 1), bias=False)
BatchNorm2d(256, eps=0.0001, momentum=0.03, affine=True, track_running_stats=True)
Conv2d(256, 256, kernel_size=(3, 3), stride=(1, 1), padding=(1, 1), bias=False)
BatchNorm2d(256, eps=0.0001, momentum=0.03, affine=True, track_running_stats=True)
Conv2d(512, 256, kernel_size=(1, 1), stride=(1, 1), bias=False)
BatchNorm2d(256, eps=0.0001, momentum=0.03, affine=True, track_running_stats=True)
Conv2d(256, 512, kernel_size=(3, 3), stride=(1, 1), padding=(1, 1), bias=False)
BatchNorm2d(512, eps=0.0001, momentum=0.03, affine=True, track_running_stats=True)
Conv2d(512, 255, kernel_size=(1, 1), stride=(1, 1))
Conv2d(256, 512, kernel_size=(3, 3), stride=(2, 2), padding=(1, 1), bias=False)
BatchNorm2d(512, eps=0.0001, momentum=0.03, affine=True, track_running_stats=True)
Conv2d(1024, 512, kernel_size=(1, 1), stride=(1, 1), bias=False)
BatchNorm2d(512, eps=0.0001, momentum=0.03, affine=True, track_running_stats=True)
Conv2d(512, 512, kernel_size=(1, 1), stride=(1, 1), bias=False)
BatchNorm2d(512, eps=0.0001, momentum=0.03, affine=True, track_running_stats=True)
Conv2d(512, 512, kernel_size=(1, 1), stride=(1, 1), bias=False)
BatchNorm2d(512, eps=0.0001, momentum=0.03, affine=True, track_running_stats=True)
Conv2d(512, 512, kernel_size=(3, 3), stride=(1, 1), padding=(1, 1), bias=False)
BatchNorm2d(512, eps=0.0001, momentum=0.03, affine=True, track_running_stats=True)
Conv2d(512, 512, kernel_size=(1, 1), stride=(1, 1), bias=False)
BatchNorm2d(512, eps=0.0001, momentum=0.03, affine=True, track_running_stats=True)
Conv2d(512, 512, kernel_size=(3, 3), stride=(1, 1), padding=(1, 1), bias=False)
BatchNorm2d(512, eps=0.0001, momentum=0.03, affine=True, track_running_stats=True)
Conv2d(1024, 512, kernel_size=(1, 1), stride=(1, 1), bias=False)
BatchNorm2d(512, eps=0.0001, momentum=0.03, affine=True, track_running_stats=True)
Conv2d(512, 1024, kernel_size=(3, 3), stride=(1, 1), padding=(1, 1), bias=False)
BatchNorm2d(1024, eps=0.0001, momentum=0.03, affine=True, track_running_stats=True)
Conv2d(1024, 255, kernel_size=(1, 1), stride=(1, 1))
0
15
24
101919 0.010089854 0.032058112 0.018821005 0.06096897
	 [32, 3, 3, 3] 	 -0.19017915
	 [255, 1024, 1, 1] 	 1.7445625
	 [255] 	 -0.0259003
30
60
45
106172 0.054823916 0.14345172 0.043983556 0.2422592
	 [32, 3, 3, 3] 	 0.16832131
	 [255, 1024, 1, 1] 	 -4.5282164
	 [255] 	 -0.028084215
12
48
54
106344 0.07072213 0.13294545 0.056410387 0.26007795
	 [32, 3, 3, 3] 	 -0.30715895
	 [255, 1024, 1, 1] 	 -7.153443
	 [255] 	 -0.023837939
6
18
9
109537 0.01615947 0.017825045 0.0014141486 0.035398662
	 [32, 3, 3, 3] 	 1.0230261
	 [255, 1024, 1, 1] 	 1.7898268
	 [255] 	 0.049681906
15
36
42
111878 0.06307711 0.07875787 0.10886456 0.25069952
	 [32, 3, 3, 3] 	 -0.21414912
	 [255, 1024, 1, 1] 	 -5.541699
	 [255] 	 -0.012846427
0
3
15
113579 0.0150073385 0.011675784 0.07299161 0.09967473
	 [32, 3, 3, 3] 	 0.7986667
	 [255, 1024, 1, 1] 	 -2.1875787
	 [255] 	 -0.025091395
60
141
105
113720 0.039044637 0.17513146 0.059118032 0.27329412
	 [32, 3, 3, 3] 	 -0.589893
	 [255, 1024, 1, 1] 	 0.037805535
	 [255] 	 -0.00923208
3
30
51
116095 0.028349942 0.053208366 0.16513664 0.24669495
	 [32, 3, 3, 3] 	 0.5621253
	 [255, 1024, 1, 1] 	 0.48264787
	 [255] 	 -0.0023644208
6
30
36
116261 0.028390422 0.036712848 0.04615339 0.11125666
	 [32, 3, 3, 3] 	 0.52326703
	 [255, 1024, 1, 1] 	 1.1812062
	 [255] 	 -0.012512475
0
0
6
117441 0.006390884 0.025694272 0.044489454 0.07657461
	 [32, 3, 3, 3] 	 -3.9994533
	 [255, 1024, 1, 1] 	 2.076688
	 [255] 	 0.012452209
6
21
18
118921 0.059358176 0.029449232 0.0010497344 0.08985714
	 [32, 3, 3, 3] 	 -0.18132046
	 [255, 1024, 1, 1] 	 4.7641277
	 [255] 	 0.010521523
0
0
18
120398 0.016342474 0.030796561 0.02248029 0.06961933
	 [32, 3, 3, 3] 	 -4.40081
	 [255, 1024, 1, 1] 	 -13.105188
	 [255] 	 -0.03237636
39
66
51
122588 0.055576194 0.16485286 0.09478488 0.31521392
	 [32, 3, 3, 3] 	 -0.006488122
	 [255, 1024, 1, 1] 	 -4.5128055
	 [255] 	 -0.0145377265
6
39
51
124429 0.051396944 0.1147208 0.097403005 0.26352075
	 [32, 3, 3, 3] 	 -0.48146752
	 [255, 1024, 1, 1] 	 -3.9680316
	 [255] 	 -0.015226173
0
0
9
126345 0.004808402 0.0145985875 0.042175546 0.061582536
	 [32, 3, 3, 3] 	 -3.79768
	 [255, 1024, 1, 1] 	 -0.4881955
	 [255] 	 -0.017105946
141
219
84
12897 0.058832426 0.2616314 0.049917936 0.37038177
	 [32, 3, 3, 3] 	 -2.1302683
	 [255, 1024, 1, 1] 	 -4.9646535
	 [255] 	 -0.0039999755
48
27
6
129159 0.032625437 0.03729797 0.015692024 0.085615434
	 [32, 3, 3, 3] 	 0.7344484
	 [255, 1024, 1, 1] 	 -3.487875
	 [255] 	 0.050061632
24
27
18
134558 0.051256385 0.042623866 0.023044778 0.11692503
	 [32, 3, 3, 3] 	 0.12084796
	 [255, 1024, 1, 1] 	 -8.913311
	 [255] 	 -0.02620896
12
66
57
135410 0.04099685 0.08172944 0.028139327 0.15086561
	 [32, 3, 3, 3] 	 0.60508955
	 [255, 1024, 1, 1] 	 -1.2919902
	 [255] 	 -0.015823994
63
93
69
142620 0.035399012 0.11463282 0.021688607 0.17172045
	 [32, 3, 3, 3] 	 -0.8275794
	 [255, 1024, 1, 1] 	 -2.8351762
	 [255] 	 -0.011856095
3
24
21
14265 0.01464223 0.018101536 0.0031292504 0.03587302
	 [32, 3, 3, 3] 	 -1.829373
	 [255, 1024, 1, 1] 	 2.0760818
	 [255] 	 0.025644772
6
15
15
155192 0.027720246 0.015088428 0.0075849392 0.050393615
	 [32, 3, 3, 3] 	 2.194493
	 [255, 1024, 1, 1] 	 -0.8307058
	 [255] 	 -0.011128626
168
126
36
155885 0.074249275 0.30864194 0.085982665 0.46887386
	 [32, 3, 3, 3] 	 6.6845574
	 [255, 1024, 1, 1] 	 0.499619
	 [255] 	 0.008376186
0
0
9
15746 0.0036480445 0.009621261 0.027541311 0.040810615
	 [32, 3, 3, 3] 	 -0.35953623
	 [255, 1024, 1, 1] 	 -3.7926383
	 [255] 	 -0.027322184
6
33
36
160260 0.04173671 0.081260055 0.109564014 0.23256078
	 [32, 3, 3, 3] 	 -0.080801904
	 [255, 1024, 1, 1] 	 -4.9439034
	 [255] 	 -0.027882108
3
9
3
16241 0.027790746 0.016380288 0.117401786 0.16157281
	 [32, 3, 3, 3] 	 0.9298973
	 [255, 1024, 1, 1] 	 15.988569
	 [255] 	 0.09976932
48
60
60
168491 0.07059437 0.15101883 0.04639258 0.2680058
	 [32, 3, 3, 3] 	 3.1023085
	 [255, 1024, 1, 1] 	 -3.1188445
	 [255] 	 -0.009708038
45
48
30
170127 0.04475031 0.07050577 0.028854717 0.1441108
	 [32, 3, 3, 3] 	 -1.7173762
	 [255, 1024, 1, 1] 	 2.4749253
	 [255] 	 0.0019533536
45
96
60
172595 0.04053488 0.14514323 0.07895408 0.2646322
	 [32, 3, 3, 3] 	 1.5818089
	 [255, 1024, 1, 1] 	 -5.7769146
	 [255] 	 -0.033473942
0
0
9
173235 0.009963039 0.021377342 0.036053833 0.06739421
	 [32, 3, 3, 3] 	 2.3032205
	 [255, 1024, 1, 1] 	 1.7561631
	 [255] 	 0.0073759197
9
18
12
1779 0.03799268 0.029794235 0.09766187 0.16544878
	 [32, 3, 3, 3] 	 -1.8969656
	 [255, 1024, 1, 1] 	 -3.523321
	 [255] 	 -0.025275558
0
0
6
179273 0.029574126 0.019310435 0.057803586 0.10668815
	 [32, 3, 3, 3] 	 0.37577447
	 [255, 1024, 1, 1] 	 -6.963115
	 [255] 	 -0.017402794
0
6
24
180366 0.035202082 0.027524723 0.048475023 0.11120182
	 [32, 3, 3, 3] 	 -0.62907684
	 [255, 1024, 1, 1] 	 -2.0119905
	 [255] 	 -0.01834813
18
12
6
18149 0.06506212 0.024044044 0.04672366 0.13582982
	 [32, 3, 3, 3] 	 -0.53284615
	 [255, 1024, 1, 1] 	 -1.0235635
	 [255] 	 0.0017505502
24
24
9
184205 0.018176986 0.040354475 0.03260735 0.09113881
	 [32, 3, 3, 3] 	 2.1837935
	 [255, 1024, 1, 1] 	 5.1603327
	 [255] 	 0.082883276
30
27
3
192291 0.048188813 0.03045397 0.035058595 0.11370138
	 [32, 3, 3, 3] 	 -8.414369
	 [255, 1024, 1, 1] 	 8.454013
	 [255] 	 0.04280536
36
54
42
192406 0.048704248 0.101325214 0.021037426 0.1710669
	 [32, 3, 3, 3] 	 -2.242069
	 [255, 1024, 1, 1] 	 -0.49665883
	 [255] 	 -0.010585895
45
45
24
197279 0.029353274 0.038443957 0.0035942525 0.07139148
	 [32, 3, 3, 3] 	 -0.042916156
	 [255, 1024, 1, 1] 	 1.4510887
	 [255] 	 0.057872113
3
9
3
205531 0.028369907 0.012522181 0.024246734 0.06513882
	 [32, 3, 3, 3] 	 -1.5953225
	 [255, 1024, 1, 1] 	 2.9681404
	 [255] 	 0.09489314
0
3
18
209728 0.01149795 0.014021609 0.09867627 0.12419583
	 [32, 3, 3, 3] 	 3.3223972
	 [255, 1024, 1, 1] 	 -4.6715674
	 [255] 	 -0.05900722
72
93
45
212112 0.03295894 0.09152038 0.043402955 0.16788226
	 [32, 3, 3, 3] 	 -0.3421407
	 [255, 1024, 1, 1] 	 -1.2186781
	 [255] 	 -0.018877534
0
12
21
212198 0.0163732 0.024345346 0.00500438 0.045722928
	 [32, 3, 3, 3] 	 -0.0856404
	 [255, 1024, 1, 1] 	 -0.6331496
	 [255] 	 0.010121286
6
6
21
212605 0.07801514 0.05749529 0.13201427 0.26752472
	 [32, 3, 3, 3] 	 -0.8297891
	 [255, 1024, 1, 1] 	 -10.988391
	 [255] 	 -0.030097084
0
0
15
213795 0.033056412 0.026106328 0.029903142 0.08906588
	 [32, 3, 3, 3] 	 0.81112874
	 [255, 1024, 1, 1] 	 -5.9043016
	 [255] 	 -0.014672402
9
36
30
220819 0.018417863 0.06496838 0.1205743 0.20396054
	 [32, 3, 3, 3] 	 -0.47532684
	 [255, 1024, 1, 1] 	 2.0120094
	 [255] 	 -0.015112119
0
3
21
223241 0.072494306 0.024899967 0.052628156 0.15002243
	 [32, 3, 3, 3] 	 -1.1099296
	 [255, 1024, 1, 1] 	 -7.3509746
	 [255] 	 -0.030728556
93
102
30
223426 0.07104911 0.1302672 0.08230582 0.28362215
	 [32, 3, 3, 3] 	 -0.6730681
	 [255, 1024, 1, 1] 	 2.2171338
	 [255] 	 0.017012972
57
24
9
224554 0.052782465 0.04316991 0.02428955 0.120241925
	 [32, 3, 3, 3] 	 2.2662697
	 [255, 1024, 1, 1] 	 -0.8576527
	 [255] 	 -0.0048511443
0
18
39
224557 0.014374237 0.037782155 0.031690165 0.083846554
	 [32, 3, 3, 3] 	 -2.1748445
	 [255, 1024, 1, 1] 	 -0.15358293
	 [255] 	 -0.005449596
0
15
24
224907 0.021038832 0.050873917 0.060923763 0.13283652
	 [32, 3, 3, 3] 	 1.4192815
	 [255, 1024, 1, 1] 	 -15.129127
	 [255] 	 -0.058087304
72
36
18
226097 0.04620602 0.05157396 0.07144901 0.16922899
	 [32, 3, 3, 3] 	 -0.88088393
	 [255, 1024, 1, 1] 	 0.8969653
	 [255] 	 -0.002708471
102
141
69
227031 0.059839036 0.14210322 0.03307008 0.23501235
	 [32, 3, 3, 3] 	 -0.54847467
	 [255, 1024, 1, 1] 	 -1.1098588
	 [255] 	 -0.0009972374
15
60
33
231325 0.04721607 0.08311595 0.04240678 0.1727388
	 [32, 3, 3, 3] 	 -2.1304796
	 [255, 1024, 1, 1] 	 -0.6456075
	 [255] 	 0.013514552
0
9
15
232453 0.019663861 0.032936875 0.02333851 0.075939246
	 [32, 3, 3, 3] 	 -0.939496
	 [255, 1024, 1, 1] 	 -2.4531834
	 [255] 	 0.025501981
12
18
6
233140 0.029239032 0.02453053 0.04830267 0.10207223
	 [32, 3, 3, 3] 	 0.7103419
	 [255, 1024, 1, 1] 	 -5.710591
	 [255] 	 -0.04498975
3
18
21
234807 0.011532194 0.008965716 0.016444504 0.036942415
	 [32, 3, 3, 3] 	 0.0008619819
	 [255, 1024, 1, 1] 	 -2.196255
	 [255] 	 -0.00432349
0
9
12
237316 0.020371793 0.020787243 0.0016932155 0.04285225
	 [32, 3, 3, 3] 	 -0.34762067
	 [255, 1024, 1, 1] 	 3.4753728
	 [255] 	 0.05456066
72
114
57
237324 0.062353116 0.11172177 0.045168467 0.21924335
	 [32, 3, 3, 3] 	 -1.2805209
	 [255, 1024, 1, 1] 	 -1.6944072
	 [255] 	 0.0031470296
3
9
24
238147 0.053455014 0.038220376 0.1610181 0.25269347
	 [32, 3, 3, 3] 	 0.20133479
	 [255, 1024, 1, 1] 	 -4.2857957
	 [255] 	 -0.016207833
12
78
54
239148 0.06274986 0.09215905 0.09986119 0.2547701
	 [32, 3, 3, 3] 	 0.25771895
	 [255, 1024, 1, 1] 	 1.8653914
	 [255] 	 0.023017474
24
6
9
242868 0.039974045 0.03207777 0.079021946 0.15107375
	 [32, 3, 3, 3] 	 -7.879288
	 [255, 1024, 1, 1] 	 -7.736064
	 [255] 	 -0.035183642
6
27
21
245049 0.016124913 0.015320538 0.0018349761 0.03328043
	 [32, 3, 3, 3] 	 -0.11593024
	 [255, 1024, 1, 1] 	 -2.4189322
	 [255] 	 -0.034646925
135
123
60
246014 0.063256465 0.21209615 0.04317464 0.31852728
	 [32, 3, 3, 3] 	 -0.29547852
	 [255, 1024, 1, 1] 	 3.6799643
	 [255] 	 -0.0020214678
36
63
36
246061 0.03819949 0.052559372 0.009013839 0.0997727
	 [32, 3, 3, 3] 	 1.2968067
	 [255, 1024, 1, 1] 	 -0.7237429
	 [255] 	 0.02057147
120
48
3
25034 0.083119 0.058167033 0.03712298 0.17840901
	 [32, 3, 3, 3] 	 7.566609
	 [255, 1024, 1, 1] 	 -0.5809261
	 [255] 	 0.0037522106
33
21
9
250571 0.055918332 0.02778754 0.072266474 0.15597235
	 [32, 3, 3, 3] 	 1.8644341
	 [255, 1024, 1, 1] 	 17.84619
	 [255] 	 0.107318416
0
6
12
250594 0.019106252 0.009900098 0.0019620587 0.030968409
	 [32, 3, 3, 3] 	 2.0235777
	 [255, 1024, 1, 1] 	 0.1962963
	 [255] 	 0.008739159
0
9
12
252696 0.030296935 0.024556011 0.011692074 0.066545025
	 [32, 3, 3, 3] 	 -1.9483224
	 [255, 1024, 1, 1] 	 1.5110983
	 [255] 	 0.005720241
0
18
18
253718 0.06745391 0.036954295 0.076903 0.1813112
	 [32, 3, 3, 3] 	 3.2096937
	 [255, 1024, 1, 1] 	 -0.59215635
	 [255] 	 0.0010940153
27
60
45
253770 0.03694448 0.079910174 0.013722078 0.13057673
	 [32, 3, 3, 3] 	 1.2507164
	 [255, 1024, 1, 1] 	 -2.702793
	 [255] 	 0.005209809
78
60
15
254711 0.03864974 0.042587575 0.01594248 0.0971798
	 [32, 3, 3, 3] 	 1.2679075
	 [255, 1024, 1, 1] 	 -2.2627037
	 [255] 	 -0.020185271
0
0
9
255974 0.0024276606 0.008130532 0.032561738 0.04311993
	 [32, 3, 3, 3] 	 -0.95586956
	 [255, 1024, 1, 1] 	 -5.782728
	 [255] 	 -0.043695778
14
30
33
258346 0.05190006 0.05028826 0.04264686 0.14483517
	 [32, 3, 3, 3] 	 5.4694324
	 [255, 1024, 1, 1] 	 4.7539907
	 [255] 	 0.017225185
30
33
24
259335 0.036362376 0.03460372 0.0328015 0.103767596
	 [32, 3, 3, 3] 	 1.1754441
	 [255, 1024, 1, 1] 	 -2.2163055
	 [255] 	 -0.013187183
93
39
3
259452 0.04424072 0.052603185 0.006592741 0.10343665
	 [32, 3, 3, 3] 	 0.8847211
	 [255, 1024, 1, 1] 	 0.4527232
	 [255] 	 0.02142646
0
0
6
259614 0.0067160646 0.012996413 0.04226496 0.06197744
	 [32, 3, 3, 3] 	 -1.2083608
	 [255, 1024, 1, 1] 	 -7.521839
	 [255] 	 -0.045871567
0
9
9
260020 0.0034252647 0.025180645 0.00090041006 0.02950632
	 [32, 3, 3, 3] 	 -0.68120897
	 [255, 1024, 1, 1] 	 -0.5360793
	 [255] 	 -0.042100023
6
30
42
264654 0.06439124 0.0751401 0.042597577 0.18212892
	 [32, 3, 3, 3] 	 -5.1474247
	 [255, 1024, 1, 1] 	 -2.8544102
	 [255] 	 -0.02362791
15
60
69
265916 0.04200579 0.10654785 0.031610068 0.18016371
	 [32, 3, 3, 3] 	 3.869471
	 [255, 1024, 1, 1] 	 -4.0617924
	 [255] 	 -0.015990099
57
48
6
274708 0.03099727 0.030660186 0.0027238922 0.06438135
	 [32, 3, 3, 3] 	 0.44426227
	 [255, 1024, 1, 1] 	 2.6448655
	 [255] 	 0.07225056
3
18
9
275058 0.055784263 0.032721262 0.060441695 0.14894721
	 [32, 3, 3, 3] 	 nan
	 [255, 1024, 1, 1] 	 1.059688
	 [255] 	 0.016863588
0
12
33
276146 0.007901491 0.034174114 0.0038319132 0.045907516
	 [32, 3, 3, 3] 	 -0.5107158
	 [255, 1024, 1, 1] 	 -5.112381
	 [255] 	 -0.034913138
55
156
117
27642 0.042214718 0.19343542 0.043998063 0.27964818
	 [32, 3, 3, 3] 	 -0.23308916
	 [255, 1024, 1, 1] 	 -2.0154915
	 [255] 	 -0.022226265
12
18
6
283441 0.02969789 0.044008873 0.04824592 0.12195268
	 [32, 3, 3, 3] 	 1.7164268
	 [255, 1024, 1, 1] 	 0.3967908
	 [255] 	 0.035324723
24
36
18
293175 0.038809326 0.072506495 0.073611796 0.18492761
	 [32, 3, 3, 3] 	 -0.26665112
	 [255, 1024, 1, 1] 	 -3.5535035
	 [255] 	 -0.0033970578
9
18
21
294908 0.036738303 0.025920246 0.0067079184 0.06936647
	 [32, 3, 3, 3] 	 0.11835572
	 [255, 1024, 1, 1] 	 -0.18103153
	 [255] 	 -0.060628433
0
0
15
296383 0.013995963 0.02005554 0.050409604 0.08446111
	 [32, 3, 3, 3] 	 0.28897262
	 [255, 1024, 1, 1] 	 -10.481386
	 [255] 	 -0.051605914
9
21
15
296759 0.04395667 0.050659895 0.030906815 0.12552337
	 [32, 3, 3, 3] 	 0.16819179
	 [255, 1024, 1, 1] 	 -5.871634
	 [255] 	 -0.041591123
3
9
3
298137 0.021989932 0.023718752 0.039363977 0.08507267
	 [32, 3, 3, 3] 	 -6.820411
	 [255, 1024, 1, 1] 	 14.586212
	 [255] 	 0.11148958
0
0
24
30290 0.02170075 0.015712691 0.015753359 0.0531668
	 [32, 3, 3, 3] 	 -0.09423136
	 [255, 1024, 1, 1] 	 -2.3868728
	 [255] 	 -0.019865738
72
138
66
304404 0.03339041 0.13732255 0.016158 0.18687095
	 [32, 3, 3, 3] 	 -0.0581479
	 [255, 1024, 1, 1] 	 1.729835
	 [255] 	 0.014589556
12
21
18
30465 0.019988587 0.023406412 0.002269228 0.045664225
	 [32, 3, 3, 3] 	 0.24268007
	 [255, 1024, 1, 1] 	 -2.5879397
	 [255] 	 -0.01703461
33
78
63
305609 0.051413964 0.1621366 0.08394177 0.29749233
	 [32, 3, 3, 3] 	 -2.6235182
	 [255, 1024, 1, 1] 	 0.6789374
	 [255] 	 0.015838737
0
9
24
306395 0.009579941 0.013907358 0.0036309422 0.027118241
	 [32, 3, 3, 3] 	 -0.00697442
	 [255, 1024, 1, 1] 	 -1.344637
	 [255] 	 -0.043003153
0
9
9
316000 0.019486735 0.015690465 0.0015656233 0.036742825
	 [32, 3, 3, 3] 	 -0.13054854
	 [255, 1024, 1, 1] 	 -1.972358
	 [255] 	 -0.06566596
36
0
3
31601 0.045538153 0.024975434 0.033568766 0.10408236
	 [32, 3, 3, 3] 	 0.11252132
	 [255, 1024, 1, 1] 	 -14.153788
	 [255] 	 -0.06321681
0
0
0
317130 0.0 0.016179124 0.0 0.016179124
	 [32, 3, 3, 3] 	 -0.427103
	 [255, 1024, 1, 1] 	 0.11080414
	 [255] 	 0.0050559044
18
63
54
318219 0.0762123 0.13461974 0.12559476 0.3364268
	 [32, 3, 3, 3] 	 0.645
	 [255, 1024, 1, 1] 	 -1.2009332
	 [255] 	 -0.0018602135
15
33
27
319830 0.04338604 0.047360994 0.061373755 0.15212078
	 [32, 3, 3, 3] 	 -3.4732904
	 [255, 1024, 1, 1] 	 4.4477015
	 [255] 	 0.024786055
9
9
3
320370 0.024715751 0.012448208 0.011811822 0.04897578
	 [32, 3, 3, 3] 	 7.942004
	 [255, 1024, 1, 1] 	 -5.2729526
	 [255] 	 0.07280312
0
15
39
322503 0.023503218 0.07788186 0.06872423 0.1701093
	 [32, 3, 3, 3] 	 0.06683578
	 [255, 1024, 1, 1] 	 -5.125785
	 [255] 	 -0.014359398
6
27
27
322848 0.026096016 0.04102329 0.044112086 0.111231394
	 [32, 3, 3, 3] 	 -3.153707
	 [255, 1024, 1, 1] 	 -0.3901965
	 [255] 	 -0.026752776
0
0
15
33372 0.017032405 0.019271404 0.025888652 0.062192462
	 [32, 3, 3, 3] 	 0.09748082
	 [255, 1024, 1, 1] 	 -4.158987
	 [255] 	 -0.046870984
36
60
33
334371 0.04088676 0.07292284 0.036003567 0.14981318
	 [32, 3, 3, 3] 	 -0.7985033
	 [255, 1024, 1, 1] 	 -1.3508233
	 [255] 	 -0.0035298823
0
6
9
337065 0.018947775 0.033318676 0.0814069 0.13367334
	 [32, 3, 3, 3] 	 -2.2637959
	 [255, 1024, 1, 1] 	 9.149224
	 [255] 	 0.0406942
9
42
51
344548 0.020217502 0.048738264 0.009092574 0.07804834
	 [32, 3, 3, 3] 	 -0.26518065
	 [255, 1024, 1, 1] 	 -1.5300283
	 [255] 	 -0.02278428
369
260
36
353409 0.07566693 0.3741192 0.076036386 0.5258225
	 [32, 3, 3, 3] 	 0.79024684
	 [255, 1024, 1, 1] 	 -1.5634658
	 [255] 	 0.0073482515
3
6
12
354729 0.019262705 0.03067746 0.03441661 0.08435677
	 [32, 3, 3, 3] 	 3.6939301
	 [255, 1024, 1, 1] 	 -8.33981
	 [255] 	 -0.046980858
99
87
30
355441 0.025035132 0.060622074 0.0034165303 0.08907374
	 [32, 3, 3, 3] 	 0.24296346
	 [255, 1024, 1, 1] 	 1.2057562
	 [255] 	 0.0613859
48
45
18
36053 0.036015864 0.07046007 0.050411303 0.15688723
	 [32, 3, 3, 3] 	 2.5591204
	 [255, 1024, 1, 1] 	 -4.021599
	 [255] 	 -0.046530254
93
12
6
365485 0.056776375 0.070759326 0.054754253 0.18228996
	 [32, 3, 3, 3] 	 0.120664656
	 [255, 1024, 1, 1] 	 3.1744568
	 [255] 	 0.030239739
0
6
18
369667 0.016249815 0.023225076 0.062435955 0.101910844
	 [32, 3, 3, 3] 	 -0.020006478
	 [255, 1024, 1, 1] 	 -4.0208287
	 [255] 	 -0.028719662
12
63
33
372819 0.036837462 0.04292325 0.0892722 0.16903292
	 [32, 3, 3, 3] 	 -0.42365432
	 [255, 1024, 1, 1] 	 -2.8710713
	 [255] 	 0.0043375175
0
12
24
375376 0.010274594 0.014567717 0.07817431 0.103016615
	 [32, 3, 3, 3] 	 -3.152633
	 [255, 1024, 1, 1] 	 -1.0597929
	 [255] 	 -0.03488458
0
0
9
377738 0.033977658 0.024443388 0.032229748 0.0906508
	 [32, 3, 3, 3] 	 -0.17174605
	 [255, 1024, 1, 1] 	 -11.190292
	 [255] 	 -0.02575365
0
0
9
378859 0.0046309694 0.010450818 0.0013203721 0.016402159
	 [32, 3, 3, 3] 	 0.048735652
	 [255, 1024, 1, 1] 	 2.2764504
	 [255] 	 0.03830138
126
153
60
381608 0.059758216 0.2315527 0.062033534 0.35334444
	 [32, 3, 3, 3] 	 -1.2076539
	 [255, 1024, 1, 1] 	 0.10818213
	 [255] 	 -0.0040285215
9
9
12
38721 0.027196651 0.02185375 0.017696131 0.06674653
	 [32, 3, 3, 3] 	 0.308205
	 [255, 1024, 1, 1] 	 -7.5439043
	 [255] 	 -0.049749896
0
9
15
388464 0.013233121 0.016244557 0.000880121 0.030357799
	 [32, 3, 3, 3] 	 -0.537313
	 [255, 1024, 1, 1] 	 -1.4303021
	 [255] 	 -0.05761162
72
63
27
389753 0.06480755 0.08994459 0.06269084 0.21744297
	 [32, 3, 3, 3] 	 -0.8464077
	 [255, 1024, 1, 1] 	 0.41382807
	 [255] 	 0.024361104
12
33
48
394050 0.04375108 0.09514733 0.039003946 0.17790234
	 [32, 3, 3, 3] 	 -0.7837441
	 [255, 1024, 1, 1] 	 -2.0995975
	 [255] 	 -0.0019128695
30
114
93
394334 0.03742475 0.16252343 0.10141908 0.30136728
	 [32, 3, 3, 3] 	 1.2843603
	 [255, 1024, 1, 1] 	 -0.64764816
	 [255] 	 0.0077379025
27
69
57
395904 0.031869054 0.08911271 0.036155537 0.1571373
	 [32, 3, 3, 3] 	 0.4264605
	 [255, 1024, 1, 1] 	 0.34571093
	 [255] 	 0.008257289
120
36
15
402248 0.045554556 0.07854148 0.02631668 0.15041271
	 [32, 3, 3, 3] 	 -6.4372773
	 [255, 1024, 1, 1] 	 1.1217747
	 [255] 	 -0.051764347
24
78
93
403995 0.054804176 0.17409137 0.035859432 0.26475498
	 [32, 3, 3, 3] 	 0.08647394
	 [255, 1024, 1, 1] 	 -3.326549
	 [255] 	 -0.004214961
21
69
30
405882 0.06347539 0.053848293 0.055778444 0.17310213
	 [32, 3, 3, 3] 	 -4.0258837
	 [255, 1024, 1, 1] 	 4.0629444
	 [255] 	 0.027310126
9
18
9
406744 0.063016124 0.02115098 0.19690251 0.28106964
	 [32, 3, 3, 3] 	 -13.272163
	 [255, 1024, 1, 1] 	 -1.3837022
	 [255] 	 -0.04238537
3
24
30
408859 0.04074356 0.06582701 0.11107117 0.21764174
	 [32, 3, 3, 3] 	 0.7010367
	 [255, 1024, 1, 1] 	 1.7814068
	 [255] 	 0.013967978
0
0
15
415823 0.004714383 0.015263669 0.037646502 0.057624556
	 [32, 3, 3, 3] 	 0.2988676
	 [255, 1024, 1, 1] 	 -13.123952
	 [255] 	 -0.054994397
0
6
9
423396 0.025088916 0.014040806 0.0008000136 0.039929736
	 [32, 3, 3, 3] 	 -0.036047388
	 [255, 1024, 1, 1] 	 -3.1506472
	 [255] 	 -0.043882333
18
30
33
432213 0.027099157 0.0577481 0.04606667 0.13091393
	 [32, 3, 3, 3] 	 0.017930634
	 [255, 1024, 1, 1] 	 -6.1709657
	 [255] 	 -0.009108622
0
0
18
432906 0.024655253 0.035243537 0.032141607 0.0920404
	 [32, 3, 3, 3] 	 -0.42842194
	 [255, 1024, 1, 1] 	 -8.152542
	 [255] 	 -0.019502353
0
0
6
436280 0.010407772 0.009905973 0.039270468 0.059584215
	 [32, 3, 3, 3] 	 0.27038026
	 [255, 1024, 1, 1] 	 1.5767089
	 [255] 	 0.010582935
0
0
15
443818 0.010186028 0.01770957 0.038488127 0.06638373
	 [32, 3, 3, 3] 	 0.013419628
	 [255, 1024, 1, 1] 	 -11.457128
	 [255] 	 -0.04695529
72
60
66
457877 0.084781945 0.1437069 0.07065087 0.2991397
	 [32, 3, 3, 3] 	 -5.753736
	 [255, 1024, 1, 1] 	 -3.1169965
	 [255] 	 -0.008343106
3
9
15
459304 0.029155586 0.023302563 0.0012457948 0.05370394
	 [32, 3, 3, 3] 	 0.45095932
	 [255, 1024, 1, 1] 	 4.385355
	 [255] 	 -0.039047386
3
3
15
459887 0.037939783 0.041560836 0.17636491 0.2558655
	 [32, 3, 3, 3] 	 3.0637865
	 [255, 1024, 1, 1] 	 -11.516412
	 [255] 	 -0.02768663
0
21
60
460866 0.049469024 0.076815665 0.09994557 0.22623026
	 [32, 3, 3, 3] 	 0.6727098
	 [255, 1024, 1, 1] 	 -1.0657021
	 [255] 	 -0.0018012845
153
153
45
462565 0.04965142 0.10200402 0.028700333 0.18035577
	 [32, 3, 3, 3] 	 0.5394792
	 [255, 1024, 1, 1] 	 1.4380733
	 [255] 	 0.021058412
3
24
28
463611 0.023513537 0.04055789 0.08769281 0.15176424
	 [32, 3, 3, 3] 	 -0.8572736
	 [255, 1024, 1, 1] 	 -0.029214472
	 [255] 	 0.028753668
0
12
21
464018 0.02307404 0.049188443 0.066368535 0.13863102
	 [32, 3, 3, 3] 	 0.2849726
	 [255, 1024, 1, 1] 	 1.7635223
	 [255] 	 0.0051721837
27
33
21
466346 0.040795106 0.054978527 0.016263384 0.11203702
	 [32, 3, 3, 3] 	 0.4110782
	 [255, 1024, 1, 1] 	 2.5782037
	 [255] 	 -0.04567823
9
12
9
467468 0.02803269 0.020123485 0.020635718 0.068791896
	 [32, 3, 3, 3] 	 -2.888065
	 [255, 1024, 1, 1] 	 0.2974277
	 [255] 	 0.00050399173
132
96
51
46847 0.07918526 0.20660566 0.08640386 0.37219477
	 [32, 3, 3, 3] 	 -1.0967975
	 [255, 1024, 1, 1] 	 -1.962903
	 [255] 	 -0.014457931
3
9
9
473121 0.0251924 0.010000871 0.0045748446 0.039768115
	 [32, 3, 3, 3] 	 0.8149369
	 [255, 1024, 1, 1] 	 -4.818293
	 [255] 	 0.039618067
0
33
36
474881 0.012317223 0.031961426 0.058909245 0.10318789
	 [32, 3, 3, 3] 	 8.669481
	 [255, 1024, 1, 1] 	 -2.8737893
	 [255] 	 -0.04671176
96
120
45
475182 0.07750692 0.20181644 0.046835586 0.32615894
	 [32, 3, 3, 3] 	 -1.6546395
	 [255, 1024, 1, 1] 	 -0.9537693
	 [255] 	 -0.00024658628
0
9
6
475856 0.0077697025 0.013638925 0.0010350967 0.022443723
	 [32, 3, 3, 3] 	 0.30230075
	 [255, 1024, 1, 1] 	 -1.977555
	 [255] 	 -0.019686695
96
84
6
479075 0.026864229 0.06757443 0.0652554 0.15969406
	 [32, 3, 3, 3] 	 -0.4595787
	 [255, 1024, 1, 1] 	 1.6728868
	 [255] 	 0.031431157
129
93
18
48133 0.06339047 0.13859625 0.04884855 0.25083527
	 [32, 3, 3, 3] 	 0.5635922
	 [255, 1024, 1, 1] 	 -2.802378
	 [255] 	 0.030634023
33
96
63
483446 0.036350615 0.10783216 0.061707772 0.20589054
	 [32, 3, 3, 3] 	 0.33029234
	 [255, 1024, 1, 1] 	 0.37088087
	 [255] 	 -0.010041017
12
18
6
485773 0.022094235 0.012089544 0.0022615695 0.036445346
	 [32, 3, 3, 3] 	 0.16925792
	 [255, 1024, 1, 1] 	 3.2612648
	 [255] 	 0.028194755
3
9
12
486162 0.055149175 0.0526684 0.14038375 0.24820133
	 [32, 3, 3, 3] 	 -1.1277885
	 [255, 1024, 1, 1] 	 4.8971214
	 [255] 	 0.029446676
0
0
15
488743 0.02069954 0.013648721 0.046308007 0.08065627
	 [32, 3, 3, 3] 	 -1.2779585
	 [255, 1024, 1, 1] 	 -1.0361723
	 [255] 	 -0.0033329937
0
12
15
491294 0.024967102 0.04078154 0.064355895 0.13010454
	 [32, 3, 3, 3] 	 2.6210384
	 [255, 1024, 1, 1] 	 3.618507
	 [255] 	 0.023194827
3
9
12
494555 0.032552347 0.018094763 0.007987731 0.05863484
	 [32, 3, 3, 3] 	 -0.59773034
	 [255, 1024, 1, 1] 	 6.22878
	 [255] 	 -0.04161866
15
36
30
494846 0.038051248 0.06345874 0.038230103 0.1397401
	 [32, 3, 3, 3] 	 -0.8450125
	 [255, 1024, 1, 1] 	 0.7530765
	 [255] 	 0.018302893
15
36
18
499727 0.028722122 0.02833967 0.11951703 0.17657882
	 [32, 3, 3, 3] 	 1.4208722
	 [255, 1024, 1, 1] 	 8.822801
	 [255] 	 0.06671751
0
6
24
502644 0.014663626 0.026512573 0.032293964 0.07347016
	 [32, 3, 3, 3] 	 -1.0148071
	 [255, 1024, 1, 1] 	 -2.636373
	 [255] 	 -0.039860707
0
0
15
512938 0.011915172 0.02742833 0.058752086 0.09809559
	 [32, 3, 3, 3] 	 2.1584463
	 [255, 1024, 1, 1] 	 -2.4599771
	 [255] 	 -0.023863608
51
90
78
517399 0.034606997 0.099248394 0.054679856 0.18853524
	 [32, 3, 3, 3] 	 -1.8418801
	 [255, 1024, 1, 1] 	 0.7025603
	 [255] 	 0.017382715
27
84
72
520124 0.04047897 0.11103819 0.03590478 0.18742195
	 [32, 3, 3, 3] 	 0.14947914
	 [255, 1024, 1, 1] 	 -0.33154106
	 [255] 	 -0.032267343
9
6
9
52017 0.073821194 0.018679466 0.08761803 0.18011868
	 [32, 3, 3, 3] 	 -3.504671
	 [255, 1024, 1, 1] 	 1.3637421
	 [255] 	 0.0082849935
12
6
15
520324 0.06032758 0.0475554 0.013388089 0.12127107
	 [32, 3, 3, 3] 	 2.1447115
	 [255, 1024, 1, 1] 	 -2.8258288
	 [255] 	 -0.0014089169
30
56
68
522665 0.06156295 0.13842931 0.07626182 0.2762541
	 [32, 3, 3, 3] 	 -0.26153195
	 [255, 1024, 1, 1] 	 -3.9344122
	 [255] 	 -0.012887144
6
9
6
530998 0.010967346 0.005673389 0.00082977867 0.017470513
	 [32, 3, 3, 3] 	 -0.11098131
	 [255, 1024, 1, 1] 	 -0.9140471
	 [255] 	 0.010751782
102
117
39
531697 0.042529393 0.15251194 0.04938991 0.24443124
	 [32, 3, 3, 3] 	 -2.9688358
	 [255, 1024, 1, 1] 	 -0.15486869
	 [255] 	 0.0048797852
66
54
24
536201 0.03478074 0.040619895 0.004658822 0.080059454
	 [32, 3, 3, 3] 	 0.040739037
	 [255, 1024, 1, 1] 	 3.10613
	 [255] 	 0.033011585
36
69
42
53668 0.020472718 0.03415264 0.01388408 0.06850944
	 [32, 3, 3, 3] 	 -0.14384283
	 [255, 1024, 1, 1] 	 -0.3550698
	 [255] 	 -0.015333873
0
3
18
537907 0.07354975 0.018916156 0.07719423 0.16966014
	 [32, 3, 3, 3] 	 -0.74054897
	 [255, 1024, 1, 1] 	 -2.2482033
	 [255] 	 -0.028208153
3
21
18
540642 0.033136386 0.026569279 0.040562153 0.10026782
	 [32, 3, 3, 3] 	 -0.9756838
	 [255, 1024, 1, 1] 	 2.9172044
	 [255] 	 0.060661867
6
9
3
541435 0.010856572 0.012774523 0.002439258 0.026070355
	 [32, 3, 3, 3] 	 0.5243429
	 [255, 1024, 1, 1] 	 1.3431563
	 [255] 	 0.10840402
0
3
15
542388 0.061672866 0.042513736 0.048160568 0.15234718
	 [32, 3, 3, 3] 	 -3.0654378
	 [255, 1024, 1, 1] 	 -3.7917612
	 [255] 	 -0.0023212978
0
30
42
547759 0.017531604 0.03476218 0.041463327 0.09375711
	 [32, 3, 3, 3] 	 -0.9130748
	 [255, 1024, 1, 1] 	 -2.64827
	 [255] 	 -0.040896002
0
3
6
552656 0.006808556 0.0063341167 0.05974384 0.07288651
	 [32, 3, 3, 3] 	 1.7340894
	 [255, 1024, 1, 1] 	 -0.13406953
	 [255] 	 -0.0023397491
0
9
15
556966 0.034893353 0.02523124 0.03666705 0.09679164
	 [32, 3, 3, 3] 	 2.4891615
	 [255, 1024, 1, 1] 	 3.4413087
	 [255] 	 -0.023102542
0
3
18
559955 0.06345584 0.02465362 0.076393515 0.16450298
	 [32, 3, 3, 3] 	 1.0057647
	 [255, 1024, 1, 1] 	 -3.3680604
	 [255] 	 -0.020664003
6
81
84
563882 0.044454068 0.12228711 0.029135352 0.19587652
	 [32, 3, 3, 3] 	 3.3583102
	 [255, 1024, 1, 1] 	 -1.4812438
	 [255] 	 -0.0043188487
0
15
36
564659 0.0065372935 0.032615535 0.06881809 0.10797092
	 [32, 3, 3, 3] 	 -1.0493922
	 [255, 1024, 1, 1] 	 -1.3768977
	 [255] 	 -0.0064032814
78
102
54
566975 0.052179307 0.12952614 0.07802829 0.25973374
	 [32, 3, 3, 3] 	 0.1216037
	 [255, 1024, 1, 1] 	 2.1073067
	 [255] 	 0.015004905
9
36
30
572802 0.032157373 0.036631197 0.027470449 0.09625902
	 [32, 3, 3, 3] 	 3.8027174
	 [255, 1024, 1, 1] 	 -0.11203273
	 [255] 	 0.018161818
3
21
42
573206 0.0412557 0.059023663 0.03781195 0.13809131
	 [32, 3, 3, 3] 	 2.4295192
	 [255, 1024, 1, 1] 	 -4.7570734
	 [255] 	 -0.026436988
0
3
15
574411 0.046154838 0.016390914 0.040412147 0.102957904
	 [32, 3, 3, 3] 	 0.49846363
	 [255, 1024, 1, 1] 	 -7.9431157
	 [255] 	 -0.03648834
0
0
9
575032 0.001014585 0.013799051 0.0008681616 0.015681798
	 [32, 3, 3, 3] 	 0.30821714
	 [255, 1024, 1, 1] 	 1.103992
	 [255] 	 0.021004185
150
222
99
579070 0.04701351 0.3570176 0.052259926 0.45629105
	 [32, 3, 3, 3] 	 1.9404438
	 [255, 1024, 1, 1] 	 -0.86785203
	 [255] 	 -0.014624212
93
126
33
580720 0.06711351 0.15299469 0.069013804 0.28912202
	 [32, 3, 3, 3] 	 1.7279661
	 [255, 1024, 1, 1] 	 1.0661279
	 [255] 	 0.027298965
0
18
15
65231 0.044855803 0.015346281 0.012404686 0.07260677
	 [32, 3, 3, 3] 	 -1.142684
	 [255, 1024, 1, 1] 	 -0.77423394
	 [255] 	 -0.005122681
120
75
15
65798 0.065318614 0.13637608 0.022462748 0.22415745
	 [32, 3, 3, 3] 	 0.37000102
	 [255, 1024, 1, 1] 	 -2.670186
	 [255] 	 0.02440399
99
74
39
69670 0.039150458 0.076794565 0.026159428 0.14210445
	 [32, 3, 3, 3] 	 -0.82615376
	 [255, 1024, 1, 1] 	 -1.0674744
	 [255] 	 -0.02494397
0
9
15
69959 0.005709982 0.018598326 0.027308656 0.051616963
	 [32, 3, 3, 3] 	 -1.998447
	 [255, 1024, 1, 1] 	 -1.3419607
	 [255] 	 -0.001756598
93
96
87
70478 0.061529912 0.110926606 0.031851355 0.20430787
	 [32, 3, 3, 3] 	 -0.95044553
	 [255, 1024, 1, 1] 	 0.5919002
	 [255] 	 0.012428432
0
0
6
75162 0.0028420498 0.011613576 0.0069236015 0.021379227
	 [32, 3, 3, 3] 	 2.0831866
	 [255, 1024, 1, 1] 	 0.8133292
	 [255] 	 0.009514824
6
15
40
79113 0.029216701 0.06600861 0.030257039 0.12548235
	 [32, 3, 3, 3] 	 0.36879578
	 [255, 1024, 1, 1] 	 -7.1247964
	 [255] 	 -0.03970857
0
9
15
80671 0.03341826 0.023285646 0.031713642 0.088417545
	 [32, 3, 3, 3] 	 1.1616673
	 [255, 1024, 1, 1] 	 3.2849944
	 [255] 	 0.008296778
6
15
21
80949 0.031475957 0.03863997 0.12001963 0.19013555
	 [32, 3, 3, 3] 	 -3.5847437
	 [255, 1024, 1, 1] 	 -2.5751297
	 [255] 	 0.005025663
0
3
24
83658 0.01730804 0.025828838 0.07411401 0.11725089
	 [32, 3, 3, 3] 	 -1.5000334
	 [255, 1024, 1, 1] 	 -1.8222944
	 [255] 	 -0.025325498
0
0
9
85292 0.008267716 0.017042458 0.016085733 0.041395906
	 [32, 3, 3, 3] 	 -0.34683874
	 [255, 1024, 1, 1] 	 -3.9986296
	 [255] 	 -0.012264897
102
48
9
8775 0.058382887 0.06631959 0.028446626 0.15314911
	 [32, 3, 3, 3] 	 0.94195783
	 [255, 1024, 1, 1] 	 1.5868157
	 [255] 	 0.04665996
0
9
27
92768 0.012798301 0.026937194 0.024065772 0.063801266
	 [32, 3, 3, 3] 	 1.217529
	 [255, 1024, 1, 1] 	 0.593367
	 [255] 	 -0.029541787
24
51
27
93140 0.024782378 0.06449935 0.050830558 0.14011228
	 [32, 3, 3, 3] 	 1.0265344
	 [255, 1024, 1, 1] 	 -6.8683915
	 [255] 	 -0.00035864115
6
18
12
96625 0.03228977 0.01902024 0.027896376 0.079206385
	 [32, 3, 3, 3] 	 -6.527884
	 [255, 1024, 1, 1] 	 2.0620737
	 [255] 	 0.01959302
Optimizer stripped from runs/train/exp40/weights/last.pt, 212.2MB
Optimizer stripped from runs/train/exp40/weights/best.pt, 212.2MB
